Change Component Designator: OldDesignator=Db1 NewDesignator=Db0
Change Component Designator: OldDesignator=Db2 NewDesignator=Db1
Change Component Designator: OldDesignator=Db3 NewDesignator=Db2
Change Component Designator: OldDesignator=Db4 NewDesignator=Db3
Change Component Designator: OldDesignator=Dt1 NewDesignator=Dt0
Change Component Designator: OldDesignator=Dt2 NewDesignator=Dt1
Change Component Designator: OldDesignator=Dt3 NewDesignator=Dt2
Change Component Designator: OldDesignator=Dt4 NewDesignator=Dt3
Change Component Designator: OldDesignator=LD1 NewDesignator=LD0
Change Component Designator: OldDesignator=LD2 NewDesignator=LD1
Change Component Designator: OldDesignator=LD3 NewDesignator=LD2
Change Component Designator: OldDesignator=LD4 NewDesignator=LD3
Change Net Name : Old Net Name=NetDb1_2 New Net Name=NetDb0_2
Change Net Name : Old Net Name=NetDb2_2 New Net Name=NetDb1_2
Change Net Name : Old Net Name=NetDb3_2 New Net Name=NetDb2_2
Change Net Name : Old Net Name=NetDb4_2 New Net Name=NetDb3_2
Change Net Name : Old Net Name=NetDt1_2 New Net Name=NetDt0_2
Change Net Name : Old Net Name=NetDt2_2 New Net Name=NetDt1_2
Change Net Name : Old Net Name=NetDt3_2 New Net Name=NetDt2_2
Change Net Name : Old Net Name=NetDt4_2 New Net Name=NetDt3_2
Change Net Name : Old Net Name=NetLD1_2 New Net Name=NetLD0_2
Change Net Name : Old Net Name=NetLD2_2 New Net Name=NetLD1_2
Change Net Name : Old Net Name=NetLD3_2 New Net Name=NetLD2_2
Change Net Name : Old Net Name=NetLD4_2 New Net Name=NetLD3_2
