Removed Pin From Net: NetName=RDb2 Pin=K4-2
Removed Pin From Net: NetName=r0r1RDb2 Pin=K4-3
Removed Pin From Net: NetName=r2r3RDb2 Pin=K4-4
Removed Pin From Net: NetName=r2r3RDb3 Pin=K4-5
Removed Pin From Net: NetName=r0r1RDb3 Pin=K4-6
Removed Pin From Net: NetName=RDb3 Pin=K4-7
Removed Pin From Net: NetName=RDt2 Pin=K10-2
Removed Pin From Net: NetName=r0r1RDt2 Pin=K10-3
Removed Pin From Net: NetName=r2r3RDt2 Pin=K10-4
Removed Pin From Net: NetName=r2r3RDt3 Pin=K10-5
Removed Pin From Net: NetName=r0r1RDt3 Pin=K10-6
Removed Pin From Net: NetName=RDt3 Pin=K10-7
Added Pin To Net: NetName=RDb3 Pin=K4-2
Added Pin To Net: NetName=r0r1RDb3 Pin=K4-3
Added Pin To Net: NetName=r2r3RDb3 Pin=K4-4
Added Pin To Net: NetName=r2r3RDb2 Pin=K4-5
Added Pin To Net: NetName=r0r1RDb2 Pin=K4-6
Added Pin To Net: NetName=RDb2 Pin=K4-7
Added Pin To Net: NetName=RDt3 Pin=K10-2
Added Pin To Net: NetName=r0r1RDt3 Pin=K10-3
Added Pin To Net: NetName=r2r3RDt3 Pin=K10-4
Added Pin To Net: NetName=r2r3RDt2 Pin=K10-5
Added Pin To Net: NetName=r0r1RDt2 Pin=K10-6
Added Pin To Net: NetName=RDt2 Pin=K10-7
