Reset Component Physical Designator: Old Designator=D1 New Designator=D?
Reset Component Physical Designator: Old Designator=D2 New Designator=D?
Reset Component Physical Designator: Old Designator=D3 New Designator=D_U_4bitMux21
Reset Component Physical Designator: Old Designator=D4 New Designator=D_U_4bitMux21
Reset Component Physical Designator: Old Designator=D5 New Designator=D_U_4bitMux22
Reset Component Physical Designator: Old Designator=D6 New Designator=D_U_4bitMux22
Reset Component Physical Designator: Old Designator=D7 New Designator=D_U_4bitMux23
Reset Component Physical Designator: Old Designator=D8 New Designator=D_U_4bitMux23
Reset Component Physical Designator: Old Designator=D9 New Designator=D_U_4bitMux24
Reset Component Physical Designator: Old Designator=D10 New Designator=D_U_4bitMux24
Reset Component Physical Designator: Old Designator=D11 New Designator=D_U_4bitMux25
Reset Component Physical Designator: Old Designator=D12 New Designator=D_U_4bitMux25
Reset Component Physical Designator: Old Designator=D13 New Designator=D_U_4bitMux26
Reset Component Physical Designator: Old Designator=D14 New Designator=D_U_4bitMux26
Reset Component Physical Designator: Old Designator=J1 New Designator=REG?
Reset Component Physical Designator: Old Designator=J2 New Designator=REG?
Reset Component Physical Designator: Old Designator=J3 New Designator=REG?
Reset Component Physical Designator: Old Designator=J4 New Designator=REG?
Reset Component Physical Designator: Old Designator=J5 New Designator=WD?
Reset Component Physical Designator: Old Designator=J6 New Designator=RD?
Reset Component Physical Designator: Old Designator=K1 New Designator=K?
Reset Component Physical Designator: Old Designator=K2 New Designator=K?
Reset Component Physical Designator: Old Designator=K3 New Designator=K_U_4bitMux21
Reset Component Physical Designator: Old Designator=K4 New Designator=K_U_4bitMux21
Reset Component Physical Designator: Old Designator=K5 New Designator=K_U_4bitMux22
Reset Component Physical Designator: Old Designator=K6 New Designator=K_U_4bitMux22
Reset Component Physical Designator: Old Designator=K7 New Designator=K_U_4bitMux23
Reset Component Physical Designator: Old Designator=K8 New Designator=K_U_4bitMux23
Reset Component Physical Designator: Old Designator=K9 New Designator=K_U_4bitMux24
Reset Component Physical Designator: Old Designator=K10 New Designator=K_U_4bitMux24
Reset Component Physical Designator: Old Designator=K11 New Designator=K_U_4bitMux25
Reset Component Physical Designator: Old Designator=K12 New Designator=K_U_4bitMux25
Reset Component Physical Designator: Old Designator=K13 New Designator=K_U_4bitMux26
Reset Component Physical Designator: Old Designator=K14 New Designator=K_U_4bitMux26
