Removed Member From Class: ClassName=U_4bitMux23 Member=D_U_4bitMux21
Removed Member From Class: ClassName=U_4bitMux24 Member=D_U_4bitMux21
Removed Member From Class: ClassName=U_4bitMux26 Member=D_U_4bitMux21
Removed Member From Class: ClassName=U_4bitMux27 Member=D_U_4bitMux21
Removed Member From Class: ClassName=U_4bitMux25 Member=D_U_4bitMux22
Removed Member From Class: ClassName=U_4bitMux21 Member=D_U_4bitMux24
Removed Member From Class: ClassName=U_4bitMux28 Member=D_U_4bitMux27
Change Component Designator: OldDesignator=D_U_4bitMux21 NewDesignator=D1
Change Component Designator: OldDesignator=D_U_4bitMux21 NewDesignator=D2
Change Component Designator: OldDesignator=D_U_4bitMux22 NewDesignator=D3
Change Component Designator: OldDesignator=D_U_4bitMux22 NewDesignator=D4
Change Component Designator: OldDesignator=D_U_4bitMux23 NewDesignator=D5
Change Component Designator: OldDesignator=D_U_4bitMux23 NewDesignator=D6
Change Component Designator: OldDesignator=D_U_4bitMux24 NewDesignator=D7
Change Component Designator: OldDesignator=D_U_4bitMux24 NewDesignator=D8
Change Component Designator: OldDesignator=D_U_4bitMux25 NewDesignator=D9
Change Component Designator: OldDesignator=D_U_4bitMux25 NewDesignator=D10
Change Component Designator: OldDesignator=D_U_4bitMux26 NewDesignator=D11
Change Component Designator: OldDesignator=D_U_4bitMux26 NewDesignator=D12
Change Component Designator: OldDesignator=D_U_4bitMux27 NewDesignator=D13
Change Component Designator: OldDesignator=D_U_4bitMux27 NewDesignator=D14
Change Component Designator: OldDesignator=D_U_4bitMux28 NewDesignator=D15
Change Component Designator: OldDesignator=D_U_4bitMux28 NewDesignator=D16
Change Component Designator: OldDesignator=J? NewDesignator=J1
Change Component Designator: OldDesignator=J? NewDesignator=J2
Change Component Designator: OldDesignator=J? NewDesignator=J3
Change Component Designator: OldDesignator=J? NewDesignator=J4
Change Component Designator: OldDesignator=J? NewDesignator=J5
Change Component Designator: OldDesignator=J? NewDesignator=J6
Change Component Designator: OldDesignator=J? NewDesignator=J7
Change Component Designator: OldDesignator=J? NewDesignator=J8
Change Component Designator: OldDesignator=J? NewDesignator=J9
Change Component Designator: OldDesignator=J? NewDesignator=J10
Change Component Designator: OldDesignator=J? NewDesignator=J11
Change Component Designator: OldDesignator=J? NewDesignator=J12
Change Component Designator: OldDesignator=J? NewDesignator=J13
Change Component Designator: OldDesignator=J? NewDesignator=J14
Change Component Designator: OldDesignator=K_U_4bitMux21 NewDesignator=K1
Change Component Designator: OldDesignator=K_U_4bitMux21 NewDesignator=K2
Change Component Designator: OldDesignator=K_U_4bitMux22 NewDesignator=K3
Change Component Designator: OldDesignator=K_U_4bitMux22 NewDesignator=K4
Change Component Designator: OldDesignator=K_U_4bitMux23 NewDesignator=K5
Change Component Designator: OldDesignator=K_U_4bitMux23 NewDesignator=K6
Change Component Designator: OldDesignator=K_U_4bitMux24 NewDesignator=K7
Change Component Designator: OldDesignator=K_U_4bitMux24 NewDesignator=K8
Change Component Designator: OldDesignator=K_U_4bitMux25 NewDesignator=K9
Change Component Designator: OldDesignator=K_U_4bitMux25 NewDesignator=K10
Change Component Designator: OldDesignator=K_U_4bitMux26 NewDesignator=K11
Change Component Designator: OldDesignator=K_U_4bitMux26 NewDesignator=K12
Change Component Designator: OldDesignator=K_U_4bitMux27 NewDesignator=K13
Change Component Designator: OldDesignator=K_U_4bitMux27 NewDesignator=K14
Change Component Designator: OldDesignator=K_U_4bitMux28 NewDesignator=K15
Change Component Designator: OldDesignator=K_U_4bitMux28 NewDesignator=K16
Added Member To Class: ClassName=U_4bitMux21 Member=Component D1 (D) SMAJ24A
Added Member To Class: ClassName=U_4bitMux21 Member=Component D2 (D) SMAJ24A
Added Member To Class: ClassName=U_4bitMux22 Member=Component D3 (D) SMAJ24A
Added Member To Class: ClassName=U_4bitMux23 Member=Component D5 (D) SMAJ24A
Added Member To Class: ClassName=U_4bitMux23 Member=Component D6 (D) SMAJ24A
Added Member To Class: ClassName=U_4bitMux24 Member=Component D7 (D) SMAJ24A
Added Member To Class: ClassName=U_4bitMux24 Member=Component D8 (D) SMAJ24A
Added Member To Class: ClassName=U_4bitMux25 Member=Component D9 (D) SMAJ24A
Added Member To Class: ClassName=U_4bitMux25 Member=Component D10 (D) SMAJ24A
Added Member To Class: ClassName=U_4bitMux26 Member=Component D11 (D) SMAJ24A
Added Member To Class: ClassName=U_4bitMux26 Member=Component D12 (D) SMAJ24A
Added Member To Class: ClassName=U_4bitMux27 Member=Component D13 (D) SMAJ24A
Added Member To Class: ClassName=U_4bitMux27 Member=Component D14 (D) SMAJ24A
Added Member To Class: ClassName=U_4bitMux28 Member=Component D15 (D) SMAJ24A
Added Member To Class: ClassName=U_4bitMux28 Member=Component D16 (D) SMAJ24A
Added Member To Class: ClassName=RAM1_top Member=Component J1 Con 2.54mm 10x2pos
Added Member To Class: ClassName=RAM1_top Member=Component J2 Con 2.54mm 10x2pos
Added Member To Class: ClassName=RAM1_top Member=Component J3 Con 2.54mm 10x2pos
Added Member To Class: ClassName=RAM1_top Member=Component J4 Con 2.54mm 10x2pos
Added Member To Class: ClassName=RAM1_top Member=Component J5 Con 2.54mm 10x2pos
Added Member To Class: ClassName=RAM1_top Member=Component J6 Con 2.54mm 10x2pos
Added Member To Class: ClassName=RAM1_top Member=Component J7 Con 2.54mm 10x2pos
Added Member To Class: ClassName=RAM1_top Member=Component J8 Con 2.54mm 10x2pos
Added Member To Class: ClassName=RAM1_top Member=Component J9 Con 2.54mm 10x2pos
Added Member To Class: ClassName=RAM1_top Member=Component J11 Con 2.54mm 10x2pos
Added Member To Class: ClassName=RAM1_top Member=Component J12 Con 2.54mm 10x2pos
Added Member To Class: ClassName=RAM1_top Member=Component J13 Con 2.54mm 10x2pos
Added Member To Class: ClassName=RAM1_top Member=Component J14 Con 2.54mm 10x2pos
Added Member To Class: ClassName=U_4bitMux21 Member=Component K1 (K) J104D2C24VDC.15S
Added Member To Class: ClassName=U_4bitMux22 Member=Component K3 (K) J104D2C24VDC.15S
Added Member To Class: ClassName=U_4bitMux23 Member=Component K6 (K) J104D2C24VDC.15S
Added Member To Class: ClassName=U_4bitMux24 Member=Component K8 (K) J104D2C24VDC.15S
Added Member To Class: ClassName=U_4bitMux25 Member=Component K9 (K) J104D2C24VDC.15S
Added Member To Class: ClassName=U_4bitMux26 Member=Component K11 (K) J104D2C24VDC.15S
Added Member To Class: ClassName=U_4bitMux27 Member=Component K14 (K) J104D2C24VDC.15S
Added Member To Class: ClassName=U_4bitMux28 Member=Component K16 (K) J104D2C24VDC.15S
Added Room: Name=U_4bitMux21
Added Room: Name=U_4bitMux22
Added Room: Name=U_4bitMux23
Added Room: Name=U_4bitMux24
Added Room: Name=U_4bitMux25
Added Room: Name=U_4bitMux26
Added Room: Name=U_4bitMux27
Added Room: Name=U_4bitMux28
