Removed Pin From Net: NetName=GND Pin=D?_U_FlipFlop2-2
Removed Pin From Net: NetName=GND Pin=D?_U_FlipFlop2-2
Removed Pin From Net: NetName=GND Pin=D?_U_FlipFlop2-2
Removed Pin From Net: NetName=GND Pin=D?_U_FlipFlop2-2
Removed Pin From Net: NetName=GND Pin=D?_U_FlipFlop2-2
Removed Pin From Net: NetName=GND Pin=D?_U_FlipFlop2-2
Removed Pin From Net: NetName=GND Pin=D?_U_FlipFlop2-2
Removed Pin From Net: NetName=GND Pin=D?_U_FlipFlop4-2
Removed Pin From Net: NetName=GND Pin=D?_U_FlipFlop4-2
Removed Pin From Net: NetName=GND Pin=D?_U_FlipFlop4-2
Removed Pin From Net: NetName=GND Pin=D?_U_FlipFlop4-2
Removed Pin From Net: NetName=GND Pin=D?_U_FlipFlop4-2
Removed Pin From Net: NetName=GND Pin=D?_U_FlipFlop4-2
Removed Pin From Net: NetName=GND Pin=D?_U_FlipFlop4-2
Removed Pin From Net: NetName=GND Pin=D?_U_FlipFlop6-2
Removed Pin From Net: NetName=GND Pin=D?_U_FlipFlop6-2
Removed Pin From Net: NetName=GND Pin=D?_U_FlipFlop6-2
Removed Pin From Net: NetName=GND Pin=D?_U_FlipFlop6-2
Removed Pin From Net: NetName=GND Pin=D?_U_FlipFlop6-2
Removed Pin From Net: NetName=GND Pin=D?_U_FlipFlop6-2
Removed Pin From Net: NetName=GND Pin=D?_U_FlipFlop6-2
Removed Pin From Net: NetName=GND Pin=D?_U_FlipFlop8-2
Removed Pin From Net: NetName=GND Pin=D?_U_FlipFlop8-2
Removed Pin From Net: NetName=GND Pin=D?_U_FlipFlop8-2
Removed Pin From Net: NetName=GND Pin=D?_U_FlipFlop8-2
Removed Pin From Net: NetName=GND Pin=D?_U_FlipFlop8-2
Removed Pin From Net: NetName=GND Pin=D?_U_FlipFlop8-2
Removed Pin From Net: NetName=GND Pin=D?_U_FlipFlop8-2
Removed Pin From Net: NetName=GND Pin=K?_U_FlipFlop2-3
Removed Pin From Net: NetName=GND Pin=K?_U_FlipFlop2-3
Removed Pin From Net: NetName=+24V Pin=K?_U_FlipFlop2-4
Removed Pin From Net: NetName=+24V Pin=K?_U_FlipFlop2-4
Removed Pin From Net: NetName=GND Pin=K?_U_FlipFlop2-4
Removed Pin From Net: NetName=GND Pin=K?_U_FlipFlop2-4
Removed Pin From Net: NetName=+24V Pin=K?_U_FlipFlop2-5
Removed Pin From Net: NetName=GND Pin=K?_U_FlipFlop2-5
Removed Pin From Net: NetName=GND Pin=K?_U_FlipFlop2-8
Removed Pin From Net: NetName=GND Pin=K?_U_FlipFlop2-8
Removed Pin From Net: NetName=GND Pin=K?_U_FlipFlop2-8
Removed Pin From Net: NetName=GND Pin=K?_U_FlipFlop2-8
Removed Pin From Net: NetName=GND Pin=K?_U_FlipFlop2-8
Removed Pin From Net: NetName=GND Pin=K?_U_FlipFlop2-8
Removed Pin From Net: NetName=GND Pin=K?_U_FlipFlop2-8
Removed Pin From Net: NetName=GND Pin=K?_U_FlipFlop4-3
Removed Pin From Net: NetName=GND Pin=K?_U_FlipFlop4-3
Removed Pin From Net: NetName=+24V Pin=K?_U_FlipFlop4-4
Removed Pin From Net: NetName=+24V Pin=K?_U_FlipFlop4-4
Removed Pin From Net: NetName=GND Pin=K?_U_FlipFlop4-4
Removed Pin From Net: NetName=GND Pin=K?_U_FlipFlop4-4
Removed Pin From Net: NetName=+24V Pin=K?_U_FlipFlop4-5
Removed Pin From Net: NetName=GND Pin=K?_U_FlipFlop4-5
Removed Pin From Net: NetName=GND Pin=K?_U_FlipFlop4-8
Removed Pin From Net: NetName=GND Pin=K?_U_FlipFlop4-8
Removed Pin From Net: NetName=GND Pin=K?_U_FlipFlop4-8
Removed Pin From Net: NetName=GND Pin=K?_U_FlipFlop4-8
Removed Pin From Net: NetName=GND Pin=K?_U_FlipFlop4-8
Removed Pin From Net: NetName=GND Pin=K?_U_FlipFlop4-8
Removed Pin From Net: NetName=GND Pin=K?_U_FlipFlop4-8
Removed Pin From Net: NetName=GND Pin=K?_U_FlipFlop6-3
Removed Pin From Net: NetName=GND Pin=K?_U_FlipFlop6-3
Removed Pin From Net: NetName=+24V Pin=K?_U_FlipFlop6-4
Removed Pin From Net: NetName=+24V Pin=K?_U_FlipFlop6-4
Removed Pin From Net: NetName=GND Pin=K?_U_FlipFlop6-4
Removed Pin From Net: NetName=GND Pin=K?_U_FlipFlop6-4
Removed Pin From Net: NetName=+24V Pin=K?_U_FlipFlop6-5
Removed Pin From Net: NetName=GND Pin=K?_U_FlipFlop6-5
Removed Pin From Net: NetName=GND Pin=K?_U_FlipFlop6-8
Removed Pin From Net: NetName=GND Pin=K?_U_FlipFlop6-8
Removed Pin From Net: NetName=GND Pin=K?_U_FlipFlop6-8
Removed Pin From Net: NetName=GND Pin=K?_U_FlipFlop6-8
Removed Pin From Net: NetName=GND Pin=K?_U_FlipFlop6-8
Removed Pin From Net: NetName=GND Pin=K?_U_FlipFlop6-8
Removed Pin From Net: NetName=GND Pin=K?_U_FlipFlop6-8
Removed Pin From Net: NetName=GND Pin=K?_U_FlipFlop8-3
Removed Pin From Net: NetName=GND Pin=K?_U_FlipFlop8-3
Removed Pin From Net: NetName=+24V Pin=K?_U_FlipFlop8-4
Removed Pin From Net: NetName=+24V Pin=K?_U_FlipFlop8-4
Removed Pin From Net: NetName=GND Pin=K?_U_FlipFlop8-4
Removed Pin From Net: NetName=GND Pin=K?_U_FlipFlop8-4
Removed Pin From Net: NetName=+24V Pin=K?_U_FlipFlop8-5
Removed Pin From Net: NetName=GND Pin=K?_U_FlipFlop8-5
Removed Pin From Net: NetName=GND Pin=K?_U_FlipFlop8-8
Removed Pin From Net: NetName=GND Pin=K?_U_FlipFlop8-8
Removed Pin From Net: NetName=GND Pin=K?_U_FlipFlop8-8
Removed Pin From Net: NetName=GND Pin=K?_U_FlipFlop8-8
Removed Pin From Net: NetName=GND Pin=K?_U_FlipFlop8-8
Removed Pin From Net: NetName=GND Pin=K?_U_FlipFlop8-8
Removed Pin From Net: NetName=GND Pin=K?_U_FlipFlop8-8
Removed Member From Class: ClassName=FlipFlop Member=U_FlipFlop5
Removed Member From Class: ClassName=FlipFlop Member=U_FlipFlop6
Removed Member From Class: ClassName=FlipFlop Member=U_FlipFlop7
Removed Member From Class: ClassName=FlipFlop Member=U_FlipFlop8
Change Component Designator: OldDesignator=D?_U_FlipFlop3 NewDesignator=D?_U_FlipFlop2
Change Component Designator: OldDesignator=D?_U_FlipFlop3 NewDesignator=D?_U_FlipFlop2
Change Component Designator: OldDesignator=D?_U_FlipFlop3 NewDesignator=D?_U_FlipFlop2
Change Component Designator: OldDesignator=D?_U_FlipFlop3 NewDesignator=D?_U_FlipFlop2
Change Component Designator: OldDesignator=D?_U_FlipFlop3 NewDesignator=D?_U_FlipFlop2
Change Component Designator: OldDesignator=D?_U_FlipFlop3 NewDesignator=D?_U_FlipFlop2
Change Component Designator: OldDesignator=D?_U_FlipFlop3 NewDesignator=D?_U_FlipFlop2
Change Component Designator: OldDesignator=D?_U_FlipFlop5 NewDesignator=D?_U_FlipFlop3
Change Component Designator: OldDesignator=D?_U_FlipFlop5 NewDesignator=D?_U_FlipFlop3
Change Component Designator: OldDesignator=D?_U_FlipFlop5 NewDesignator=D?_U_FlipFlop3
Change Component Designator: OldDesignator=D?_U_FlipFlop5 NewDesignator=D?_U_FlipFlop3
Change Component Designator: OldDesignator=D?_U_FlipFlop5 NewDesignator=D?_U_FlipFlop3
Change Component Designator: OldDesignator=D?_U_FlipFlop5 NewDesignator=D?_U_FlipFlop3
Change Component Designator: OldDesignator=D?_U_FlipFlop5 NewDesignator=D?_U_FlipFlop3
Change Component Designator: OldDesignator=D?_U_FlipFlop7 NewDesignator=D?_U_FlipFlop4
Change Component Designator: OldDesignator=D?_U_FlipFlop7 NewDesignator=D?_U_FlipFlop4
Change Component Designator: OldDesignator=D?_U_FlipFlop7 NewDesignator=D?_U_FlipFlop4
Change Component Designator: OldDesignator=D?_U_FlipFlop7 NewDesignator=D?_U_FlipFlop4
Change Component Designator: OldDesignator=D?_U_FlipFlop7 NewDesignator=D?_U_FlipFlop4
Change Component Designator: OldDesignator=D?_U_FlipFlop7 NewDesignator=D?_U_FlipFlop4
Change Component Designator: OldDesignator=D?_U_FlipFlop7 NewDesignator=D?_U_FlipFlop4
Change Component Designator: OldDesignator=K?_U_FlipFlop3 NewDesignator=K?_U_FlipFlop2
Change Component Designator: OldDesignator=K?_U_FlipFlop3 NewDesignator=K?_U_FlipFlop2
Change Component Designator: OldDesignator=K?_U_FlipFlop3 NewDesignator=K?_U_FlipFlop2
Change Component Designator: OldDesignator=K?_U_FlipFlop3 NewDesignator=K?_U_FlipFlop2
Change Component Designator: OldDesignator=K?_U_FlipFlop3 NewDesignator=K?_U_FlipFlop2
Change Component Designator: OldDesignator=K?_U_FlipFlop3 NewDesignator=K?_U_FlipFlop2
Change Component Designator: OldDesignator=K?_U_FlipFlop3 NewDesignator=K?_U_FlipFlop2
Change Component Designator: OldDesignator=K?_U_FlipFlop5 NewDesignator=K?_U_FlipFlop3
Change Component Designator: OldDesignator=K?_U_FlipFlop5 NewDesignator=K?_U_FlipFlop3
Change Component Designator: OldDesignator=K?_U_FlipFlop5 NewDesignator=K?_U_FlipFlop3
Change Component Designator: OldDesignator=K?_U_FlipFlop5 NewDesignator=K?_U_FlipFlop3
Change Component Designator: OldDesignator=K?_U_FlipFlop5 NewDesignator=K?_U_FlipFlop3
Change Component Designator: OldDesignator=K?_U_FlipFlop5 NewDesignator=K?_U_FlipFlop3
Change Component Designator: OldDesignator=K?_U_FlipFlop5 NewDesignator=K?_U_FlipFlop3
Change Component Designator: OldDesignator=K?_U_FlipFlop7 NewDesignator=K?_U_FlipFlop4
Change Component Designator: OldDesignator=K?_U_FlipFlop7 NewDesignator=K?_U_FlipFlop4
Change Component Designator: OldDesignator=K?_U_FlipFlop7 NewDesignator=K?_U_FlipFlop4
Change Component Designator: OldDesignator=K?_U_FlipFlop7 NewDesignator=K?_U_FlipFlop4
Change Component Designator: OldDesignator=K?_U_FlipFlop7 NewDesignator=K?_U_FlipFlop4
Change Component Designator: OldDesignator=K?_U_FlipFlop7 NewDesignator=K?_U_FlipFlop4
Change Component Designator: OldDesignator=K?_U_FlipFlop7 NewDesignator=K?_U_FlipFlop4
Change Net Name : Old Net Name=CLK_U_FlipFlop3 New Net Name=CLK_U_FlipFlop2
Change Net Name : Old Net Name=CLK_U_FlipFlop5 New Net Name=CLK_U_FlipFlop3
Change Net Name : Old Net Name=CLK_U_FlipFlop7 New Net Name=CLK_U_FlipFlop4
Change Net Name : Old Net Name=D_U_FlipFlop3 New Net Name=D_U_FlipFlop2
Change Net Name : Old Net Name=D_U_FlipFlop5 New Net Name=D_U_FlipFlop3
Change Net Name : Old Net Name=D_U_FlipFlop7 New Net Name=D_U_FlipFlop4
Change Net Name : Old Net Name=L1_AndTop_U_FlipFlop3 New Net Name=L1_AndTop_U_FlipFlop2
Change Net Name : Old Net Name=L1_AndTop_U_FlipFlop5 New Net Name=L1_AndTop_U_FlipFlop3
Change Net Name : Old Net Name=L1_AndTop_U_FlipFlop7 New Net Name=L1_AndTop_U_FlipFlop4
Change Net Name : Old Net Name=L1_OrBot_U_FlipFlop3 New Net Name=L1_OrBot_U_FlipFlop2
Change Net Name : Old Net Name=L1_OrBot_U_FlipFlop5 New Net Name=L1_OrBot_U_FlipFlop3
Change Net Name : Old Net Name=L1_OrBot_U_FlipFlop7 New Net Name=L1_OrBot_U_FlipFlop4
Change Net Name : Old Net Name=L1_SRBack_U_FlipFlop3 New Net Name=L1_SRBack_U_FlipFlop2
Change Net Name : Old Net Name=L1_SRBack_U_FlipFlop5 New Net Name=L1_SRBack_U_FlipFlop3
Change Net Name : Old Net Name=L1_SRBack_U_FlipFlop7 New Net Name=L1_SRBack_U_FlipFlop4
Change Net Name : Old Net Name=L1_SROR_U_FlipFlop3 New Net Name=L1_SROR_U_FlipFlop2
Change Net Name : Old Net Name=L1_SROR_U_FlipFlop5 New Net Name=L1_SROR_U_FlipFlop3
Change Net Name : Old Net Name=L1_SROR_U_FlipFlop7 New Net Name=L1_SROR_U_FlipFlop4
Change Net Name : Old Net Name=L2_AndBot_U_FlipFlop3 New Net Name=L2_AndBot_U_FlipFlop2
Change Net Name : Old Net Name=L2_AndBot_U_FlipFlop5 New Net Name=L2_AndBot_U_FlipFlop3
Change Net Name : Old Net Name=L2_AndBot_U_FlipFlop7 New Net Name=L2_AndBot_U_FlipFlop4
Change Net Name : Old Net Name=L2_AndTop_U_FlipFlop3 New Net Name=L2_AndTop_U_FlipFlop2
Change Net Name : Old Net Name=L2_AndTop_U_FlipFlop5 New Net Name=L2_AndTop_U_FlipFlop3
Change Net Name : Old Net Name=L2_AndTop_U_FlipFlop7 New Net Name=L2_AndTop_U_FlipFlop4
Change Net Name : Old Net Name=L2_SRBack_U_FlipFlop3 New Net Name=L2_SRBack_U_FlipFlop2
Change Net Name : Old Net Name=L2_SRBack_U_FlipFlop5 New Net Name=L2_SRBack_U_FlipFlop3
Change Net Name : Old Net Name=L2_SRBack_U_FlipFlop7 New Net Name=L2_SRBack_U_FlipFlop4
Change Net Name : Old Net Name=L2_SROR_U_FlipFlop3 New Net Name=L2_SROR_U_FlipFlop2
Change Net Name : Old Net Name=L2_SROR_U_FlipFlop5 New Net Name=L2_SROR_U_FlipFlop3
Change Net Name : Old Net Name=L2_SROR_U_FlipFlop7 New Net Name=L2_SROR_U_FlipFlop4
Change Net Name : Old Net Name=NetD?_U_FlipFlop3_1 New Net Name=NetD?_U_FlipFlop2_1
Change Net Name : Old Net Name=NetD?_U_FlipFlop5_1 New Net Name=NetD?_U_FlipFlop3_1
Change Net Name : Old Net Name=NetD?_U_FlipFlop7_1 New Net Name=NetD?_U_FlipFlop4_1
Change Net Name : Old Net Name=NetK?_U_FlipFlop3_4 New Net Name=NetK?_U_FlipFlop2_4
Change Net Name : Old Net Name=NetK?_U_FlipFlop5_4 New Net Name=NetK?_U_FlipFlop3_4
Change Net Name : Old Net Name=NetK?_U_FlipFlop7_4 New Net Name=NetK?_U_FlipFlop4_4
Added Member To Class: ClassName=U_FlipFlop1 Member=Component D?_U_FlipFlop1 (D?) SMAJ24A
Added Member To Class: ClassName=U_FlipFlop1 Member=Component D?_U_FlipFlop1 (D?) SMAJ24A
Added Member To Class: ClassName=U_FlipFlop1 Member=Component D?_U_FlipFlop1 (D?) SMAJ24A
Added Member To Class: ClassName=U_FlipFlop1 Member=Component D?_U_FlipFlop1 (D?) SMAJ24A
Added Member To Class: ClassName=U_FlipFlop1 Member=Component D?_U_FlipFlop1 (D?) SMAJ24A
Added Member To Class: ClassName=U_FlipFlop1 Member=Component D?_U_FlipFlop1 (D?) SMAJ24A
Added Member To Class: ClassName=U_FlipFlop2 Member=Component D?_U_FlipFlop2 (D?) SMAJ24A
Added Member To Class: ClassName=U_FlipFlop2 Member=Component D?_U_FlipFlop2 (D?) SMAJ24A
Added Member To Class: ClassName=U_FlipFlop2 Member=Component D?_U_FlipFlop2 (D?) SMAJ24A
Added Member To Class: ClassName=U_FlipFlop2 Member=Component D?_U_FlipFlop2 (D?) SMAJ24A
Added Member To Class: ClassName=U_FlipFlop2 Member=Component D?_U_FlipFlop2 (D?) SMAJ24A
Added Member To Class: ClassName=U_FlipFlop2 Member=Component D?_U_FlipFlop2 (D?) SMAJ24A
Added Member To Class: ClassName=U_FlipFlop3 Member=Component D?_U_FlipFlop3 (D?) SMAJ24A
Added Member To Class: ClassName=U_FlipFlop3 Member=Component D?_U_FlipFlop3 (D?) SMAJ24A
Added Member To Class: ClassName=U_FlipFlop3 Member=Component D?_U_FlipFlop3 (D?) SMAJ24A
Added Member To Class: ClassName=U_FlipFlop3 Member=Component D?_U_FlipFlop3 (D?) SMAJ24A
Added Member To Class: ClassName=U_FlipFlop3 Member=Component D?_U_FlipFlop3 (D?) SMAJ24A
Added Member To Class: ClassName=U_FlipFlop3 Member=Component D?_U_FlipFlop3 (D?) SMAJ24A
Added Member To Class: ClassName=U_FlipFlop4 Member=Component D?_U_FlipFlop4 (D?) SMAJ24A
Added Member To Class: ClassName=U_FlipFlop4 Member=Component D?_U_FlipFlop4 (D?) SMAJ24A
Added Member To Class: ClassName=U_FlipFlop4 Member=Component D?_U_FlipFlop4 (D?) SMAJ24A
Added Member To Class: ClassName=U_FlipFlop4 Member=Component D?_U_FlipFlop4 (D?) SMAJ24A
Added Member To Class: ClassName=U_FlipFlop4 Member=Component D?_U_FlipFlop4 (D?) SMAJ24A
Added Member To Class: ClassName=U_FlipFlop4 Member=Component D?_U_FlipFlop4 (D?) SMAJ24A
Added Member To Class: ClassName=U_FlipFlop1 Member=Component K?_U_FlipFlop1 (K?) J104D2C24VDC.15S
Added Member To Class: ClassName=U_FlipFlop1 Member=Component K?_U_FlipFlop1 (K?) J104D2C24VDC.15S
Added Member To Class: ClassName=U_FlipFlop1 Member=Component K?_U_FlipFlop1 (K?) J104D2C24VDC.15S
Added Member To Class: ClassName=U_FlipFlop1 Member=Component K?_U_FlipFlop1 (K?) J104D2C24VDC.15S
Added Member To Class: ClassName=U_FlipFlop1 Member=Component K?_U_FlipFlop1 (K?) J104D2C24VDC.15S
Added Member To Class: ClassName=U_FlipFlop1 Member=Component K?_U_FlipFlop1 (K?) J104D2C24VDC.15S
Added Member To Class: ClassName=U_FlipFlop2 Member=Component K?_U_FlipFlop2 (K?) J104D2C24VDC.15S
Added Member To Class: ClassName=U_FlipFlop2 Member=Component K?_U_FlipFlop2 (K?) J104D2C24VDC.15S
Added Member To Class: ClassName=U_FlipFlop2 Member=Component K?_U_FlipFlop2 (K?) J104D2C24VDC.15S
Added Member To Class: ClassName=U_FlipFlop2 Member=Component K?_U_FlipFlop2 (K?) J104D2C24VDC.15S
Added Member To Class: ClassName=U_FlipFlop2 Member=Component K?_U_FlipFlop2 (K?) J104D2C24VDC.15S
Added Member To Class: ClassName=U_FlipFlop2 Member=Component K?_U_FlipFlop2 (K?) J104D2C24VDC.15S
Added Member To Class: ClassName=U_FlipFlop3 Member=Component K?_U_FlipFlop3 (K?) J104D2C24VDC.15S
Added Member To Class: ClassName=U_FlipFlop3 Member=Component K?_U_FlipFlop3 (K?) J104D2C24VDC.15S
Added Member To Class: ClassName=U_FlipFlop3 Member=Component K?_U_FlipFlop3 (K?) J104D2C24VDC.15S
Added Member To Class: ClassName=U_FlipFlop3 Member=Component K?_U_FlipFlop3 (K?) J104D2C24VDC.15S
Added Member To Class: ClassName=U_FlipFlop3 Member=Component K?_U_FlipFlop3 (K?) J104D2C24VDC.15S
Added Member To Class: ClassName=U_FlipFlop3 Member=Component K?_U_FlipFlop3 (K?) J104D2C24VDC.15S
Added Member To Class: ClassName=U_FlipFlop4 Member=Component K?_U_FlipFlop4 (K?) J104D2C24VDC.15S
Added Member To Class: ClassName=U_FlipFlop4 Member=Component K?_U_FlipFlop4 (K?) J104D2C24VDC.15S
Added Member To Class: ClassName=U_FlipFlop4 Member=Component K?_U_FlipFlop4 (K?) J104D2C24VDC.15S
Added Member To Class: ClassName=U_FlipFlop4 Member=Component K?_U_FlipFlop4 (K?) J104D2C24VDC.15S
Added Member To Class: ClassName=U_FlipFlop4 Member=Component K?_U_FlipFlop4 (K?) J104D2C24VDC.15S
Added Member To Class: ClassName=U_FlipFlop4 Member=Component K?_U_FlipFlop4 (K?) J104D2C24VDC.15S
