Add component: Footprint Not Found DI SMAJ24A
Add component: Footprint Not Found DI SMAJ24A
Add component: Footprint Not Found DI SMAJ24A
Add component: Footprint Not Found DI SMAJ24A
Add component: Footprint Not Found DI SMAJ24A
Add component: Footprint Not Found DI SMAJ24A
Add component: Footprint Not Found DI SMAJ24A
Add component: Footprint Not Found DI SMAJ24A
Add component: Footprint Not Found DI SMAJ24A
Add component: Footprint Not Found DI SMAJ24A
Add component: Footprint Not Found DI SMAJ24A
Add component: Footprint Not Found DI SMAJ24A
Add component: Footprint Not Found DI SMAJ24A
Add component: Footprint Not Found DI SMAJ24A
Add component: Footprint Not Found DI SMAJ24A
Add component: Footprint Not Found DI SMAJ24A
Add component: Footprint Not Found Con 2.54mm 10x2pos
Add component: Footprint Not Found Con 2.54mm 10x2pos
Add component: Footprint Not Found Con 2.54mm 10x2pos
Add component: Footprint Not Found Con 2.54mm 10x2pos
Add component: Footprint Not Found Con 2.54mm 10x2pos
Add component: Footprint Not Found Con 2.54mm 10x2pos
Add component: Footprint Not Found Con 2.54mm 10x2pos
Add component: Footprint Not Found Con 2.54mm 10x2pos
Add component: Footprint Not Found Con 2.54mm 10x2pos
Add component: Footprint Not Found Con 2.54mm 10x2pos
Add component: Footprint Not Found Con 2.54mm 10x2pos
Add component: Footprint Not Found Relay J104D2C24VDC.15S
Add component: Footprint Not Found Relay J104D2C24VDC.15S
Add component: Footprint Not Found Relay J104D2C24VDC.15S
Add component: Footprint Not Found Relay J104D2C24VDC.15S
Add component: Footprint Not Found Relay J104D2C24VDC.15S
Add component: Footprint Not Found Relay J104D2C24VDC.15S
Add component: Footprint Not Found Relay J104D2C24VDC.15S
Add component: Footprint Not Found Relay J104D2C24VDC.15S
Add component: Footprint Not Found Relay J104D2C24VDC.15S
Add component: Footprint Not Found Relay J104D2C24VDC.15S
Add component: Footprint Not Found Relay J104D2C24VDC.15S
Add component: Footprint Not Found Relay J104D2C24VDC.15S
Add component: Footprint Not Found Relay J104D2C24VDC.15S
Add component: Footprint Not Found Relay J104D2C24VDC.15S
Add component: Footprint Not Found Relay J104D2C24VDC.15S
Add component: Footprint Not Found Relay J104D2C24VDC.15S
Add Pin To Net: Unknown Pin: Pin D_U_4bitMux21-2
Add Pin To Net: Unknown Pin: Pin D_U_4bitMux21-2
Add Pin To Net: Unknown Pin: Pin D_U_4bitMux22-2
Add Pin To Net: Unknown Pin: Pin D_U_4bitMux22-2
Add Pin To Net: Unknown Pin: Pin D_U_4bitMux23-2
Add Pin To Net: Unknown Pin: Pin D_U_4bitMux23-2
Add Pin To Net: Unknown Pin: Pin D_U_4bitMux24-2
Add Pin To Net: Unknown Pin: Pin D_U_4bitMux24-2
Add Pin To Net: Unknown Pin: Pin D_U_4bitMux25-2
Add Pin To Net: Unknown Pin: Pin D_U_4bitMux25-2
Add Pin To Net: Unknown Pin: Pin D_U_4bitMux26-2
Add Pin To Net: Unknown Pin: Pin D_U_4bitMux26-2
Add Pin To Net: Unknown Pin: Pin D_U_4bitMux27-2
Add Pin To Net: Unknown Pin: Pin D_U_4bitMux27-2
Add Pin To Net: Unknown Pin: Pin D_U_4bitMux28-2
Add Pin To Net: Unknown Pin: Pin D_U_4bitMux28-2
Add Pin To Net: Unknown Pin: Pin J?-1
Add Pin To Net: Unknown Pin: Pin J?-1
Add Pin To Net: Unknown Pin: Pin J?-1
Add Pin To Net: Unknown Pin: Pin J?-1
Add Pin To Net: Unknown Pin: Pin J?-1
Add Pin To Net: Unknown Pin: Pin J?-1
Add Pin To Net: Unknown Pin: Pin J?-1
Add Pin To Net: Unknown Pin: Pin J?-1
Add Pin To Net: Unknown Pin: Pin J?-1
Add Pin To Net: Unknown Pin: Pin J?-1
Add Pin To Net: Unknown Pin: Pin J?-1
Add Pin To Net: Unknown Pin: Pin J?-2
Add Pin To Net: Unknown Pin: Pin J?-2
Add Pin To Net: Unknown Pin: Pin J?-2
Add Pin To Net: Unknown Pin: Pin J?-2
Add Pin To Net: Unknown Pin: Pin J?-2
Add Pin To Net: Unknown Pin: Pin J?-2
Add Pin To Net: Unknown Pin: Pin J?-2
Add Pin To Net: Unknown Pin: Pin J?-2
Add Pin To Net: Unknown Pin: Pin J?-2
Add Pin To Net: Unknown Pin: Pin J?-2
Add Pin To Net: Unknown Pin: Pin J?-2
Add Pin To Net: Unknown Pin: Pin J?-3
Add Pin To Net: Unknown Pin: Pin J?-3
Add Pin To Net: Unknown Pin: Pin J?-3
Add Pin To Net: Unknown Pin: Pin J?-3
Add Pin To Net: Unknown Pin: Pin J?-3
Add Pin To Net: Unknown Pin: Pin J?-3
Add Pin To Net: Unknown Pin: Pin J?-3
Add Pin To Net: Unknown Pin: Pin J?-3
Add Pin To Net: Unknown Pin: Pin J?-3
Add Pin To Net: Unknown Pin: Pin J?-3
Add Pin To Net: Unknown Pin: Pin J?-3
Add Pin To Net: Unknown Pin: Pin J?-4
Add Pin To Net: Unknown Pin: Pin J?-4
Add Pin To Net: Unknown Pin: Pin J?-4
Add Pin To Net: Unknown Pin: Pin J?-4
Add Pin To Net: Unknown Pin: Pin J?-4
Add Pin To Net: Unknown Pin: Pin J?-4
Add Pin To Net: Unknown Pin: Pin J?-4
Add Pin To Net: Unknown Pin: Pin J?-4
Add Pin To Net: Unknown Pin: Pin J?-4
Add Pin To Net: Unknown Pin: Pin J?-4
Add Pin To Net: Unknown Pin: Pin J?-4
Add Pin To Net: Unknown Pin: Pin J?-17
Add Pin To Net: Unknown Pin: Pin J?-17
Add Pin To Net: Unknown Pin: Pin J?-17
Add Pin To Net: Unknown Pin: Pin J?-17
Add Pin To Net: Unknown Pin: Pin J?-17
Add Pin To Net: Unknown Pin: Pin J?-17
Add Pin To Net: Unknown Pin: Pin J?-17
Add Pin To Net: Unknown Pin: Pin J?-17
Add Pin To Net: Unknown Pin: Pin J?-17
Add Pin To Net: Unknown Pin: Pin J?-17
Add Pin To Net: Unknown Pin: Pin J?-17
Add Pin To Net: Unknown Pin: Pin J?-18
Add Pin To Net: Unknown Pin: Pin J?-18
Add Pin To Net: Unknown Pin: Pin J?-18
Add Pin To Net: Unknown Pin: Pin J?-18
Add Pin To Net: Unknown Pin: Pin J?-18
Add Pin To Net: Unknown Pin: Pin J?-18
Add Pin To Net: Unknown Pin: Pin J?-18
Add Pin To Net: Unknown Pin: Pin J?-18
Add Pin To Net: Unknown Pin: Pin J?-18
Add Pin To Net: Unknown Pin: Pin J?-18
Add Pin To Net: Unknown Pin: Pin J?-18
Add Pin To Net: Unknown Pin: Pin J?-19
Add Pin To Net: Unknown Pin: Pin J?-19
Add Pin To Net: Unknown Pin: Pin J?-19
Add Pin To Net: Unknown Pin: Pin J?-19
Add Pin To Net: Unknown Pin: Pin J?-19
Add Pin To Net: Unknown Pin: Pin J?-19
Add Pin To Net: Unknown Pin: Pin J?-19
Add Pin To Net: Unknown Pin: Pin J?-19
Add Pin To Net: Unknown Pin: Pin J?-19
Add Pin To Net: Unknown Pin: Pin J?-19
Add Pin To Net: Unknown Pin: Pin J?-19
Add Pin To Net: Unknown Pin: Pin J?-20
Add Pin To Net: Unknown Pin: Pin J?-20
Add Pin To Net: Unknown Pin: Pin J?-20
Add Pin To Net: Unknown Pin: Pin J?-20
Add Pin To Net: Unknown Pin: Pin J?-20
Add Pin To Net: Unknown Pin: Pin J?-20
Add Pin To Net: Unknown Pin: Pin J?-20
Add Pin To Net: Unknown Pin: Pin J?-20
Add Pin To Net: Unknown Pin: Pin J?-20
Add Pin To Net: Unknown Pin: Pin J?-20
Add Pin To Net: Unknown Pin: Pin J?-20
Add Pin To Net: Unknown Pin: Pin K_U_4bitMux21-8
Add Pin To Net: Unknown Pin: Pin K_U_4bitMux21-8
Add Pin To Net: Unknown Pin: Pin K_U_4bitMux22-8
Add Pin To Net: Unknown Pin: Pin K_U_4bitMux22-8
Add Pin To Net: Unknown Pin: Pin K_U_4bitMux23-8
Add Pin To Net: Unknown Pin: Pin K_U_4bitMux23-8
Add Pin To Net: Unknown Pin: Pin K_U_4bitMux24-8
Add Pin To Net: Unknown Pin: Pin K_U_4bitMux24-8
Add Pin To Net: Unknown Pin: Pin K_U_4bitMux25-8
Add Pin To Net: Unknown Pin: Pin K_U_4bitMux25-8
Add Pin To Net: Unknown Pin: Pin K_U_4bitMux26-8
Add Pin To Net: Unknown Pin: Pin K_U_4bitMux26-8
Add Pin To Net: Unknown Pin: Pin K_U_4bitMux27-8
Add Pin To Net: Unknown Pin: Pin K_U_4bitMux27-8
Add Pin To Net: Unknown Pin: Pin K_U_4bitMux28-8
Add Pin To Net: Unknown Pin: Pin K_U_4bitMux28-8
Added Net: Name=Ab0
Added Net: Name=Ab1
Added Net: Name=Ab2
Added Net: Name=Ab3
Added Net: Name=At0
Added Net: Name=At1
Added Net: Name=At2
Added Net: Name=At3
Added Net: Name=CLK
Added Net: Name=NetK_U_4bitMux27_2
Add Net: Net with name "NetK_U_4bitMux27_2" already exists
Added Net: Name=NetK_U_4bitMux27_7
Add Net: Net with name "NetK_U_4bitMux27_7" already exists
Added Net: Name=r0D0
Added Net: Name=r0D1
Added Net: Name=r0D2
Added Net: Name=r0D3
Added Net: Name=r0LD
Added Net: Name=r0Q0
Added Net: Name=r0Q1
Added Net: Name=r0Q2
Added Net: Name=r0Q3
Added Net: Name=r0r1RDb0
Added Net: Name=r0r1RDb1
Added Net: Name=r0r1RDb2
Added Net: Name=r0r1RDb3
Added Net: Name=r0r1RDt0
Added Net: Name=r0r1RDt1
Added Net: Name=r0r1RDt2
Added Net: Name=r0r1RDt3
Added Net: Name=r1LD
Added Net: Name=r1Q0
Added Net: Name=r1Q1
Added Net: Name=r1Q2
Added Net: Name=r1Q3
Added Net: Name=r2LD
Added Net: Name=r2Q0
Added Net: Name=r2Q1
Added Net: Name=r2Q2
Added Net: Name=r2Q3
Added Net: Name=r2r3RDt0
Added Net: Name=r2r3RDt1
Added Net: Name=r2r3RDt2
Added Net: Name=r2r3RDt3
Added Net: Name=r3LD
Added Net: Name=r3Q0
Added Net: Name=r3Q1
Added Net: Name=r3Q2
Added Net: Name=r3Q3
Added Net: Name=r4LD
Added Net: Name=r4Q0
Added Net: Name=r4Q1
Added Net: Name=r4Q2
Added Net: Name=r4Q3
Added Net: Name=r4r5RDb0
Added Net: Name=r4r5RDb1
Added Net: Name=r4r5RDb2
Added Net: Name=r4r5RDb3
Added Net: Name=r4r5RDt0
Added Net: Name=r4r5RDt1
Added Net: Name=r4r5RDt2
Added Net: Name=r4r5RDt3
Added Net: Name=r5LD
Added Net: Name=r5Q0
Added Net: Name=r5Q1
Added Net: Name=r5Q2
Added Net: Name=r5Q3
Added Net: Name=r6LD
Added Net: Name=r6Q0
Added Net: Name=r6Q1
Added Net: Name=r6Q2
Added Net: Name=r6Q3
Added Net: Name=r6r7RDb0
Added Net: Name=r6r7RDb1
Added Net: Name=r6r7RDb2
Added Net: Name=r6r7RDb3
Added Net: Name=r6r7RDt0
Added Net: Name=r6r7RDt1
Added Net: Name=r6r7RDt2
Added Net: Name=r6r7RDt3
Added Net: Name=r7LD
Added Net: Name=r7Q0
Added Net: Name=r7Q1
Added Net: Name=r7Q2
Added Net: Name=r7Q3
Added Net: Name=RDb0
Added Net: Name=RDb1
Added Net: Name=RDb2
Added Net: Name=RDb3
Added Net: Name=RDt0
Added Net: Name=RDt1
Added Net: Name=RDt2
Added Net: Name=RDt3
Added Net: Name=WE
Added Class: Name=RAM_top
Added Class: Name=U_4bitMux21
Added Class: Name=U_4bitMux22
Added Class: Name=U_4bitMux23
Added Class: Name=U_4bitMux24
Added Class: Name=U_4bitMux25
Added Class: Name=U_4bitMux26
Added Class: Name=U_4bitMux27
Added Class: Name=U_4bitMux28
Added Class: Name=4bitMux2
