Removed Pin From Net: NetName=ALU_AND1 Pin=K18-2
Removed Pin From Net: NetName=GND Pin=K18-3
Removed Pin From Net: NetName=A_U_FullAdder3 Pin=K18-4
Removed Pin From Net: NetName=+24V Pin=K18-5
Removed Pin From Net: NetName=A_U_FullAdder3 Pin=K18-6
Removed Pin From Net: NetName=ALU_OR1 Pin=K18-7
Removed Pin From Net: NetName=ALU_AND2 Pin=K19-2
Removed Pin From Net: NetName=GND Pin=K19-3
Removed Pin From Net: NetName=A_U_FullAdder2 Pin=K19-4
Removed Pin From Net: NetName=+24V Pin=K19-5
Removed Pin From Net: NetName=A_U_FullAdder2 Pin=K19-6
Removed Pin From Net: NetName=ALU_OR2 Pin=K19-7
Removed Pin From Net: NetName=ALU_AND3 Pin=K20-2
Removed Pin From Net: NetName=GND Pin=K20-3
Removed Pin From Net: NetName=A_U_FullAdder1 Pin=K20-4
Removed Pin From Net: NetName=+24V Pin=K20-5
Removed Pin From Net: NetName=A_U_FullAdder1 Pin=K20-6
Removed Pin From Net: NetName=ALU_OR3 Pin=K20-7
Added Pin To Net: NetName=ALU_OR1 Pin=K18-2
Added Pin To Net: NetName=A_U_FullAdder3 Pin=K18-3
Added Pin To Net: NetName=+24V Pin=K18-4
Added Pin To Net: NetName=A_U_FullAdder3 Pin=K18-5
Added Pin To Net: NetName=GND Pin=K18-6
Added Pin To Net: NetName=ALU_AND1 Pin=K18-7
Added Pin To Net: NetName=ALU_OR2 Pin=K19-2
Added Pin To Net: NetName=A_U_FullAdder2 Pin=K19-3
Added Pin To Net: NetName=+24V Pin=K19-4
Added Pin To Net: NetName=A_U_FullAdder2 Pin=K19-5
Added Pin To Net: NetName=GND Pin=K19-6
Added Pin To Net: NetName=ALU_AND2 Pin=K19-7
Added Pin To Net: NetName=ALU_OR3 Pin=K20-2
Added Pin To Net: NetName=A_U_FullAdder1 Pin=K20-3
Added Pin To Net: NetName=+24V Pin=K20-4
Added Pin To Net: NetName=A_U_FullAdder1 Pin=K20-5
Added Pin To Net: NetName=GND Pin=K20-6
Added Pin To Net: NetName=ALU_AND3 Pin=K20-7
Added Member To Class: ClassName=U_ANDOR4 Member=Component K17 (K1) J104D2C24VDC.15S
