Removed Member From Class: ClassName=U_4bitMux21 Member=D?_U_4bitMux21
Removed Member From Class: ClassName=U_4bitMux22 Member=D?_U_4bitMux22
Removed Member From Class: ClassName=U_4bitMux23 Member=D?_U_4bitMux23
Removed Member From Class: ClassName=U_4bitMux24 Member=D?_U_4bitMux24
Removed Member From Class: ClassName=U_4bitMux25 Member=D?_U_4bitMux25
Removed Member From Class: ClassName=U_4bitMux26 Member=D?_U_4bitMux26
Removed Member From Class: ClassName=U_4bitMux27 Member=D?_U_4bitMux27
Removed Member From Class: ClassName=U_4bitMux21 Member=K?_U_4bitMux21
Removed Member From Class: ClassName=U_4bitMux22 Member=K?_U_4bitMux22
Removed Member From Class: ClassName=U_4bitMux23 Member=K?_U_4bitMux23
Removed Member From Class: ClassName=U_4bitMux24 Member=K?_U_4bitMux24
Removed Member From Class: ClassName=U_4bitMux25 Member=K?_U_4bitMux25
Removed Member From Class: ClassName=U_4bitMux26 Member=K?_U_4bitMux26
Removed Member From Class: ClassName=U_4bitMux27 Member=K?_U_4bitMux27
Change Component Designator: OldDesignator=D1 NewDesignator=D3
Change Component Designator: OldDesignator=D2 NewDesignator=D4
Change Component Designator: OldDesignator=D3 NewDesignator=D5
Change Component Designator: OldDesignator=D4 NewDesignator=D6
Change Component Designator: OldDesignator=D5 NewDesignator=D7
Change Component Designator: OldDesignator=D6 NewDesignator=D8
Change Component Designator: OldDesignator=D7 NewDesignator=D9
Change Component Designator: OldDesignator=D8 NewDesignator=D10
Change Component Designator: OldDesignator=D9 NewDesignator=D11
Change Component Designator: OldDesignator=D10 NewDesignator=D12
Change Component Designator: OldDesignator=D11 NewDesignator=D13
Change Component Designator: OldDesignator=D12 NewDesignator=D14
Change Component Designator: OldDesignator=D13_U_1bitMux21 NewDesignator=D2
Change Component Designator: OldDesignator=D13_U_1bitMux22 NewDesignator=D1
Change Component Designator: OldDesignator=D? NewDesignator=D?35
Change Component Designator: OldDesignator=D? NewDesignator=D?36
Change Component Designator: OldDesignator=D? NewDesignator=D?37
Change Component Designator: OldDesignator=D? NewDesignator=D?38
Change Component Designator: OldDesignator=D? NewDesignator=D?39
Change Component Designator: OldDesignator=D? NewDesignator=D?40
Change Component Designator: OldDesignator=D? NewDesignator=D?41
Change Component Designator: OldDesignator=D? NewDesignator=D?42
Change Component Designator: OldDesignator=D?_U_4bitMux21 NewDesignator=D?3
Change Component Designator: OldDesignator=D?_U_4bitMux21 NewDesignator=D?4
Change Component Designator: OldDesignator=D?_U_4bitMux22 NewDesignator=D?5
Change Component Designator: OldDesignator=D?_U_4bitMux22 NewDesignator=D?6
Change Component Designator: OldDesignator=D?_U_4bitMux23 NewDesignator=D?9
Change Component Designator: OldDesignator=D?_U_4bitMux23 NewDesignator=D?10
Change Component Designator: OldDesignator=D?_U_4bitMux24 NewDesignator=D?11
Change Component Designator: OldDesignator=D?_U_4bitMux24 NewDesignator=D?12
Change Component Designator: OldDesignator=D?_U_4bitMux25 NewDesignator=D?13
Change Component Designator: OldDesignator=D?_U_4bitMux25 NewDesignator=D?14
Change Component Designator: OldDesignator=D?_U_4bitMux26 NewDesignator=D?1
Change Component Designator: OldDesignator=D?_U_4bitMux26 NewDesignator=D?2
Change Component Designator: OldDesignator=D?_U_4bitMux27 NewDesignator=D?7
Change Component Designator: OldDesignator=D?_U_4bitMux27 NewDesignator=D?8
Change Component Designator: OldDesignator=D?_U_FullAdder1 NewDesignator=D?15
Change Component Designator: OldDesignator=D?_U_FullAdder1 NewDesignator=D?16
Change Component Designator: OldDesignator=D?_U_FullAdder1 NewDesignator=D?17
Change Component Designator: OldDesignator=D?_U_FullAdder1 NewDesignator=D?18
Change Component Designator: OldDesignator=D?_U_FullAdder1 NewDesignator=D?19
Change Component Designator: OldDesignator=D?_U_FullAdder2 NewDesignator=D?20
Change Component Designator: OldDesignator=D?_U_FullAdder2 NewDesignator=D?21
Change Component Designator: OldDesignator=D?_U_FullAdder2 NewDesignator=D?22
Change Component Designator: OldDesignator=D?_U_FullAdder2 NewDesignator=D?23
Change Component Designator: OldDesignator=D?_U_FullAdder2 NewDesignator=D?24
Change Component Designator: OldDesignator=D?_U_FullAdder3 NewDesignator=D?25
Change Component Designator: OldDesignator=D?_U_FullAdder3 NewDesignator=D?26
Change Component Designator: OldDesignator=D?_U_FullAdder3 NewDesignator=D?27
Change Component Designator: OldDesignator=D?_U_FullAdder3 NewDesignator=D?28
Change Component Designator: OldDesignator=D?_U_FullAdder3 NewDesignator=D?29
Change Component Designator: OldDesignator=D?_U_FullAdder4 NewDesignator=D?30
Change Component Designator: OldDesignator=D?_U_FullAdder4 NewDesignator=D?31
Change Component Designator: OldDesignator=D?_U_FullAdder4 NewDesignator=D?32
Change Component Designator: OldDesignator=D?_U_FullAdder4 NewDesignator=D?33
Change Component Designator: OldDesignator=D?_U_FullAdder4 NewDesignator=D?34
Change Component Designator: OldDesignator=K1 NewDesignator=K3
Change Component Designator: OldDesignator=K2 NewDesignator=K4
Change Component Designator: OldDesignator=K3 NewDesignator=K5
Change Component Designator: OldDesignator=K4 NewDesignator=K6
Change Component Designator: OldDesignator=K5 NewDesignator=K7
Change Component Designator: OldDesignator=K6 NewDesignator=K8
Change Component Designator: OldDesignator=K7 NewDesignator=K9
Change Component Designator: OldDesignator=K8 NewDesignator=K10
Change Component Designator: OldDesignator=K9_U_1bitMux21 NewDesignator=K2
Change Component Designator: OldDesignator=K9_U_1bitMux22 NewDesignator=K1
Change Component Designator: OldDesignator=K? NewDesignator=K?27
Change Component Designator: OldDesignator=K? NewDesignator=K?28
Change Component Designator: OldDesignator=K? NewDesignator=K?29
Change Component Designator: OldDesignator=K? NewDesignator=K?30
Change Component Designator: OldDesignator=K?_U_4bitMux21 NewDesignator=K?3
Change Component Designator: OldDesignator=K?_U_4bitMux21 NewDesignator=K?4
Change Component Designator: OldDesignator=K?_U_4bitMux22 NewDesignator=K?5
Change Component Designator: OldDesignator=K?_U_4bitMux22 NewDesignator=K?6
Change Component Designator: OldDesignator=K?_U_4bitMux23 NewDesignator=K?9
Change Component Designator: OldDesignator=K?_U_4bitMux23 NewDesignator=K?10
Change Component Designator: OldDesignator=K?_U_4bitMux24 NewDesignator=K?11
Change Component Designator: OldDesignator=K?_U_4bitMux24 NewDesignator=K?12
Change Component Designator: OldDesignator=K?_U_4bitMux25 NewDesignator=K?13
Change Component Designator: OldDesignator=K?_U_4bitMux25 NewDesignator=K?14
Change Component Designator: OldDesignator=K?_U_4bitMux26 NewDesignator=K?1
Change Component Designator: OldDesignator=K?_U_4bitMux26 NewDesignator=K?2
Change Component Designator: OldDesignator=K?_U_4bitMux27 NewDesignator=K?7
Change Component Designator: OldDesignator=K?_U_4bitMux27 NewDesignator=K?8
Change Component Designator: OldDesignator=K?_U_FullAdder1 NewDesignator=K?15
Change Component Designator: OldDesignator=K?_U_FullAdder1 NewDesignator=K?16
Change Component Designator: OldDesignator=K?_U_FullAdder1 NewDesignator=K?17
Change Component Designator: OldDesignator=K?_U_FullAdder2 NewDesignator=K?18
Change Component Designator: OldDesignator=K?_U_FullAdder2 NewDesignator=K?19
Change Component Designator: OldDesignator=K?_U_FullAdder2 NewDesignator=K?20
Change Component Designator: OldDesignator=K?_U_FullAdder3 NewDesignator=K?21
Change Component Designator: OldDesignator=K?_U_FullAdder3 NewDesignator=K?22
Change Component Designator: OldDesignator=K?_U_FullAdder3 NewDesignator=K?23
Change Component Designator: OldDesignator=K?_U_FullAdder4 NewDesignator=K?24
Change Component Designator: OldDesignator=K?_U_FullAdder4 NewDesignator=K?25
Change Component Designator: OldDesignator=K?_U_FullAdder4 NewDesignator=K?26
Change Net Name : Old Net Name=NetK9_U_1bitMux21_5 New Net Name=NetK2_5
Change Net Name : Old Net Name=NetK9_U_1bitMux21_6 New Net Name=NetK2_6
Change Net Name : Old Net Name=NetK9_U_1bitMux21_7 New Net Name=NetK2_7
Change Net Name : Old Net Name=NetK9_U_1bitMux22_5 New Net Name=NetK1_5
Change Net Name : Old Net Name=NetK9_U_1bitMux22_6 New Net Name=NetK1_6
Change Net Name : Old Net Name=NetK9_U_1bitMux22_7 New Net Name=NetK1_7
Change Net Name : Old Net Name=NetK?_U_4bitMux21_2 New Net Name=NetK?1_4
Change Net Name : Old Net Name=NetK?_U_4bitMux24_4 New Net Name=NetK?11_4
Change Net Name : Old Net Name=NetK?_U_4bitMux24_5 New Net Name=NetK?12_5
Change Net Name : Old Net Name=NetK?_U_4bitMux26_5 New Net Name=NetK?2_5
Change Net Name : Old Net Name=S_U_4bitMux22 New Net Name=S_U_4bitMux23
Added Pin To Net: NetName=NetK?1_5 Pin=K?1-5
Added Pin To Net: NetName=NetK?1_5 Pin=K?3-7
Added Net: Name=NetK?1_5
Added Pin To Net: NetName=NetK?2_4 Pin=K?2-4
Added Pin To Net: NetName=NetK?2_4 Pin=K?4-2
Added Net: Name=NetK?2_4
Added Pin To Net: NetName=NetK?11_5 Pin=K?11-5
Added Pin To Net: NetName=NetK?11_5 Pin=K?29-7
Added Net: Name=NetK?11_5
Added Pin To Net: NetName=NetK?12_4 Pin=K?12-4
Added Pin To Net: NetName=NetK?12_4 Pin=K?30-7
Added Net: Name=NetK?12_4
Change Class Name : Old Net Name=U_1bitMux21 New Net Name=U_1bitMux22
Change Class Name : Old Net Name=U_1bitMux22 New Net Name=U_1bitMux21
Added Member To Class: ClassName=U_4bitMux21 Member=Component D?1 (D?) SMAJ24A
Added Member To Class: ClassName=U_4bitMux21 Member=Component D?2 (D?) SMAJ24A
Added Member To Class: ClassName=U_4bitMux22 Member=Component D?3 (D?) SMAJ24A
Added Member To Class: ClassName=U_4bitMux22 Member=Component D?4 (D?) SMAJ24A
Added Member To Class: ClassName=U_4bitMux23 Member=Component D?5 (D?) SMAJ24A
Added Member To Class: ClassName=U_4bitMux23 Member=Component D?6 (D?) SMAJ24A
Added Member To Class: ClassName=U_4bitMux24 Member=Component D?7 (D?) SMAJ24A
Added Member To Class: ClassName=U_4bitMux24 Member=Component D?8 (D?) SMAJ24A
Added Member To Class: ClassName=U_4bitMux25 Member=Component D?9 (D?) SMAJ24A
Added Member To Class: ClassName=U_4bitMux25 Member=Component D?10 (D?) SMAJ24A
Added Member To Class: ClassName=U_4bitMux26 Member=Component D?11 (D?) SMAJ24A
Added Member To Class: ClassName=U_4bitMux26 Member=Component D?12 (D?) SMAJ24A
Added Member To Class: ClassName=U_4bitMux27 Member=Component D?13 (D?) SMAJ24A
Added Member To Class: ClassName=U_4bitMux27 Member=Component D?14 (D?) SMAJ24A
Added Member To Class: ClassName=U_FullAdder1 Member=Component D?15 (D?) SMAJ24A
Added Member To Class: ClassName=U_FullAdder1 Member=Component D?16 (D?) SMAJ24A
Added Member To Class: ClassName=U_FullAdder1 Member=Component D?18 (D?) SMAJ24A
Added Member To Class: ClassName=U_FullAdder1 Member=Component D?19 (D?) SMAJ24A
Added Member To Class: ClassName=U_FullAdder2 Member=Component D?20 (D?) SMAJ24A
Added Member To Class: ClassName=U_FullAdder2 Member=Component D?22 (D?) SMAJ24A
Added Member To Class: ClassName=U_FullAdder2 Member=Component D?23 (D?) SMAJ24A
Added Member To Class: ClassName=U_FullAdder2 Member=Component D?24 (D?) SMAJ24A
Added Member To Class: ClassName=U_FullAdder3 Member=Component D?25 (D?) SMAJ24A
Added Member To Class: ClassName=U_FullAdder3 Member=Component D?26 (D?) SMAJ24A
Added Member To Class: ClassName=U_FullAdder3 Member=Component D?27 (D?) SMAJ24A
Added Member To Class: ClassName=U_FullAdder3 Member=Component D?29 (D?) SMAJ24A
Added Member To Class: ClassName=U_FullAdder4 Member=Component D?30 (D?) SMAJ24A
Added Member To Class: ClassName=U_FullAdder4 Member=Component D?31 (D?) SMAJ24A
Added Member To Class: ClassName=U_FullAdder4 Member=Component D?32 (D?) SMAJ24A
Added Member To Class: ClassName=U_FullAdder4 Member=Component D?33 (D?) SMAJ24A
Added Member To Class: ClassName=U_NOT4 Member=Component D?35 (D?) SMAJ24A
Added Member To Class: ClassName=U_NOT4 Member=Component D?36 (D?) SMAJ24A
Added Member To Class: ClassName=U_NOT4 Member=Component D?37 (D?) SMAJ24A
Added Member To Class: ClassName=U_NOT4 Member=Component D?38 (D?) SMAJ24A
Added Member To Class: ClassName=U_NOT4 Member=Component D?39 (D?) SMAJ24A
Added Member To Class: ClassName=U_NOT4 Member=Component D?41 (D?) SMAJ24A
Added Member To Class: ClassName=U_NOT4 Member=Component D?42 (D?) SMAJ24A
Added Member To Class: ClassName=U_4bitMux21 Member=Component K?1 (K?) J104D2C24VDC.15S
Added Member To Class: ClassName=U_4bitMux21 Member=Component K?2 (K?) J104D2C24VDC.15S
Added Member To Class: ClassName=U_4bitMux22 Member=Component K?3 (K?) J104D2C24VDC.15S
Added Member To Class: ClassName=U_4bitMux22 Member=Component K?4 (K?) J104D2C24VDC.15S
Added Member To Class: ClassName=U_4bitMux23 Member=Component K?5 (K?) J104D2C24VDC.15S
Added Member To Class: ClassName=U_4bitMux23 Member=Component K?6 (K?) J104D2C24VDC.15S
Added Member To Class: ClassName=U_4bitMux24 Member=Component K?7 (K?) J104D2C24VDC.15S
Added Member To Class: ClassName=U_4bitMux24 Member=Component K?8 (K?) J104D2C24VDC.15S
Added Member To Class: ClassName=U_4bitMux25 Member=Component K?9 (K?) J104D2C24VDC.15S
Added Member To Class: ClassName=U_4bitMux25 Member=Component K?10 (K?) J104D2C24VDC.15S
Added Member To Class: ClassName=U_4bitMux26 Member=Component K?11 (K?) J104D2C24VDC.15S
Added Member To Class: ClassName=U_4bitMux26 Member=Component K?12 (K?) J104D2C24VDC.15S
Added Member To Class: ClassName=U_4bitMux27 Member=Component K?13 (K?) J104D2C24VDC.15S
Added Member To Class: ClassName=U_4bitMux27 Member=Component K?14 (K?) J104D2C24VDC.15S
Added Member To Class: ClassName=U_FullAdder1 Member=Component K?16 (K?) J104D2C24VDC.15S
Added Member To Class: ClassName=U_FullAdder1 Member=Component K?17 (K?) J104D2C24VDC.15S
Added Member To Class: ClassName=U_FullAdder2 Member=Component K?18 (K?) J104D2C24VDC.15S
Added Member To Class: ClassName=U_FullAdder2 Member=Component K?19 (K?) J104D2C24VDC.15S
Added Member To Class: ClassName=U_FullAdder3 Member=Component K?22 (K?) J104D2C24VDC.15S
Added Member To Class: ClassName=U_FullAdder3 Member=Component K?23 (K?) J104D2C24VDC.15S
Added Member To Class: ClassName=U_FullAdder4 Member=Component K?25 (K?) J104D2C24VDC.15S
Added Member To Class: ClassName=U_FullAdder4 Member=Component K?26 (K?) J104D2C24VDC.15S
Added Member To Class: ClassName=U_NOT4 Member=Component K?27 (K?) J104D2C24VDC.15S
Added Member To Class: ClassName=U_NOT4 Member=Component K?28 (K?) J104D2C24VDC.15S
Added Member To Class: ClassName=U_NOT4 Member=Component K?29 (K?) J104D2C24VDC.15S
