Reset Component Physical Designator: Old Designator=D?1 New Designator=D?_U_1bitMux21
Reset Component Physical Designator: Old Designator=D?2 New Designator=D?_U_1bitMux22
Reset Component Physical Designator: Old Designator=D?3 New Designator=D?_U_4bitMux21
Reset Component Physical Designator: Old Designator=D?4 New Designator=D?_U_4bitMux21
Reset Component Physical Designator: Old Designator=D?5 New Designator=D?_U_4bitMux22
Reset Component Physical Designator: Old Designator=D?6 New Designator=D?_U_4bitMux22
Reset Component Physical Designator: Old Designator=D?7 New Designator=D?_U_4bitMux23
Reset Component Physical Designator: Old Designator=D?8 New Designator=D?_U_4bitMux23
Reset Component Physical Designator: Old Designator=D?9 New Designator=D?_U_4bitMux24
Reset Component Physical Designator: Old Designator=D?10 New Designator=D?_U_4bitMux24
Reset Component Physical Designator: Old Designator=D?11 New Designator=D?_U_4bitMux25
Reset Component Physical Designator: Old Designator=D?12 New Designator=D?_U_4bitMux25
Reset Component Physical Designator: Old Designator=D?13 New Designator=D?_U_4bitMux26
Reset Component Physical Designator: Old Designator=D?14 New Designator=D?_U_4bitMux26
Reset Component Physical Designator: Old Designator=D?15 New Designator=D?_U_4bitMux27
Reset Component Physical Designator: Old Designator=D?16 New Designator=D?_U_4bitMux27
Reset Component Physical Designator: Old Designator=D?17 New Designator=D?
Reset Component Physical Designator: Old Designator=D?18 New Designator=D?
Reset Component Physical Designator: Old Designator=D?19 New Designator=D?
Reset Component Physical Designator: Old Designator=D?20 New Designator=D?
Reset Component Physical Designator: Old Designator=D?21 New Designator=D?_U_FullAdder1
Reset Component Physical Designator: Old Designator=D?22 New Designator=D?_U_FullAdder1
Reset Component Physical Designator: Old Designator=D?23 New Designator=D?_U_FullAdder1
Reset Component Physical Designator: Old Designator=D?24 New Designator=D?_U_FullAdder1
Reset Component Physical Designator: Old Designator=D?25 New Designator=D?_U_FullAdder1
Reset Component Physical Designator: Old Designator=D?26 New Designator=D?_U_FullAdder2
Reset Component Physical Designator: Old Designator=D?27 New Designator=D?_U_FullAdder2
Reset Component Physical Designator: Old Designator=D?28 New Designator=D?_U_FullAdder2
Reset Component Physical Designator: Old Designator=D?29 New Designator=D?_U_FullAdder2
Reset Component Physical Designator: Old Designator=D?30 New Designator=D?_U_FullAdder2
Reset Component Physical Designator: Old Designator=D?31 New Designator=D?_U_FullAdder3
Reset Component Physical Designator: Old Designator=D?32 New Designator=D?_U_FullAdder3
Reset Component Physical Designator: Old Designator=D?33 New Designator=D?_U_FullAdder3
Reset Component Physical Designator: Old Designator=D?34 New Designator=D?_U_FullAdder3
Reset Component Physical Designator: Old Designator=D?35 New Designator=D?_U_FullAdder3
Reset Component Physical Designator: Old Designator=D?36 New Designator=D?_U_FullAdder4
Reset Component Physical Designator: Old Designator=D?37 New Designator=D?_U_FullAdder4
Reset Component Physical Designator: Old Designator=D?38 New Designator=D?_U_FullAdder4
Reset Component Physical Designator: Old Designator=D?39 New Designator=D?_U_FullAdder4
Reset Component Physical Designator: Old Designator=D?40 New Designator=D?_U_FullAdder4
Reset Component Physical Designator: Old Designator=D?41 New Designator=D?
Reset Component Physical Designator: Old Designator=D?42 New Designator=D?
Reset Component Physical Designator: Old Designator=D?43 New Designator=D?
Reset Component Physical Designator: Old Designator=D?44 New Designator=D?
Reset Component Physical Designator: Old Designator=D?45 New Designator=D?
Reset Component Physical Designator: Old Designator=D?46 New Designator=D?
Reset Component Physical Designator: Old Designator=D?47 New Designator=D?
Reset Component Physical Designator: Old Designator=D?48 New Designator=D?
Reset Component Physical Designator: Old Designator=D?49 New Designator=D?
Reset Component Physical Designator: Old Designator=D?50 New Designator=D?
Reset Component Physical Designator: Old Designator=D?51 New Designator=D?
Reset Component Physical Designator: Old Designator=D?52 New Designator=D?
Reset Component Physical Designator: Old Designator=D?53 New Designator=D?
Reset Component Physical Designator: Old Designator=D?54 New Designator=D?
Reset Component Physical Designator: Old Designator=D?55 New Designator=D?
Reset Component Physical Designator: Old Designator=D?56 New Designator=D?
Reset Component Physical Designator: Old Designator=DS?1 New Designator=DS?
Reset Component Physical Designator: Old Designator=DS?2 New Designator=DS?
Reset Component Physical Designator: Old Designator=DS?3 New Designator=DS?
Reset Component Physical Designator: Old Designator=DS?4 New Designator=DS?
Reset Component Physical Designator: Old Designator=DS?5 New Designator=DS?
Reset Component Physical Designator: Old Designator=DS?6 New Designator=DS?
Reset Component Physical Designator: Old Designator=DS?7 New Designator=DS?
Reset Component Physical Designator: Old Designator=DS?8 New Designator=DS?
Reset Component Physical Designator: Old Designator=DS?9 New Designator=DS?
Reset Component Physical Designator: Old Designator=DS?10 New Designator=DS?
Reset Component Physical Designator: Old Designator=DS?11 New Designator=DS?
Reset Component Physical Designator: Old Designator=DS?12 New Designator=DS?
Reset Component Physical Designator: Old Designator=DS?13 New Designator=DS?
Reset Component Physical Designator: Old Designator=DS?14 New Designator=DS?
Reset Component Physical Designator: Old Designator=DS?15 New Designator=DS?
Reset Component Physical Designator: Old Designator=DS?16 New Designator=DS?
Reset Component Physical Designator: Old Designator=DS?17 New Designator=DS?
Reset Component Physical Designator: Old Designator=DS?18 New Designator=DS?
Reset Component Physical Designator: Old Designator=DS?19 New Designator=DS?
Reset Component Physical Designator: Old Designator=DS?20 New Designator=DS?
Reset Component Physical Designator: Old Designator=DS?21 New Designator=DS?
Reset Component Physical Designator: Old Designator=DS?22 New Designator=DS?
Reset Component Physical Designator: Old Designator=DS?23 New Designator=DS?
Reset Component Physical Designator: Old Designator=DS?24 New Designator=DS?
Reset Component Physical Designator: Old Designator=DS?25 New Designator=DS?
Reset Component Physical Designator: Old Designator=DS?26 New Designator=DS?
Reset Component Physical Designator: Old Designator=DS?27 New Designator=DS?
Reset Component Physical Designator: Old Designator=DS?28 New Designator=DS?
Reset Component Physical Designator: Old Designator=DS?29 New Designator=DS?
Reset Component Physical Designator: Old Designator=DS?30 New Designator=DS?
Reset Component Physical Designator: Old Designator=K?1 New Designator=K?_U_1bitMux21
Reset Component Physical Designator: Old Designator=K?2 New Designator=K?_U_1bitMux22
Reset Component Physical Designator: Old Designator=K?3 New Designator=K?_U_4bitMux21
Reset Component Physical Designator: Old Designator=K?4 New Designator=K?_U_4bitMux21
Reset Component Physical Designator: Old Designator=K?5 New Designator=K?_U_4bitMux22
Reset Component Physical Designator: Old Designator=K?6 New Designator=K?_U_4bitMux22
Reset Component Physical Designator: Old Designator=K?7 New Designator=K?_U_4bitMux23
Reset Component Physical Designator: Old Designator=K?8 New Designator=K?_U_4bitMux23
Reset Component Physical Designator: Old Designator=K?9 New Designator=K?_U_4bitMux24
Reset Component Physical Designator: Old Designator=K?10 New Designator=K?_U_4bitMux24
Reset Component Physical Designator: Old Designator=K?11 New Designator=K?_U_4bitMux25
Reset Component Physical Designator: Old Designator=K?12 New Designator=K?_U_4bitMux25
Reset Component Physical Designator: Old Designator=K?13 New Designator=K?_U_4bitMux26
Reset Component Physical Designator: Old Designator=K?14 New Designator=K?_U_4bitMux26
Reset Component Physical Designator: Old Designator=K?15 New Designator=K?_U_4bitMux27
Reset Component Physical Designator: Old Designator=K?16 New Designator=K?_U_4bitMux27
Reset Component Physical Designator: Old Designator=K?17 New Designator=K?
Reset Component Physical Designator: Old Designator=K?18 New Designator=K?
Reset Component Physical Designator: Old Designator=K?19 New Designator=K?
Reset Component Physical Designator: Old Designator=K?20 New Designator=K?
Reset Component Physical Designator: Old Designator=K?21 New Designator=K?_U_FullAdder1
Reset Component Physical Designator: Old Designator=K?22 New Designator=K?_U_FullAdder1
Reset Component Physical Designator: Old Designator=K?23 New Designator=K?_U_FullAdder1
Reset Component Physical Designator: Old Designator=K?24 New Designator=K?_U_FullAdder2
Reset Component Physical Designator: Old Designator=K?25 New Designator=K?_U_FullAdder2
Reset Component Physical Designator: Old Designator=K?26 New Designator=K?_U_FullAdder2
Reset Component Physical Designator: Old Designator=K?27 New Designator=K?_U_FullAdder3
Reset Component Physical Designator: Old Designator=K?28 New Designator=K?_U_FullAdder3
Reset Component Physical Designator: Old Designator=K?29 New Designator=K?_U_FullAdder3
Reset Component Physical Designator: Old Designator=K?30 New Designator=K?_U_FullAdder4
Reset Component Physical Designator: Old Designator=K?31 New Designator=K?_U_FullAdder4
Reset Component Physical Designator: Old Designator=K?32 New Designator=K?_U_FullAdder4
Reset Component Physical Designator: Old Designator=K?33 New Designator=K?
Reset Component Physical Designator: Old Designator=K?34 New Designator=K?
Reset Component Physical Designator: Old Designator=K?35 New Designator=K?
Reset Component Physical Designator: Old Designator=K?36 New Designator=K?
Reset Component Physical Designator: Old Designator=K?37 New Designator=K?
Reset Component Physical Designator: Old Designator=K?38 New Designator=K?
Reset Component Physical Designator: Old Designator=K?39 New Designator=K?
Reset Component Physical Designator: Old Designator=K?40 New Designator=K?
Reset Component Physical Designator: Old Designator=R?1 New Designator=R?
Reset Component Physical Designator: Old Designator=R?2 New Designator=R?
Reset Component Physical Designator: Old Designator=R?3 New Designator=R?
Reset Component Physical Designator: Old Designator=R?4 New Designator=R?
Reset Component Physical Designator: Old Designator=R?5 New Designator=R?
Reset Component Physical Designator: Old Designator=R?6 New Designator=R?
Reset Component Physical Designator: Old Designator=R?7 New Designator=R?
Reset Component Physical Designator: Old Designator=R?8 New Designator=R?
Reset Component Physical Designator: Old Designator=R?9 New Designator=R?
Reset Component Physical Designator: Old Designator=R?10 New Designator=R?
Reset Component Physical Designator: Old Designator=R?11 New Designator=R?
Reset Component Physical Designator: Old Designator=R?12 New Designator=R?
Reset Component Physical Designator: Old Designator=R?13 New Designator=R?
Reset Component Physical Designator: Old Designator=R?14 New Designator=R?
Reset Component Physical Designator: Old Designator=R?15 New Designator=R?
Reset Component Physical Designator: Old Designator=R?16 New Designator=R?
Reset Component Physical Designator: Old Designator=R?17 New Designator=R?
Reset Component Physical Designator: Old Designator=R?18 New Designator=R?
Reset Component Physical Designator: Old Designator=R?19 New Designator=R?
Reset Component Physical Designator: Old Designator=R?20 New Designator=R?
Reset Component Physical Designator: Old Designator=R?21 New Designator=R?
Reset Component Physical Designator: Old Designator=R?22 New Designator=R?
Reset Component Physical Designator: Old Designator=R?23 New Designator=R?
Reset Component Physical Designator: Old Designator=R?24 New Designator=R?
Reset Component Physical Designator: Old Designator=R?25 New Designator=R?
Reset Component Physical Designator: Old Designator=R?26 New Designator=R?
Reset Component Physical Designator: Old Designator=R?27 New Designator=R?
Reset Component Physical Designator: Old Designator=R?28 New Designator=R?
Reset Component Physical Designator: Old Designator=R?29 New Designator=R?
Reset Component Physical Designator: Old Designator=R?30 New Designator=R?
