Removed Pin From Net: NetName=OP_P1 Pin=D1-1
Removed Pin From Net: NetName=Cin_U_FullAdder4 Pin=D9-1
Removed Pin From Net: NetName=Cin_U_FullAdder4 Pin=D10-1
Removed Pin From Net: NetName=Cin_U_FullAdder4 Pin=D17-1
Removed Pin From Net: NetName=GND Pin=D17-2
Removed Pin From Net: NetName=Cin_U_FullAdder4 Pin=D18-1
Removed Pin From Net: NetName=GND Pin=D18-2
Removed Pin From Net: NetName=GND Pin=D19-2
Removed Pin From Net: NetName=GND Pin=D20-2
Removed Pin From Net: NetName=OP_P1 Pin=DS22-1
Removed Pin From Net: NetName=OP_P3 Pin=DS24-1
Removed Pin From Net: NetName=OP_P1 Pin=J1-7
Removed Pin From Net: NetName=OP_P3 Pin=J1-11
Removed Pin From Net: NetName=OP_P1 Pin=K1-1
Removed Pin From Net: NetName=ALU_OUT0 Pin=K7-2
Removed Pin From Net: NetName=ALU_ADDER_out0 Pin=K7-3
Removed Pin From Net: NetName=ALU_ADDER_out1 Pin=K7-6
Removed Pin From Net: NetName=ALU_OUT1 Pin=K7-7
Removed Pin From Net: NetName=ALU_OUT2 Pin=K8-2
Removed Pin From Net: NetName=ALU_ADDER_out2 Pin=K8-3
Removed Pin From Net: NetName=ALU_ADDER_out3 Pin=K8-6
Removed Pin From Net: NetName=ALU_OUT3 Pin=K8-7
Removed Pin From Net: NetName=Cin_U_FullAdder4 Pin=K9-1
Removed Pin From Net: NetName=ALU_Gates0 Pin=K9-3
Removed Pin From Net: NetName=ALU_ArithShift0 Pin=K9-4
Removed Pin From Net: NetName=ALU_ArithShift1 Pin=K9-5
Removed Pin From Net: NetName=ALU_Gates1 Pin=K9-6
Removed Pin From Net: NetName=Cin_U_FullAdder4 Pin=K10-1
Removed Pin From Net: NetName=ALU_Gates2 Pin=K10-3
Removed Pin From Net: NetName=ALU_ArithShift2 Pin=K10-4
Removed Pin From Net: NetName=ALU_ArithShift3 Pin=K10-5
Removed Pin From Net: NetName=ALU_Gates3 Pin=K10-6
Removed Pin From Net: NetName=ALU_ArithShift0 Pin=K11-2
Removed Pin From Net: NetName=GND Pin=K11-3
Removed Pin From Net: NetName=A_U_FullAdder3 Pin=K11-4
Removed Pin From Net: NetName=A_U_FullAdder2 Pin=K11-5
Removed Pin From Net: NetName=A_U_FullAdder4 Pin=K11-6
Removed Pin From Net: NetName=ALU_ArithShift1 Pin=K11-7
Removed Pin From Net: NetName=ALU_ArithShift2 Pin=K12-2
Removed Pin From Net: NetName=A_U_FullAdder3 Pin=K12-3
Removed Pin From Net: NetName=A_U_FullAdder1 Pin=K12-4
Removed Pin From Net: NetName=A_U_FullAdder1 Pin=K12-5
Removed Pin From Net: NetName=A_U_FullAdder2 Pin=K12-6
Removed Pin From Net: NetName=ALU_ArithShift3 Pin=K12-7
Removed Pin From Net: NetName=ALU_XORXNOR0 Pin=K13-2
Removed Pin From Net: NetName=ALU_XOR0 Pin=K13-3
Removed Pin From Net: NetName=ALU_XNOR0 Pin=K13-4
Removed Pin From Net: NetName=ALU_XNOR1 Pin=K13-5
Removed Pin From Net: NetName=ALU_XOR1 Pin=K13-6
Removed Pin From Net: NetName=ALU_XORXNOR0 Pin=K13-7
Removed Pin From Net: NetName=ALU_XORXNOR0 Pin=K14-2
Removed Pin From Net: NetName=ALU_XOR2 Pin=K14-3
Removed Pin From Net: NetName=ALU_XNOR2 Pin=K14-4
Removed Pin From Net: NetName=ALU_XNOR3 Pin=K14-5
Removed Pin From Net: NetName=ALU_XOR3 Pin=K14-6
Removed Pin From Net: NetName=ALU_XORXNOR0 Pin=K14-7
Removed Pin From Net: NetName=ALU_Gates0 Pin=K15-2
Removed Pin From Net: NetName=ALU_ANDOR0 Pin=K15-3
Removed Pin From Net: NetName=ALU_XORXNOR0 Pin=K15-4
Removed Pin From Net: NetName=ALU_XORXNOR0 Pin=K15-5
Removed Pin From Net: NetName=ALU_ANDOR1 Pin=K15-6
Removed Pin From Net: NetName=ALU_Gates1 Pin=K15-7
Removed Pin From Net: NetName=ALU_Gates2 Pin=K16-2
Removed Pin From Net: NetName=ALU_ANDOR2 Pin=K16-3
Removed Pin From Net: NetName=ALU_XORXNOR0 Pin=K16-4
Removed Pin From Net: NetName=ALU_XORXNOR0 Pin=K16-5
Removed Pin From Net: NetName=ALU_ANDOR3 Pin=K16-6
Removed Pin From Net: NetName=ALU_Gates3 Pin=K16-7
Removed Pin From Net: NetName=Cin_U_FullAdder4 Pin=K17-1
Removed Pin From Net: NetName=B_U_FullAdder4 Pin=K17-2
Removed Pin From Net: NetName=ALU_B0 Pin=K17-3
Removed Pin From Net: NetName=ALU_B1 Pin=K17-6
Removed Pin From Net: NetName=B_U_FullAdder3 Pin=K17-7
Removed Pin From Net: NetName=GND Pin=K17-8
Removed Pin From Net: NetName=Cin_U_FullAdder4 Pin=K18-1
Removed Pin From Net: NetName=B_U_FullAdder2 Pin=K18-2
Removed Pin From Net: NetName=ALU_B2 Pin=K18-3
Removed Pin From Net: NetName=ALU_B3 Pin=K18-6
Removed Pin From Net: NetName=B_U_FullAdder1 Pin=K18-7
Removed Pin From Net: NetName=GND Pin=K18-8
Removed Pin From Net: NetName=ALU_ANDOR0 Pin=K19-2
Removed Pin From Net: NetName=ALU_AND0 Pin=K19-3
Removed Pin From Net: NetName=ALU_OR0 Pin=K19-4
Removed Pin From Net: NetName=ALU_OR1 Pin=K19-5
Removed Pin From Net: NetName=ALU_AND1 Pin=K19-6
Removed Pin From Net: NetName=ALU_ANDOR1 Pin=K19-7
Removed Pin From Net: NetName=GND Pin=K19-8
Removed Pin From Net: NetName=ALU_ANDOR2 Pin=K20-2
Removed Pin From Net: NetName=ALU_AND2 Pin=K20-3
Removed Pin From Net: NetName=ALU_OR2 Pin=K20-4
Removed Pin From Net: NetName=ALU_OR3 Pin=K20-5
Removed Pin From Net: NetName=ALU_AND3 Pin=K20-6
Removed Pin From Net: NetName=ALU_ANDOR3 Pin=K20-7
Removed Pin From Net: NetName=GND Pin=K20-8
Change Component Designator: OldDesignator=D3 NewDesignator=D17
Change Component Designator: OldDesignator=D4 NewDesignator=D18
Change Component Designator: OldDesignator=D5 NewDesignator=D19
Change Component Designator: OldDesignator=D6 NewDesignator=D20
Change Component Designator: OldDesignator=K3 NewDesignator=K17
Change Component Designator: OldDesignator=K4 NewDesignator=K18
Change Component Designator: OldDesignator=K5 NewDesignator=K19
Change Component Designator: OldDesignator=K6 NewDesignator=K20
Change Component Designator: OldDesignator=R5 NewDesignator=R?1
Change Component Designator: OldDesignator=R6 NewDesignator=R?2
Change Component Designator: OldDesignator=R7 NewDesignator=R?3
Change Component Designator: OldDesignator=R8 NewDesignator=R?4
Change Component Designator: OldDesignator=R9 NewDesignator=R?5
Change Component Designator: OldDesignator=R10 NewDesignator=R?6
Change Component Designator: OldDesignator=R11 NewDesignator=R?7
Change Component Designator: OldDesignator=R12 NewDesignator=R?8
Change Component Designator: OldDesignator=R13 NewDesignator=R?9
Change Component Designator: OldDesignator=R14 NewDesignator=R?10
Change Component Designator: OldDesignator=R15 NewDesignator=R?11
Change Component Designator: OldDesignator=R16 NewDesignator=R?12
Change Component Designator: OldDesignator=R17 NewDesignator=R?13
Change Component Designator: OldDesignator=R18 NewDesignator=R?14
Change Component Designator: OldDesignator=R19 NewDesignator=R?15
Change Component Designator: OldDesignator=R20 NewDesignator=R?16
Change Component Designator: OldDesignator=R21 NewDesignator=R?17
Change Component Designator: OldDesignator=R22 NewDesignator=R?18
Change Component Designator: OldDesignator=R23 NewDesignator=R?19
Change Component Designator: OldDesignator=R24 NewDesignator=R?20
Change Component Designator: OldDesignator=R25 NewDesignator=R?21
Change Component Designator: OldDesignator=R26 NewDesignator=R?22
Change Component Designator: OldDesignator=R27 NewDesignator=R?23
Change Component Designator: OldDesignator=R28 NewDesignator=R?24
Change Component Designator: OldDesignator=R29 NewDesignator=R?25
Change Component Designator: OldDesignator=R30 NewDesignator=R?26
Change Component Designator: OldDesignator=R31 NewDesignator=R?27
Change Component Designator: OldDesignator=R32 NewDesignator=R?28
Change Component Designator: OldDesignator=R33 NewDesignator=R?29
Change Component Designator: OldDesignator=R34 NewDesignator=R?30
Change Component Designator: OldDesignator=R35 NewDesignator=R?31
Change Component Designator: OldDesignator=R36 NewDesignator=R?32
Change Component Designator: OldDesignator=R37 NewDesignator=R?33
Change Component Designator: OldDesignator=R38 NewDesignator=R?34
Change Component Designator: OldDesignator=R39 NewDesignator=R?35
Change Component Designator: OldDesignator=R40 NewDesignator=R?36
Change Component Designator: OldDesignator=R41 NewDesignator=R?37
Change Component Designator: OldDesignator=R42 NewDesignator=R?38
Added Component: Designator=D3(DI SMAJ24A)
Add component (AddParameter): Name = "Breakdown Voltage"; Value = "28.1V"; VariantName = "[No Variations]"
Add component (AddParameter): Name = "Case/Package"; Value = "SMA"; VariantName = "[No Variations]"
Add component (AddParameter): Name = "Category"; Value = "TVS Diodes"; VariantName = "[No Variations]"
Add component (AddParameter): Name = "China RoHS"; Value = "Non-Compliant"; VariantName = "[No Variations]"
Add component (AddParameter): Name = "Clamping Voltage"; Value = "38.9V"; VariantName = "[No Variations]"
Add component (AddParameter): Name = "ComponentLink1Description"; Value = "https://datasheet.octopart.com:443/SMAJ24A-Littelfuse-datasheet-150463581.pdf?src-supplier=Farnell"; VariantName = "[No Variations]"
Add component (AddParameter): Name = "ComponentLink1URL"; Value = "https://datasheet.octopart.com:443/SMAJ24A-Littelfuse-datasheet-150463581.pdf?src-supplier=Farnell"; VariantName = "[No Variations]"
Add component (AddParameter): Name = "ComponentLink2Description"; Value = "https://datasheet.octopart.com:443/SMAJ24A-Littelfuse-datasheet-63710798.pdf?src-supplier=element14+APAC"; VariantName = "[No Variations]"
Add component (AddParameter): Name = "ComponentLink2URL"; Value = "https://datasheet.octopart.com:443/SMAJ24A-Littelfuse-datasheet-63710798.pdf?src-supplier=element14+APAC"; VariantName = "[No Variations]"
Add component (AddParameter): Name = "ComponentLink3Description"; Value = "https://datasheet.octopart.com:443/SMAJ24A-Littelfuse-datasheet-11547152.pdf?src-supplier=element14+APAC"; VariantName = "[No Variations]"
Add component (AddParameter): Name = "ComponentLink3URL"; Value = "https://datasheet.octopart.com:443/SMAJ24A-Littelfuse-datasheet-11547152.pdf?src-supplier=element14+APAC"; VariantName = "[No Variations]"
Add component (AddParameter): Name = "ComponentLink4Description"; Value = "https://datasheet.octopart.com:443/SMAJ24A-Littelfuse-datasheet-5393952.pdf?src-supplier=element14+APAC"; VariantName = "[No Variations]"
Add component (AddParameter): Name = "ComponentLink4URL"; Value = "https://datasheet.octopart.com:443/SMAJ24A-Littelfuse-datasheet-5393952.pdf?src-supplier=element14+APAC"; VariantName = "[No Variations]"
Add component (AddParameter): Name = "ComponentLink5Description"; Value = "https://datasheet.octopart.com:443/SMAJ24A-Littelfuse-datasheet-511791.pdf?src-supplier=element14+APAC"; VariantName = "[No Variations]"
Add component (AddParameter): Name = "ComponentLink5URL"; Value = "https://datasheet.octopart.com:443/SMAJ24A-Littelfuse-datasheet-511791.pdf?src-supplier=element14+APAC"; VariantName = "[No Variations]"
Add component (AddParameter): Name = "ComponentLink6Description"; Value = "https://datasheet.octopart.com:443/SMAJ24A-Littelfuse-datasheet-164649624.pdf?src-supplier=JRH+Electronics"; VariantName = "[No Variations]"
Add component (AddParameter): Name = "ComponentLink6URL"; Value = "https://datasheet.octopart.com:443/SMAJ24A-Littelfuse-datasheet-164649624.pdf?src-supplier=JRH+Electronics"; VariantName = "[No Variations]"
Add component (AddParameter): Name = "ComponentLink7Description"; Value = "https://datasheet.octopart.com:443/SMAJ24A-Littelfuse-datasheet-38878911.pdf?src-supplier=RS+(Formerly+Allied+Electronics)"; VariantName = "[No Variations]"
Add component (AddParameter): Name = "ComponentLink7URL"; Value = "https://datasheet.octopart.com:443/SMAJ24A-Littelfuse-datasheet-38878911.pdf?src-supplier=RS+(Formerly+Allied+Electronics)"; VariantName = "[No Variations]"
Add component (AddParameter): Name = "ComponentLink8Description"; Value = "https://datasheet.octopart.com:443/SMAJ24A-Littelfuse-datasheet-17901671.pdf?src-supplier=Future+Electronics"; VariantName = "[No Variations]"
Add component (AddParameter): Name = "ComponentLink8URL"; Value = "https://datasheet.octopart.com:443/SMAJ24A-Littelfuse-datasheet-17901671.pdf?src-supplier=Future+Electronics"; VariantName = "[No Variations]"
Add component (AddParameter): Name = "ComponentLink9Description"; Value = "https://datasheet.octopart.com:443/SMAJ24A-Littelfuse-datasheet-1053.pdf?src-supplier=DigiKey"; VariantName = "[No Variations]"
Add component (AddParameter): Name = "ComponentLink9URL"; Value = "https://datasheet.octopart.com:443/SMAJ24A-Littelfuse-datasheet-1053.pdf?src-supplier=DigiKey"; VariantName = "[No Variations]"
Add component (AddParameter): Name = "Composition"; Value = "Zener"; VariantName = "[No Variations]"
Add component (AddParameter): Name = "Direction"; Value = "Unidirectional"; VariantName = "[No Variations]"
Add component (AddParameter): Name = "Element Configuration"; Value = "Single"; VariantName = "[No Variations]"
Add component (AddParameter): Name = "Forward Voltage"; Value = "3.5V"; VariantName = "[No Variations]"
Add component (AddParameter): Name = "Height"; Value = "2.29mm"; VariantName = "[No Variations]"
Add component (AddParameter): Name = "Lead Free"; Value = "Lead Free"; VariantName = "[No Variations]"
Add component (AddParameter): Name = "Leakage Current"; Value = "1에"; VariantName = "[No Variations]"
Add component (AddParameter): Name = "Length"; Value = "4.5mm"; VariantName = "[No Variations]"
Add component (AddParameter): Name = "Lifecycle Status"; Value = "Production"; VariantName = "[No Variations]"
Add component (AddParameter): Name = "Manufacturer"; Value = "Littelfuse"; VariantName = "[No Variations]"
Add component (AddParameter): Name = "Manufacturer Part Number"; Value = "SMAJ24A"; VariantName = "[No Variations]"
Add component (AddParameter): Name = "Max Breakdown Voltage"; Value = "29.5V"; VariantName = "[No Variations]"
Add component (AddParameter): Name = "Max Junction Temperature (Tj)"; Value = "150C"; VariantName = "[No Variations]"
Add component (AddParameter): Name = "Max Operating Temperature"; Value = "150C"; VariantName = "[No Variations]"
Add component (AddParameter): Name = "Max Output current"; Value = "10.3A"; VariantName = "[No Variations]"
Add component (AddParameter): Name = "Max Power Dissipation"; Value = "3.3W"; VariantName = "[No Variations]"
Add component (AddParameter): Name = "Max Reverse Leakage Current"; Value = "1에"; VariantName = "[No Variations]"
Add component (AddParameter): Name = "Max Surge Current"; Value = "10.3A"; VariantName = "[No Variations]"
Add component (AddParameter): Name = "Min Breakdown Voltage"; Value = "26.7V"; VariantName = "[No Variations]"
Add component (AddParameter): Name = "Min Operating Temperature"; Value = "-65C"; VariantName = "[No Variations]"
Add component (AddParameter): Name = "Mounting Technology"; Value = "Surface Mount"; VariantName = "[No Variations]"
Add component (AddParameter): Name = "Number of Channels"; Value = "1"; VariantName = "[No Variations]"
Add component (AddParameter): Name = "Number of Elements"; Value = "1"; VariantName = "[No Variations]"
Add component (AddParameter): Name = "Number of Terminals"; Value = "2"; VariantName = "[No Variations]"
Add component (AddParameter): Name = "Number of Unidirectional Channels"; Value = "1"; VariantName = "[No Variations]"
Add component (AddParameter): Name = "Operating Supply Voltage"; Value = "24V"; VariantName = "[No Variations]"
Add component (AddParameter): Name = "Packaging"; Value = "Tape & Reel"; VariantName = "[No Variations]"
Add component (AddParameter): Name = "Peak Pulse Current"; Value = "10.3A"; VariantName = "[No Variations]"
Add component (AddParameter): Name = "Peak Pulse Power"; Value = "400W"; VariantName = "[No Variations]"
Add component (AddParameter): Name = "Peak Reverse Current"; Value = "1에"; VariantName = "[No Variations]"
Add component (AddParameter): Name = "Pins"; Value = "2"; VariantName = "[No Variations]"
Add component (AddParameter): Name = "Polarity"; Value = "Unidirectional"; VariantName = "[No Variations]"
Add component (AddParameter): Name = "Power Dissipation"; Value = "400W"; VariantName = "[No Variations]"
Add component (AddParameter): Name = "Power Line Protection"; Value = "No"; VariantName = "[No Variations]"
Add component (AddParameter): Name = "Power Rating"; Value = "400W"; VariantName = "[No Variations]"
Add component (AddParameter): Name = "Pricing"; Value = "1=0.21, 10=0.113, 100=0.074, 500=0.072, 1000=0.071 (USD)"; VariantName = "[No Variations]"
Add component (AddParameter): Name = "Radiation Hardening"; Value = "No"; VariantName = "[No Variations]"
Add component (AddParameter): Name = "REACH SVHC"; Value = "No"; VariantName = "[No Variations]"
Add component (AddParameter): Name = "Reverse Breakdown Voltage"; Value = "26.7V"; VariantName = "[No Variations]"
Add component (AddParameter): Name = "Reverse Standoff Voltage"; Value = "24V"; VariantName = "[No Variations]"
Add component (AddParameter): Name = "Reverse Voltage"; Value = "24V"; VariantName = "[No Variations]"
Add component (AddParameter): Name = "RoHS"; Value = "Compliant"; VariantName = "[No Variations]"
Add component (AddParameter): Name = "Schedule B"; Value = "8541100080, 8541100080|8541100080|8541100080|8541100080|8541100080"; VariantName = "[No Variations]"
Add component (AddParameter): Name = "Stock"; Value = "97583"; VariantName = "[No Variations]"
Add component (AddParameter): Name = "Supplier"; Value = "DigiKey"; VariantName = "[No Variations]"
Add component (AddParameter): Name = "Supplier Part Number"; Value = "SMAJ24ALFCT-ND"; VariantName = "[No Variations]"
Add component (AddParameter): Name = "Termination"; Value = "SMD/SMT"; VariantName = "[No Variations]"
Add component (AddParameter): Name = "Test Current"; Value = "1mA"; VariantName = "[No Variations]"
Add component (AddParameter): Name = "Value"; Value = "650pF"; VariantName = "[No Variations]"
Add component (AddParameter): Name = "Voltage Rating (DC)"; Value = "24V"; VariantName = "[No Variations]"
Add component (AddParameter): Name = "Width"; Value = "2.79mm"; VariantName = "[No Variations]"
Added Component: Designator=D4(DI SMAJ24A)
Add component (AddParameter): Name = "Breakdown Voltage"; Value = "28.1V"; VariantName = "[No Variations]"
Add component (AddParameter): Name = "Case/Package"; Value = "SMA"; VariantName = "[No Variations]"
Add component (AddParameter): Name = "Category"; Value = "TVS Diodes"; VariantName = "[No Variations]"
Add component (AddParameter): Name = "China RoHS"; Value = "Non-Compliant"; VariantName = "[No Variations]"
Add component (AddParameter): Name = "Clamping Voltage"; Value = "38.9V"; VariantName = "[No Variations]"
Add component (AddParameter): Name = "ComponentLink1Description"; Value = "https://datasheet.octopart.com:443/SMAJ24A-Littelfuse-datasheet-150463581.pdf?src-supplier=Farnell"; VariantName = "[No Variations]"
Add component (AddParameter): Name = "ComponentLink1URL"; Value = "https://datasheet.octopart.com:443/SMAJ24A-Littelfuse-datasheet-150463581.pdf?src-supplier=Farnell"; VariantName = "[No Variations]"
Add component (AddParameter): Name = "ComponentLink2Description"; Value = "https://datasheet.octopart.com:443/SMAJ24A-Littelfuse-datasheet-63710798.pdf?src-supplier=element14+APAC"; VariantName = "[No Variations]"
Add component (AddParameter): Name = "ComponentLink2URL"; Value = "https://datasheet.octopart.com:443/SMAJ24A-Littelfuse-datasheet-63710798.pdf?src-supplier=element14+APAC"; VariantName = "[No Variations]"
Add component (AddParameter): Name = "ComponentLink3Description"; Value = "https://datasheet.octopart.com:443/SMAJ24A-Littelfuse-datasheet-11547152.pdf?src-supplier=element14+APAC"; VariantName = "[No Variations]"
Add component (AddParameter): Name = "ComponentLink3URL"; Value = "https://datasheet.octopart.com:443/SMAJ24A-Littelfuse-datasheet-11547152.pdf?src-supplier=element14+APAC"; VariantName = "[No Variations]"
Add component (AddParameter): Name = "ComponentLink4Description"; Value = "https://datasheet.octopart.com:443/SMAJ24A-Littelfuse-datasheet-5393952.pdf?src-supplier=element14+APAC"; VariantName = "[No Variations]"
Add component (AddParameter): Name = "ComponentLink4URL"; Value = "https://datasheet.octopart.com:443/SMAJ24A-Littelfuse-datasheet-5393952.pdf?src-supplier=element14+APAC"; VariantName = "[No Variations]"
Add component (AddParameter): Name = "ComponentLink5Description"; Value = "https://datasheet.octopart.com:443/SMAJ24A-Littelfuse-datasheet-511791.pdf?src-supplier=element14+APAC"; VariantName = "[No Variations]"
Add component (AddParameter): Name = "ComponentLink5URL"; Value = "https://datasheet.octopart.com:443/SMAJ24A-Littelfuse-datasheet-511791.pdf?src-supplier=element14+APAC"; VariantName = "[No Variations]"
Add component (AddParameter): Name = "ComponentLink6Description"; Value = "https://datasheet.octopart.com:443/SMAJ24A-Littelfuse-datasheet-164649624.pdf?src-supplier=JRH+Electronics"; VariantName = "[No Variations]"
Add component (AddParameter): Name = "ComponentLink6URL"; Value = "https://datasheet.octopart.com:443/SMAJ24A-Littelfuse-datasheet-164649624.pdf?src-supplier=JRH+Electronics"; VariantName = "[No Variations]"
Add component (AddParameter): Name = "ComponentLink7Description"; Value = "https://datasheet.octopart.com:443/SMAJ24A-Littelfuse-datasheet-38878911.pdf?src-supplier=RS+(Formerly+Allied+Electronics)"; VariantName = "[No Variations]"
Add component (AddParameter): Name = "ComponentLink7URL"; Value = "https://datasheet.octopart.com:443/SMAJ24A-Littelfuse-datasheet-38878911.pdf?src-supplier=RS+(Formerly+Allied+Electronics)"; VariantName = "[No Variations]"
Add component (AddParameter): Name = "ComponentLink8Description"; Value = "https://datasheet.octopart.com:443/SMAJ24A-Littelfuse-datasheet-17901671.pdf?src-supplier=Future+Electronics"; VariantName = "[No Variations]"
Add component (AddParameter): Name = "ComponentLink8URL"; Value = "https://datasheet.octopart.com:443/SMAJ24A-Littelfuse-datasheet-17901671.pdf?src-supplier=Future+Electronics"; VariantName = "[No Variations]"
Add component (AddParameter): Name = "ComponentLink9Description"; Value = "https://datasheet.octopart.com:443/SMAJ24A-Littelfuse-datasheet-1053.pdf?src-supplier=DigiKey"; VariantName = "[No Variations]"
Add component (AddParameter): Name = "ComponentLink9URL"; Value = "https://datasheet.octopart.com:443/SMAJ24A-Littelfuse-datasheet-1053.pdf?src-supplier=DigiKey"; VariantName = "[No Variations]"
Add component (AddParameter): Name = "Composition"; Value = "Zener"; VariantName = "[No Variations]"
Add component (AddParameter): Name = "Direction"; Value = "Unidirectional"; VariantName = "[No Variations]"
Add component (AddParameter): Name = "Element Configuration"; Value = "Single"; VariantName = "[No Variations]"
Add component (AddParameter): Name = "Forward Voltage"; Value = "3.5V"; VariantName = "[No Variations]"
Add component (AddParameter): Name = "Height"; Value = "2.29mm"; VariantName = "[No Variations]"
Add component (AddParameter): Name = "Lead Free"; Value = "Lead Free"; VariantName = "[No Variations]"
Add component (AddParameter): Name = "Leakage Current"; Value = "1에"; VariantName = "[No Variations]"
Add component (AddParameter): Name = "Length"; Value = "4.5mm"; VariantName = "[No Variations]"
Add component (AddParameter): Name = "Lifecycle Status"; Value = "Production"; VariantName = "[No Variations]"
Add component (AddParameter): Name = "Manufacturer"; Value = "Littelfuse"; VariantName = "[No Variations]"
Add component (AddParameter): Name = "Manufacturer Part Number"; Value = "SMAJ24A"; VariantName = "[No Variations]"
Add component (AddParameter): Name = "Max Breakdown Voltage"; Value = "29.5V"; VariantName = "[No Variations]"
Add component (AddParameter): Name = "Max Junction Temperature (Tj)"; Value = "150C"; VariantName = "[No Variations]"
Add component (AddParameter): Name = "Max Operating Temperature"; Value = "150C"; VariantName = "[No Variations]"
Add component (AddParameter): Name = "Max Output current"; Value = "10.3A"; VariantName = "[No Variations]"
Add component (AddParameter): Name = "Max Power Dissipation"; Value = "3.3W"; VariantName = "[No Variations]"
Add component (AddParameter): Name = "Max Reverse Leakage Current"; Value = "1에"; VariantName = "[No Variations]"
Add component (AddParameter): Name = "Max Surge Current"; Value = "10.3A"; VariantName = "[No Variations]"
Add component (AddParameter): Name = "Min Breakdown Voltage"; Value = "26.7V"; VariantName = "[No Variations]"
Add component (AddParameter): Name = "Min Operating Temperature"; Value = "-65C"; VariantName = "[No Variations]"
Add component (AddParameter): Name = "Mounting Technology"; Value = "Surface Mount"; VariantName = "[No Variations]"
Add component (AddParameter): Name = "Number of Channels"; Value = "1"; VariantName = "[No Variations]"
Add component (AddParameter): Name = "Number of Elements"; Value = "1"; VariantName = "[No Variations]"
Add component (AddParameter): Name = "Number of Terminals"; Value = "2"; VariantName = "[No Variations]"
Add component (AddParameter): Name = "Number of Unidirectional Channels"; Value = "1"; VariantName = "[No Variations]"
Add component (AddParameter): Name = "Operating Supply Voltage"; Value = "24V"; VariantName = "[No Variations]"
Add component (AddParameter): Name = "Packaging"; Value = "Tape & Reel"; VariantName = "[No Variations]"
Add component (AddParameter): Name = "Peak Pulse Current"; Value = "10.3A"; VariantName = "[No Variations]"
Add component (AddParameter): Name = "Peak Pulse Power"; Value = "400W"; VariantName = "[No Variations]"
Add component (AddParameter): Name = "Peak Reverse Current"; Value = "1에"; VariantName = "[No Variations]"
Add component (AddParameter): Name = "Pins"; Value = "2"; VariantName = "[No Variations]"
Add component (AddParameter): Name = "Polarity"; Value = "Unidirectional"; VariantName = "[No Variations]"
Add component (AddParameter): Name = "Power Dissipation"; Value = "400W"; VariantName = "[No Variations]"
Add component (AddParameter): Name = "Power Line Protection"; Value = "No"; VariantName = "[No Variations]"
Add component (AddParameter): Name = "Power Rating"; Value = "400W"; VariantName = "[No Variations]"
Add component (AddParameter): Name = "Pricing"; Value = "1=0.21, 10=0.113, 100=0.074, 500=0.072, 1000=0.071 (USD)"; VariantName = "[No Variations]"
Add component (AddParameter): Name = "Radiation Hardening"; Value = "No"; VariantName = "[No Variations]"
Add component (AddParameter): Name = "REACH SVHC"; Value = "No"; VariantName = "[No Variations]"
Add component (AddParameter): Name = "Reverse Breakdown Voltage"; Value = "26.7V"; VariantName = "[No Variations]"
Add component (AddParameter): Name = "Reverse Standoff Voltage"; Value = "24V"; VariantName = "[No Variations]"
Add component (AddParameter): Name = "Reverse Voltage"; Value = "24V"; VariantName = "[No Variations]"
Add component (AddParameter): Name = "RoHS"; Value = "Compliant"; VariantName = "[No Variations]"
Add component (AddParameter): Name = "Schedule B"; Value = "8541100080, 8541100080|8541100080|8541100080|8541100080|8541100080"; VariantName = "[No Variations]"
Add component (AddParameter): Name = "Stock"; Value = "97583"; VariantName = "[No Variations]"
Add component (AddParameter): Name = "Supplier"; Value = "DigiKey"; VariantName = "[No Variations]"
Add component (AddParameter): Name = "Supplier Part Number"; Value = "SMAJ24ALFCT-ND"; VariantName = "[No Variations]"
Add component (AddParameter): Name = "Termination"; Value = "SMD/SMT"; VariantName = "[No Variations]"
Add component (AddParameter): Name = "Test Current"; Value = "1mA"; VariantName = "[No Variations]"
Add component (AddParameter): Name = "Value"; Value = "650pF"; VariantName = "[No Variations]"
Add component (AddParameter): Name = "Voltage Rating (DC)"; Value = "24V"; VariantName = "[No Variations]"
Add component (AddParameter): Name = "Width"; Value = "2.79mm"; VariantName = "[No Variations]"
Added Component: Designator=D5(DI SMAJ24A)
Add component (AddParameter): Name = "Breakdown Voltage"; Value = "28.1V"; VariantName = "[No Variations]"
Add component (AddParameter): Name = "Case/Package"; Value = "SMA"; VariantName = "[No Variations]"
Add component (AddParameter): Name = "Category"; Value = "TVS Diodes"; VariantName = "[No Variations]"
Add component (AddParameter): Name = "China RoHS"; Value = "Non-Compliant"; VariantName = "[No Variations]"
Add component (AddParameter): Name = "Clamping Voltage"; Value = "38.9V"; VariantName = "[No Variations]"
Add component (AddParameter): Name = "ComponentLink1Description"; Value = "https://datasheet.octopart.com:443/SMAJ24A-Littelfuse-datasheet-150463581.pdf?src-supplier=Farnell"; VariantName = "[No Variations]"
Add component (AddParameter): Name = "ComponentLink1URL"; Value = "https://datasheet.octopart.com:443/SMAJ24A-Littelfuse-datasheet-150463581.pdf?src-supplier=Farnell"; VariantName = "[No Variations]"
Add component (AddParameter): Name = "ComponentLink2Description"; Value = "https://datasheet.octopart.com:443/SMAJ24A-Littelfuse-datasheet-63710798.pdf?src-supplier=element14+APAC"; VariantName = "[No Variations]"
Add component (AddParameter): Name = "ComponentLink2URL"; Value = "https://datasheet.octopart.com:443/SMAJ24A-Littelfuse-datasheet-63710798.pdf?src-supplier=element14+APAC"; VariantName = "[No Variations]"
Add component (AddParameter): Name = "ComponentLink3Description"; Value = "https://datasheet.octopart.com:443/SMAJ24A-Littelfuse-datasheet-11547152.pdf?src-supplier=element14+APAC"; VariantName = "[No Variations]"
Add component (AddParameter): Name = "ComponentLink3URL"; Value = "https://datasheet.octopart.com:443/SMAJ24A-Littelfuse-datasheet-11547152.pdf?src-supplier=element14+APAC"; VariantName = "[No Variations]"
Add component (AddParameter): Name = "ComponentLink4Description"; Value = "https://datasheet.octopart.com:443/SMAJ24A-Littelfuse-datasheet-5393952.pdf?src-supplier=element14+APAC"; VariantName = "[No Variations]"
Add component (AddParameter): Name = "ComponentLink4URL"; Value = "https://datasheet.octopart.com:443/SMAJ24A-Littelfuse-datasheet-5393952.pdf?src-supplier=element14+APAC"; VariantName = "[No Variations]"
Add component (AddParameter): Name = "ComponentLink5Description"; Value = "https://datasheet.octopart.com:443/SMAJ24A-Littelfuse-datasheet-511791.pdf?src-supplier=element14+APAC"; VariantName = "[No Variations]"
Add component (AddParameter): Name = "ComponentLink5URL"; Value = "https://datasheet.octopart.com:443/SMAJ24A-Littelfuse-datasheet-511791.pdf?src-supplier=element14+APAC"; VariantName = "[No Variations]"
Add component (AddParameter): Name = "ComponentLink6Description"; Value = "https://datasheet.octopart.com:443/SMAJ24A-Littelfuse-datasheet-164649624.pdf?src-supplier=JRH+Electronics"; VariantName = "[No Variations]"
Add component (AddParameter): Name = "ComponentLink6URL"; Value = "https://datasheet.octopart.com:443/SMAJ24A-Littelfuse-datasheet-164649624.pdf?src-supplier=JRH+Electronics"; VariantName = "[No Variations]"
Add component (AddParameter): Name = "ComponentLink7Description"; Value = "https://datasheet.octopart.com:443/SMAJ24A-Littelfuse-datasheet-38878911.pdf?src-supplier=RS+(Formerly+Allied+Electronics)"; VariantName = "[No Variations]"
Add component (AddParameter): Name = "ComponentLink7URL"; Value = "https://datasheet.octopart.com:443/SMAJ24A-Littelfuse-datasheet-38878911.pdf?src-supplier=RS+(Formerly+Allied+Electronics)"; VariantName = "[No Variations]"
Add component (AddParameter): Name = "ComponentLink8Description"; Value = "https://datasheet.octopart.com:443/SMAJ24A-Littelfuse-datasheet-17901671.pdf?src-supplier=Future+Electronics"; VariantName = "[No Variations]"
Add component (AddParameter): Name = "ComponentLink8URL"; Value = "https://datasheet.octopart.com:443/SMAJ24A-Littelfuse-datasheet-17901671.pdf?src-supplier=Future+Electronics"; VariantName = "[No Variations]"
Add component (AddParameter): Name = "ComponentLink9Description"; Value = "https://datasheet.octopart.com:443/SMAJ24A-Littelfuse-datasheet-1053.pdf?src-supplier=DigiKey"; VariantName = "[No Variations]"
Add component (AddParameter): Name = "ComponentLink9URL"; Value = "https://datasheet.octopart.com:443/SMAJ24A-Littelfuse-datasheet-1053.pdf?src-supplier=DigiKey"; VariantName = "[No Variations]"
Add component (AddParameter): Name = "Composition"; Value = "Zener"; VariantName = "[No Variations]"
Add component (AddParameter): Name = "Direction"; Value = "Unidirectional"; VariantName = "[No Variations]"
Add component (AddParameter): Name = "Element Configuration"; Value = "Single"; VariantName = "[No Variations]"
Add component (AddParameter): Name = "Forward Voltage"; Value = "3.5V"; VariantName = "[No Variations]"
Add component (AddParameter): Name = "Height"; Value = "2.29mm"; VariantName = "[No Variations]"
Add component (AddParameter): Name = "Lead Free"; Value = "Lead Free"; VariantName = "[No Variations]"
Add component (AddParameter): Name = "Leakage Current"; Value = "1에"; VariantName = "[No Variations]"
Add component (AddParameter): Name = "Length"; Value = "4.5mm"; VariantName = "[No Variations]"
Add component (AddParameter): Name = "Lifecycle Status"; Value = "Production"; VariantName = "[No Variations]"
Add component (AddParameter): Name = "Manufacturer"; Value = "Littelfuse"; VariantName = "[No Variations]"
Add component (AddParameter): Name = "Manufacturer Part Number"; Value = "SMAJ24A"; VariantName = "[No Variations]"
Add component (AddParameter): Name = "Max Breakdown Voltage"; Value = "29.5V"; VariantName = "[No Variations]"
Add component (AddParameter): Name = "Max Junction Temperature (Tj)"; Value = "150C"; VariantName = "[No Variations]"
Add component (AddParameter): Name = "Max Operating Temperature"; Value = "150C"; VariantName = "[No Variations]"
Add component (AddParameter): Name = "Max Output current"; Value = "10.3A"; VariantName = "[No Variations]"
Add component (AddParameter): Name = "Max Power Dissipation"; Value = "3.3W"; VariantName = "[No Variations]"
Add component (AddParameter): Name = "Max Reverse Leakage Current"; Value = "1에"; VariantName = "[No Variations]"
Add component (AddParameter): Name = "Max Surge Current"; Value = "10.3A"; VariantName = "[No Variations]"
Add component (AddParameter): Name = "Min Breakdown Voltage"; Value = "26.7V"; VariantName = "[No Variations]"
Add component (AddParameter): Name = "Min Operating Temperature"; Value = "-65C"; VariantName = "[No Variations]"
Add component (AddParameter): Name = "Mounting Technology"; Value = "Surface Mount"; VariantName = "[No Variations]"
Add component (AddParameter): Name = "Number of Channels"; Value = "1"; VariantName = "[No Variations]"
Add component (AddParameter): Name = "Number of Elements"; Value = "1"; VariantName = "[No Variations]"
Add component (AddParameter): Name = "Number of Terminals"; Value = "2"; VariantName = "[No Variations]"
Add component (AddParameter): Name = "Number of Unidirectional Channels"; Value = "1"; VariantName = "[No Variations]"
Add component (AddParameter): Name = "Operating Supply Voltage"; Value = "24V"; VariantName = "[No Variations]"
Add component (AddParameter): Name = "Packaging"; Value = "Tape & Reel"; VariantName = "[No Variations]"
Add component (AddParameter): Name = "Peak Pulse Current"; Value = "10.3A"; VariantName = "[No Variations]"
Add component (AddParameter): Name = "Peak Pulse Power"; Value = "400W"; VariantName = "[No Variations]"
Add component (AddParameter): Name = "Peak Reverse Current"; Value = "1에"; VariantName = "[No Variations]"
Add component (AddParameter): Name = "Pins"; Value = "2"; VariantName = "[No Variations]"
Add component (AddParameter): Name = "Polarity"; Value = "Unidirectional"; VariantName = "[No Variations]"
Add component (AddParameter): Name = "Power Dissipation"; Value = "400W"; VariantName = "[No Variations]"
Add component (AddParameter): Name = "Power Line Protection"; Value = "No"; VariantName = "[No Variations]"
Add component (AddParameter): Name = "Power Rating"; Value = "400W"; VariantName = "[No Variations]"
Add component (AddParameter): Name = "Pricing"; Value = "1=0.21, 10=0.113, 100=0.074, 500=0.072, 1000=0.071 (USD)"; VariantName = "[No Variations]"
Add component (AddParameter): Name = "Radiation Hardening"; Value = "No"; VariantName = "[No Variations]"
Add component (AddParameter): Name = "REACH SVHC"; Value = "No"; VariantName = "[No Variations]"
Add component (AddParameter): Name = "Reverse Breakdown Voltage"; Value = "26.7V"; VariantName = "[No Variations]"
Add component (AddParameter): Name = "Reverse Standoff Voltage"; Value = "24V"; VariantName = "[No Variations]"
Add component (AddParameter): Name = "Reverse Voltage"; Value = "24V"; VariantName = "[No Variations]"
Add component (AddParameter): Name = "RoHS"; Value = "Compliant"; VariantName = "[No Variations]"
Add component (AddParameter): Name = "Schedule B"; Value = "8541100080, 8541100080|8541100080|8541100080|8541100080|8541100080"; VariantName = "[No Variations]"
Add component (AddParameter): Name = "Stock"; Value = "97583"; VariantName = "[No Variations]"
Add component (AddParameter): Name = "Supplier"; Value = "DigiKey"; VariantName = "[No Variations]"
Add component (AddParameter): Name = "Supplier Part Number"; Value = "SMAJ24ALFCT-ND"; VariantName = "[No Variations]"
Add component (AddParameter): Name = "Termination"; Value = "SMD/SMT"; VariantName = "[No Variations]"
Add component (AddParameter): Name = "Test Current"; Value = "1mA"; VariantName = "[No Variations]"
Add component (AddParameter): Name = "Value"; Value = "650pF"; VariantName = "[No Variations]"
Add component (AddParameter): Name = "Voltage Rating (DC)"; Value = "24V"; VariantName = "[No Variations]"
Add component (AddParameter): Name = "Width"; Value = "2.79mm"; VariantName = "[No Variations]"
Added Component: Designator=D6(DI SMAJ24A)
Add component (AddParameter): Name = "Breakdown Voltage"; Value = "28.1V"; VariantName = "[No Variations]"
Add component (AddParameter): Name = "Case/Package"; Value = "SMA"; VariantName = "[No Variations]"
Add component (AddParameter): Name = "Category"; Value = "TVS Diodes"; VariantName = "[No Variations]"
Add component (AddParameter): Name = "China RoHS"; Value = "Non-Compliant"; VariantName = "[No Variations]"
Add component (AddParameter): Name = "Clamping Voltage"; Value = "38.9V"; VariantName = "[No Variations]"
Add component (AddParameter): Name = "ComponentLink1Description"; Value = "https://datasheet.octopart.com:443/SMAJ24A-Littelfuse-datasheet-150463581.pdf?src-supplier=Farnell"; VariantName = "[No Variations]"
Add component (AddParameter): Name = "ComponentLink1URL"; Value = "https://datasheet.octopart.com:443/SMAJ24A-Littelfuse-datasheet-150463581.pdf?src-supplier=Farnell"; VariantName = "[No Variations]"
Add component (AddParameter): Name = "ComponentLink2Description"; Value = "https://datasheet.octopart.com:443/SMAJ24A-Littelfuse-datasheet-63710798.pdf?src-supplier=element14+APAC"; VariantName = "[No Variations]"
Add component (AddParameter): Name = "ComponentLink2URL"; Value = "https://datasheet.octopart.com:443/SMAJ24A-Littelfuse-datasheet-63710798.pdf?src-supplier=element14+APAC"; VariantName = "[No Variations]"
Add component (AddParameter): Name = "ComponentLink3Description"; Value = "https://datasheet.octopart.com:443/SMAJ24A-Littelfuse-datasheet-11547152.pdf?src-supplier=element14+APAC"; VariantName = "[No Variations]"
Add component (AddParameter): Name = "ComponentLink3URL"; Value = "https://datasheet.octopart.com:443/SMAJ24A-Littelfuse-datasheet-11547152.pdf?src-supplier=element14+APAC"; VariantName = "[No Variations]"
Add component (AddParameter): Name = "ComponentLink4Description"; Value = "https://datasheet.octopart.com:443/SMAJ24A-Littelfuse-datasheet-5393952.pdf?src-supplier=element14+APAC"; VariantName = "[No Variations]"
Add component (AddParameter): Name = "ComponentLink4URL"; Value = "https://datasheet.octopart.com:443/SMAJ24A-Littelfuse-datasheet-5393952.pdf?src-supplier=element14+APAC"; VariantName = "[No Variations]"
Add component (AddParameter): Name = "ComponentLink5Description"; Value = "https://datasheet.octopart.com:443/SMAJ24A-Littelfuse-datasheet-511791.pdf?src-supplier=element14+APAC"; VariantName = "[No Variations]"
Add component (AddParameter): Name = "ComponentLink5URL"; Value = "https://datasheet.octopart.com:443/SMAJ24A-Littelfuse-datasheet-511791.pdf?src-supplier=element14+APAC"; VariantName = "[No Variations]"
Add component (AddParameter): Name = "ComponentLink6Description"; Value = "https://datasheet.octopart.com:443/SMAJ24A-Littelfuse-datasheet-164649624.pdf?src-supplier=JRH+Electronics"; VariantName = "[No Variations]"
Add component (AddParameter): Name = "ComponentLink6URL"; Value = "https://datasheet.octopart.com:443/SMAJ24A-Littelfuse-datasheet-164649624.pdf?src-supplier=JRH+Electronics"; VariantName = "[No Variations]"
Add component (AddParameter): Name = "ComponentLink7Description"; Value = "https://datasheet.octopart.com:443/SMAJ24A-Littelfuse-datasheet-38878911.pdf?src-supplier=RS+(Formerly+Allied+Electronics)"; VariantName = "[No Variations]"
Add component (AddParameter): Name = "ComponentLink7URL"; Value = "https://datasheet.octopart.com:443/SMAJ24A-Littelfuse-datasheet-38878911.pdf?src-supplier=RS+(Formerly+Allied+Electronics)"; VariantName = "[No Variations]"
Add component (AddParameter): Name = "ComponentLink8Description"; Value = "https://datasheet.octopart.com:443/SMAJ24A-Littelfuse-datasheet-17901671.pdf?src-supplier=Future+Electronics"; VariantName = "[No Variations]"
Add component (AddParameter): Name = "ComponentLink8URL"; Value = "https://datasheet.octopart.com:443/SMAJ24A-Littelfuse-datasheet-17901671.pdf?src-supplier=Future+Electronics"; VariantName = "[No Variations]"
Add component (AddParameter): Name = "ComponentLink9Description"; Value = "https://datasheet.octopart.com:443/SMAJ24A-Littelfuse-datasheet-1053.pdf?src-supplier=DigiKey"; VariantName = "[No Variations]"
Add component (AddParameter): Name = "ComponentLink9URL"; Value = "https://datasheet.octopart.com:443/SMAJ24A-Littelfuse-datasheet-1053.pdf?src-supplier=DigiKey"; VariantName = "[No Variations]"
Add component (AddParameter): Name = "Composition"; Value = "Zener"; VariantName = "[No Variations]"
Add component (AddParameter): Name = "Direction"; Value = "Unidirectional"; VariantName = "[No Variations]"
Add component (AddParameter): Name = "Element Configuration"; Value = "Single"; VariantName = "[No Variations]"
Add component (AddParameter): Name = "Forward Voltage"; Value = "3.5V"; VariantName = "[No Variations]"
Add component (AddParameter): Name = "Height"; Value = "2.29mm"; VariantName = "[No Variations]"
Add component (AddParameter): Name = "Lead Free"; Value = "Lead Free"; VariantName = "[No Variations]"
Add component (AddParameter): Name = "Leakage Current"; Value = "1에"; VariantName = "[No Variations]"
Add component (AddParameter): Name = "Length"; Value = "4.5mm"; VariantName = "[No Variations]"
Add component (AddParameter): Name = "Lifecycle Status"; Value = "Production"; VariantName = "[No Variations]"
Add component (AddParameter): Name = "Manufacturer"; Value = "Littelfuse"; VariantName = "[No Variations]"
Add component (AddParameter): Name = "Manufacturer Part Number"; Value = "SMAJ24A"; VariantName = "[No Variations]"
Add component (AddParameter): Name = "Max Breakdown Voltage"; Value = "29.5V"; VariantName = "[No Variations]"
Add component (AddParameter): Name = "Max Junction Temperature (Tj)"; Value = "150C"; VariantName = "[No Variations]"
Add component (AddParameter): Name = "Max Operating Temperature"; Value = "150C"; VariantName = "[No Variations]"
Add component (AddParameter): Name = "Max Output current"; Value = "10.3A"; VariantName = "[No Variations]"
Add component (AddParameter): Name = "Max Power Dissipation"; Value = "3.3W"; VariantName = "[No Variations]"
Add component (AddParameter): Name = "Max Reverse Leakage Current"; Value = "1에"; VariantName = "[No Variations]"
Add component (AddParameter): Name = "Max Surge Current"; Value = "10.3A"; VariantName = "[No Variations]"
Add component (AddParameter): Name = "Min Breakdown Voltage"; Value = "26.7V"; VariantName = "[No Variations]"
Add component (AddParameter): Name = "Min Operating Temperature"; Value = "-65C"; VariantName = "[No Variations]"
Add component (AddParameter): Name = "Mounting Technology"; Value = "Surface Mount"; VariantName = "[No Variations]"
Add component (AddParameter): Name = "Number of Channels"; Value = "1"; VariantName = "[No Variations]"
Add component (AddParameter): Name = "Number of Elements"; Value = "1"; VariantName = "[No Variations]"
Add component (AddParameter): Name = "Number of Terminals"; Value = "2"; VariantName = "[No Variations]"
Add component (AddParameter): Name = "Number of Unidirectional Channels"; Value = "1"; VariantName = "[No Variations]"
Add component (AddParameter): Name = "Operating Supply Voltage"; Value = "24V"; VariantName = "[No Variations]"
Add component (AddParameter): Name = "Packaging"; Value = "Tape & Reel"; VariantName = "[No Variations]"
Add component (AddParameter): Name = "Peak Pulse Current"; Value = "10.3A"; VariantName = "[No Variations]"
Add component (AddParameter): Name = "Peak Pulse Power"; Value = "400W"; VariantName = "[No Variations]"
Add component (AddParameter): Name = "Peak Reverse Current"; Value = "1에"; VariantName = "[No Variations]"
Add component (AddParameter): Name = "Pins"; Value = "2"; VariantName = "[No Variations]"
Add component (AddParameter): Name = "Polarity"; Value = "Unidirectional"; VariantName = "[No Variations]"
Add component (AddParameter): Name = "Power Dissipation"; Value = "400W"; VariantName = "[No Variations]"
Add component (AddParameter): Name = "Power Line Protection"; Value = "No"; VariantName = "[No Variations]"
Add component (AddParameter): Name = "Power Rating"; Value = "400W"; VariantName = "[No Variations]"
Add component (AddParameter): Name = "Pricing"; Value = "1=0.21, 10=0.113, 100=0.074, 500=0.072, 1000=0.071 (USD)"; VariantName = "[No Variations]"
Add component (AddParameter): Name = "Radiation Hardening"; Value = "No"; VariantName = "[No Variations]"
Add component (AddParameter): Name = "REACH SVHC"; Value = "No"; VariantName = "[No Variations]"
Add component (AddParameter): Name = "Reverse Breakdown Voltage"; Value = "26.7V"; VariantName = "[No Variations]"
Add component (AddParameter): Name = "Reverse Standoff Voltage"; Value = "24V"; VariantName = "[No Variations]"
Add component (AddParameter): Name = "Reverse Voltage"; Value = "24V"; VariantName = "[No Variations]"
Add component (AddParameter): Name = "RoHS"; Value = "Compliant"; VariantName = "[No Variations]"
Add component (AddParameter): Name = "Schedule B"; Value = "8541100080, 8541100080|8541100080|8541100080|8541100080|8541100080"; VariantName = "[No Variations]"
Add component (AddParameter): Name = "Stock"; Value = "97583"; VariantName = "[No Variations]"
Add component (AddParameter): Name = "Supplier"; Value = "DigiKey"; VariantName = "[No Variations]"
Add component (AddParameter): Name = "Supplier Part Number"; Value = "SMAJ24ALFCT-ND"; VariantName = "[No Variations]"
Add component (AddParameter): Name = "Termination"; Value = "SMD/SMT"; VariantName = "[No Variations]"
Add component (AddParameter): Name = "Test Current"; Value = "1mA"; VariantName = "[No Variations]"
Add component (AddParameter): Name = "Value"; Value = "650pF"; VariantName = "[No Variations]"
Add component (AddParameter): Name = "Voltage Rating (DC)"; Value = "24V"; VariantName = "[No Variations]"
Add component (AddParameter): Name = "Width"; Value = "2.79mm"; VariantName = "[No Variations]"
Added Component: Designator=K3(Relay J104D2C24VDC.15S)
Add component (AddParameter): Name = "Category"; Value = "Signal Relays"; VariantName = "[No Variations]"
Add component (AddParameter): Name = "Coil Current"; Value = "6mA"; VariantName = "[No Variations]"
Add component (AddParameter): Name = "Coil Power"; Value = "150mW"; VariantName = "[No Variations]"
Add component (AddParameter): Name = "Coil Resistance"; Value = "3.84kO"; VariantName = "[No Variations]"
Add component (AddParameter): Name = "Coil Voltage (DC)"; Value = "18V"; VariantName = "[No Variations]"
Add component (AddParameter): Name = "Contact Current Rating"; Value = "2A"; VariantName = "[No Variations]"
Add component (AddParameter): Name = "Contact Plating"; Value = "Gold"; VariantName = "[No Variations]"
Add component (AddParameter): Name = "Contact Resistance"; Value = "50mO"; VariantName = "[No Variations]"
Add component (AddParameter): Name = "Contact Voltage Rating (AC)"; Value = "250V"; VariantName = "[No Variations]"
Add component (AddParameter): Name = "Electrical Life"; Value = "100kcycles"; VariantName = "[No Variations]"
Add component (AddParameter): Name = "Height"; Value = "11.42mm"; VariantName = "[No Variations]"
Add component (AddParameter): Name = "Insulation Resistance"; Value = "100MO"; VariantName = "[No Variations]"
Add component (AddParameter): Name = "Length"; Value = "20.37mm"; VariantName = "[No Variations]"
Add component (AddParameter): Name = "Manufacturer"; Value = "CIT Relay & Switch"; VariantName = "[No Variations]"
Add component (AddParameter): Name = "Manufacturer Part Number"; Value = "J104D2C24VDC.15S"; VariantName = "[No Variations]"
Add component (AddParameter): Name = "Max Current Rating"; Value = "2A"; VariantName = "[No Variations]"
Add component (AddParameter): Name = "Max Operating Temperature"; Value = "85C"; VariantName = "[No Variations]"
Add component (AddParameter): Name = "Max Voltage Rating (DC)"; Value = "100V"; VariantName = "[No Variations]"
Add component (AddParameter): Name = "Min Operating Temperature"; Value = "-40C"; VariantName = "[No Variations]"
Add component (AddParameter): Name = "Number of Terminals"; Value = "8"; VariantName = "[No Variations]"
Add component (AddParameter): Name = "Pricing"; Value = "1=1.26, 20=1.082, 40=1.045, 60=1.02383, 100=0.998, 260=0.95115, 500=0.92036, 1000=0.88878, 5000=0.8195 (USD)"; VariantName = "[No Variations]"
Add component (AddParameter): Name = "Release Time"; Value = "4ms"; VariantName = "[No Variations]"
Add component (AddParameter): Name = "Response Time"; Value = "6ms"; VariantName = "[No Variations]"
Add component (AddParameter): Name = "Stock"; Value = "5620"; VariantName = "[No Variations]"
Add component (AddParameter): Name = "Supplier"; Value = "DigiKey"; VariantName = "[No Variations]"
Add component (AddParameter): Name = "Supplier Part Number"; Value = "2449-J104D2C24VDC.15S-ND"; VariantName = "[No Variations]"
Add component (AddParameter): Name = "Throw Configuration"; Value = "DPDT"; VariantName = "[No Variations]"
Added Component: Designator=K4(Relay J104D2C24VDC.15S)
Add component (AddParameter): Name = "Category"; Value = "Signal Relays"; VariantName = "[No Variations]"
Add component (AddParameter): Name = "Coil Current"; Value = "6mA"; VariantName = "[No Variations]"
Add component (AddParameter): Name = "Coil Power"; Value = "150mW"; VariantName = "[No Variations]"
Add component (AddParameter): Name = "Coil Resistance"; Value = "3.84kO"; VariantName = "[No Variations]"
Add component (AddParameter): Name = "Coil Voltage (DC)"; Value = "18V"; VariantName = "[No Variations]"
Add component (AddParameter): Name = "Contact Current Rating"; Value = "2A"; VariantName = "[No Variations]"
Add component (AddParameter): Name = "Contact Plating"; Value = "Gold"; VariantName = "[No Variations]"
Add component (AddParameter): Name = "Contact Resistance"; Value = "50mO"; VariantName = "[No Variations]"
Add component (AddParameter): Name = "Contact Voltage Rating (AC)"; Value = "250V"; VariantName = "[No Variations]"
Add component (AddParameter): Name = "Electrical Life"; Value = "100kcycles"; VariantName = "[No Variations]"
Add component (AddParameter): Name = "Height"; Value = "11.42mm"; VariantName = "[No Variations]"
Add component (AddParameter): Name = "Insulation Resistance"; Value = "100MO"; VariantName = "[No Variations]"
Add component (AddParameter): Name = "Length"; Value = "20.37mm"; VariantName = "[No Variations]"
Add component (AddParameter): Name = "Manufacturer"; Value = "CIT Relay & Switch"; VariantName = "[No Variations]"
Add component (AddParameter): Name = "Manufacturer Part Number"; Value = "J104D2C24VDC.15S"; VariantName = "[No Variations]"
Add component (AddParameter): Name = "Max Current Rating"; Value = "2A"; VariantName = "[No Variations]"
Add component (AddParameter): Name = "Max Operating Temperature"; Value = "85C"; VariantName = "[No Variations]"
Add component (AddParameter): Name = "Max Voltage Rating (DC)"; Value = "100V"; VariantName = "[No Variations]"
Add component (AddParameter): Name = "Min Operating Temperature"; Value = "-40C"; VariantName = "[No Variations]"
Add component (AddParameter): Name = "Number of Terminals"; Value = "8"; VariantName = "[No Variations]"
Add component (AddParameter): Name = "Pricing"; Value = "1=1.26, 20=1.082, 40=1.045, 60=1.02383, 100=0.998, 260=0.95115, 500=0.92036, 1000=0.88878, 5000=0.8195 (USD)"; VariantName = "[No Variations]"
Add component (AddParameter): Name = "Release Time"; Value = "4ms"; VariantName = "[No Variations]"
Add component (AddParameter): Name = "Response Time"; Value = "6ms"; VariantName = "[No Variations]"
Add component (AddParameter): Name = "Stock"; Value = "5620"; VariantName = "[No Variations]"
Add component (AddParameter): Name = "Supplier"; Value = "DigiKey"; VariantName = "[No Variations]"
Add component (AddParameter): Name = "Supplier Part Number"; Value = "2449-J104D2C24VDC.15S-ND"; VariantName = "[No Variations]"
Add component (AddParameter): Name = "Throw Configuration"; Value = "DPDT"; VariantName = "[No Variations]"
Added Component: Designator=K5(Relay J104D2C24VDC.15S)
Add component (AddParameter): Name = "Category"; Value = "Signal Relays"; VariantName = "[No Variations]"
Add component (AddParameter): Name = "Coil Current"; Value = "6mA"; VariantName = "[No Variations]"
Add component (AddParameter): Name = "Coil Power"; Value = "150mW"; VariantName = "[No Variations]"
Add component (AddParameter): Name = "Coil Resistance"; Value = "3.84kO"; VariantName = "[No Variations]"
Add component (AddParameter): Name = "Coil Voltage (DC)"; Value = "18V"; VariantName = "[No Variations]"
Add component (AddParameter): Name = "Contact Current Rating"; Value = "2A"; VariantName = "[No Variations]"
Add component (AddParameter): Name = "Contact Plating"; Value = "Gold"; VariantName = "[No Variations]"
Add component (AddParameter): Name = "Contact Resistance"; Value = "50mO"; VariantName = "[No Variations]"
Add component (AddParameter): Name = "Contact Voltage Rating (AC)"; Value = "250V"; VariantName = "[No Variations]"
Add component (AddParameter): Name = "Electrical Life"; Value = "100kcycles"; VariantName = "[No Variations]"
Add component (AddParameter): Name = "Height"; Value = "11.42mm"; VariantName = "[No Variations]"
Add component (AddParameter): Name = "Insulation Resistance"; Value = "100MO"; VariantName = "[No Variations]"
Add component (AddParameter): Name = "Length"; Value = "20.37mm"; VariantName = "[No Variations]"
Add component (AddParameter): Name = "Manufacturer"; Value = "CIT Relay & Switch"; VariantName = "[No Variations]"
Add component (AddParameter): Name = "Manufacturer Part Number"; Value = "J104D2C24VDC.15S"; VariantName = "[No Variations]"
Add component (AddParameter): Name = "Max Current Rating"; Value = "2A"; VariantName = "[No Variations]"
Add component (AddParameter): Name = "Max Operating Temperature"; Value = "85C"; VariantName = "[No Variations]"
Add component (AddParameter): Name = "Max Voltage Rating (DC)"; Value = "100V"; VariantName = "[No Variations]"
Add component (AddParameter): Name = "Min Operating Temperature"; Value = "-40C"; VariantName = "[No Variations]"
Add component (AddParameter): Name = "Number of Terminals"; Value = "8"; VariantName = "[No Variations]"
Add component (AddParameter): Name = "Pricing"; Value = "1=1.26, 20=1.082, 40=1.045, 60=1.02383, 100=0.998, 260=0.95115, 500=0.92036, 1000=0.88878, 5000=0.8195 (USD)"; VariantName = "[No Variations]"
Add component (AddParameter): Name = "Release Time"; Value = "4ms"; VariantName = "[No Variations]"
Add component (AddParameter): Name = "Response Time"; Value = "6ms"; VariantName = "[No Variations]"
Add component (AddParameter): Name = "Stock"; Value = "5620"; VariantName = "[No Variations]"
Add component (AddParameter): Name = "Supplier"; Value = "DigiKey"; VariantName = "[No Variations]"
Add component (AddParameter): Name = "Supplier Part Number"; Value = "2449-J104D2C24VDC.15S-ND"; VariantName = "[No Variations]"
Add component (AddParameter): Name = "Throw Configuration"; Value = "DPDT"; VariantName = "[No Variations]"
Added Component: Designator=K6(Relay J104D2C24VDC.15S)
Add component (AddParameter): Name = "Category"; Value = "Signal Relays"; VariantName = "[No Variations]"
Add component (AddParameter): Name = "Coil Current"; Value = "6mA"; VariantName = "[No Variations]"
Add component (AddParameter): Name = "Coil Power"; Value = "150mW"; VariantName = "[No Variations]"
Add component (AddParameter): Name = "Coil Resistance"; Value = "3.84kO"; VariantName = "[No Variations]"
Add component (AddParameter): Name = "Coil Voltage (DC)"; Value = "18V"; VariantName = "[No Variations]"
Add component (AddParameter): Name = "Contact Current Rating"; Value = "2A"; VariantName = "[No Variations]"
Add component (AddParameter): Name = "Contact Plating"; Value = "Gold"; VariantName = "[No Variations]"
Add component (AddParameter): Name = "Contact Resistance"; Value = "50mO"; VariantName = "[No Variations]"
Add component (AddParameter): Name = "Contact Voltage Rating (AC)"; Value = "250V"; VariantName = "[No Variations]"
Add component (AddParameter): Name = "Electrical Life"; Value = "100kcycles"; VariantName = "[No Variations]"
Add component (AddParameter): Name = "Height"; Value = "11.42mm"; VariantName = "[No Variations]"
Add component (AddParameter): Name = "Insulation Resistance"; Value = "100MO"; VariantName = "[No Variations]"
Add component (AddParameter): Name = "Length"; Value = "20.37mm"; VariantName = "[No Variations]"
Add component (AddParameter): Name = "Manufacturer"; Value = "CIT Relay & Switch"; VariantName = "[No Variations]"
Add component (AddParameter): Name = "Manufacturer Part Number"; Value = "J104D2C24VDC.15S"; VariantName = "[No Variations]"
Add component (AddParameter): Name = "Max Current Rating"; Value = "2A"; VariantName = "[No Variations]"
Add component (AddParameter): Name = "Max Operating Temperature"; Value = "85C"; VariantName = "[No Variations]"
Add component (AddParameter): Name = "Max Voltage Rating (DC)"; Value = "100V"; VariantName = "[No Variations]"
Add component (AddParameter): Name = "Min Operating Temperature"; Value = "-40C"; VariantName = "[No Variations]"
Add component (AddParameter): Name = "Number of Terminals"; Value = "8"; VariantName = "[No Variations]"
Add component (AddParameter): Name = "Pricing"; Value = "1=1.26, 20=1.082, 40=1.045, 60=1.02383, 100=0.998, 260=0.95115, 500=0.92036, 1000=0.88878, 5000=0.8195 (USD)"; VariantName = "[No Variations]"
Add component (AddParameter): Name = "Release Time"; Value = "4ms"; VariantName = "[No Variations]"
Add component (AddParameter): Name = "Response Time"; Value = "6ms"; VariantName = "[No Variations]"
Add component (AddParameter): Name = "Stock"; Value = "5620"; VariantName = "[No Variations]"
Add component (AddParameter): Name = "Supplier"; Value = "DigiKey"; VariantName = "[No Variations]"
Add component (AddParameter): Name = "Supplier Part Number"; Value = "2449-J104D2C24VDC.15S-ND"; VariantName = "[No Variations]"
Add component (AddParameter): Name = "Throw Configuration"; Value = "DPDT"; VariantName = "[No Variations]"
Added Pin To Net: NetName=OP_P3 Pin=D2-1
Added Pin To Net: NetName=GND Pin=D3-2
Added Pin To Net: NetName=GND Pin=D4-2
Added Pin To Net: NetName=Cin_U_FullAdder4 Pin=D5-1
Added Pin To Net: NetName=GND Pin=D5-2
Added Pin To Net: NetName=Cin_U_FullAdder4 Pin=D6-1
Added Pin To Net: NetName=GND Pin=D6-2
Added Pin To Net: NetName=OP_P3 Pin=D9-1
Added Pin To Net: NetName=OP_P3 Pin=D10-1
Added Pin To Net: NetName=Cin_U_FullAdder4 Pin=D13-1
Added Pin To Net: NetName=Cin_U_FullAdder4 Pin=D14-1
Added Pin To Net: NetName=OP_P3 Pin=DS21-1
Added Pin To Net: NetName=S_U_4bitMux23 Pin=DS24-1
Added Pin To Net: NetName=OP_P3 Pin=J1-5
Added Pin To Net: NetName=S_U_4bitMux23 Pin=J1-11
Added Pin To Net: NetName=OP_P3 Pin=K2-1
Added Pin To Net: NetName=ALU_OUT1 Pin=K3-2
Added Pin To Net: NetName=ALU_ADDER_out1 Pin=K3-3
Added Pin To Net: NetName=ALU_ADDER_out0 Pin=K3-6
Added Pin To Net: NetName=ALU_OUT0 Pin=K3-7
Added Pin To Net: NetName=GND Pin=K3-8
Added Pin To Net: NetName=ALU_OUT3 Pin=K4-2
Added Pin To Net: NetName=ALU_ADDER_out3 Pin=K4-3
Added Pin To Net: NetName=ALU_ADDER_out2 Pin=K4-6
Added Pin To Net: NetName=ALU_OUT2 Pin=K4-7
Added Pin To Net: NetName=GND Pin=K4-8
Added Pin To Net: NetName=Cin_U_FullAdder4 Pin=K5-1
Added Pin To Net: NetName=ALU_Gates1 Pin=K5-3
Added Pin To Net: NetName=ALU_ArithShift1 Pin=K5-4
Added Pin To Net: NetName=ALU_ArithShift0 Pin=K5-5
Added Pin To Net: NetName=ALU_Gates0 Pin=K5-6
Added Pin To Net: NetName=GND Pin=K5-8
Added Pin To Net: NetName=Cin_U_FullAdder4 Pin=K6-1
Added Pin To Net: NetName=ALU_Gates3 Pin=K6-3
Added Pin To Net: NetName=ALU_ArithShift3 Pin=K6-4
Added Pin To Net: NetName=ALU_ArithShift2 Pin=K6-5
Added Pin To Net: NetName=ALU_Gates2 Pin=K6-6
Added Pin To Net: NetName=GND Pin=K6-8
Added Pin To Net: NetName=ALU_ArithShift1 Pin=K7-2
Added Pin To Net: NetName=A_U_FullAdder4 Pin=K7-3
Added Pin To Net: NetName=A_U_FullAdder2 Pin=K7-4
Added Pin To Net: NetName=A_U_FullAdder3 Pin=K7-5
Added Pin To Net: NetName=GND Pin=K7-6
Added Pin To Net: NetName=ALU_ArithShift0 Pin=K7-7
Added Pin To Net: NetName=ALU_ArithShift3 Pin=K8-2
Added Pin To Net: NetName=A_U_FullAdder2 Pin=K8-3
Added Pin To Net: NetName=A_U_FullAdder1 Pin=K8-4
Added Pin To Net: NetName=A_U_FullAdder1 Pin=K8-5
Added Pin To Net: NetName=A_U_FullAdder3 Pin=K8-6
Added Pin To Net: NetName=ALU_ArithShift2 Pin=K8-7
Added Pin To Net: NetName=OP_P3 Pin=K9-1
Added Pin To Net: NetName=ALU_XORXNOR0 Pin=K9-2
Added Pin To Net: NetName=ALU_XOR1 Pin=K9-3
Added Pin To Net: NetName=ALU_XNOR1 Pin=K9-4
Added Pin To Net: NetName=ALU_XNOR0 Pin=K9-5
Added Pin To Net: NetName=ALU_XOR0 Pin=K9-6
Added Pin To Net: NetName=ALU_XORXNOR0 Pin=K9-7
Added Pin To Net: NetName=OP_P3 Pin=K10-1
Added Pin To Net: NetName=ALU_XORXNOR0 Pin=K10-2
Added Pin To Net: NetName=ALU_XOR3 Pin=K10-3
Added Pin To Net: NetName=ALU_XNOR3 Pin=K10-4
Added Pin To Net: NetName=ALU_XNOR2 Pin=K10-5
Added Pin To Net: NetName=ALU_XOR2 Pin=K10-6
Added Pin To Net: NetName=ALU_XORXNOR0 Pin=K10-7
Added Pin To Net: NetName=ALU_Gates1 Pin=K11-2
Added Pin To Net: NetName=ALU_ANDOR1 Pin=K11-3
Added Pin To Net: NetName=ALU_XORXNOR0 Pin=K11-4
Added Pin To Net: NetName=ALU_XORXNOR0 Pin=K11-5
Added Pin To Net: NetName=ALU_ANDOR0 Pin=K11-6
Added Pin To Net: NetName=ALU_Gates0 Pin=K11-7
Added Pin To Net: NetName=ALU_Gates3 Pin=K12-2
Added Pin To Net: NetName=ALU_ANDOR3 Pin=K12-3
Added Pin To Net: NetName=ALU_XORXNOR0 Pin=K12-4
Added Pin To Net: NetName=ALU_XORXNOR0 Pin=K12-5
Added Pin To Net: NetName=ALU_ANDOR2 Pin=K12-6
Added Pin To Net: NetName=ALU_Gates2 Pin=K12-7
Added Pin To Net: NetName=Cin_U_FullAdder4 Pin=K13-1
Added Pin To Net: NetName=B_U_FullAdder3 Pin=K13-2
Added Pin To Net: NetName=ALU_B1 Pin=K13-3
Added Pin To Net: NetName=ALU_B0 Pin=K13-6
Added Pin To Net: NetName=B_U_FullAdder4 Pin=K13-7
Added Pin To Net: NetName=Cin_U_FullAdder4 Pin=K14-1
Added Pin To Net: NetName=B_U_FullAdder1 Pin=K14-2
Added Pin To Net: NetName=ALU_B3 Pin=K14-3
Added Pin To Net: NetName=ALU_B2 Pin=K14-6
Added Pin To Net: NetName=B_U_FullAdder2 Pin=K14-7
Added Pin To Net: NetName=ALU_ANDOR1 Pin=K15-2
Added Pin To Net: NetName=ALU_AND1 Pin=K15-3
Added Pin To Net: NetName=ALU_OR1 Pin=K15-4
Added Pin To Net: NetName=ALU_OR0 Pin=K15-5
Added Pin To Net: NetName=ALU_AND0 Pin=K15-6
Added Pin To Net: NetName=ALU_ANDOR0 Pin=K15-7
Added Pin To Net: NetName=ALU_ANDOR3 Pin=K16-2
Added Pin To Net: NetName=ALU_AND3 Pin=K16-3
Added Pin To Net: NetName=ALU_OR3 Pin=K16-4
Added Pin To Net: NetName=ALU_OR2 Pin=K16-5
Added Pin To Net: NetName=ALU_AND2 Pin=K16-6
Added Pin To Net: NetName=ALU_ANDOR2 Pin=K16-7
Change Net Name : Old Net Name=OP_P1 New Net Name=S_U_4bitMux23
Change Net Name : Old Net Name=OP_P3 New Net Name=OP_P0
Change Net Name : Old Net Name=S_U_4bitMux23 New Net Name=OP_P3
Added Pin To Net: NetName=NetK3_4 Pin=K3-4
Added Pin To Net: NetName=NetK3_4 Pin=K5-2
Added Net: Name=NetK3_4
Added Pin To Net: NetName=NetK3_5 Pin=K3-5
Added Pin To Net: NetName=NetK3_5 Pin=K5-7
Added Net: Name=NetK3_5
Added Pin To Net: NetName=NetK4_4 Pin=K4-4
Added Pin To Net: NetName=NetK4_4 Pin=K6-2
Added Net: Name=NetK4_4
Added Pin To Net: NetName=NetK4_5 Pin=K4-5
Added Pin To Net: NetName=NetK4_5 Pin=K6-7
Added Net: Name=NetK4_5
Added Pin To Net: NetName=NetK13_4 Pin=K13-4
Added Pin To Net: NetName=NetK13_4 Pin=K35-7
Added Net: Name=NetK13_4
Added Pin To Net: NetName=NetK13_5 Pin=K13-5
Added Pin To Net: NetName=NetK13_5 Pin=K34-7
Added Net: Name=NetK13_5
Added Pin To Net: NetName=NetK14_4 Pin=K14-4
Added Pin To Net: NetName=NetK14_4 Pin=K33-7
Added Net: Name=NetK14_4
Added Pin To Net: NetName=NetK14_5 Pin=K14-5
Added Pin To Net: NetName=NetK14_5 Pin=K36-7
Added Net: Name=NetK14_5
Added Pin To Net: NetName=OP_P1 Pin=D1-1
Added Pin To Net: NetName=OP_P1 Pin=D3-1
Added Pin To Net: NetName=OP_P1 Pin=D4-1
Added Pin To Net: NetName=OP_P1 Pin=DS22-1
Added Pin To Net: NetName=OP_P1 Pin=J1-7
Added Pin To Net: NetName=OP_P1 Pin=K1-1
Added Pin To Net: NetName=OP_P1 Pin=K3-1
Added Pin To Net: NetName=OP_P1 Pin=K4-1
Added Net: Name=OP_P1
Added Member To Class: ClassName=U_4bitMux21 Member=Component D3 (D) SMAJ24A
Added Member To Class: ClassName=U_4bitMux21 Member=Component D4 (D) SMAJ24A
Added Member To Class: ClassName=U_4bitMux22 Member=Component D5 (D) SMAJ24A
Added Member To Class: ClassName=U_4bitMux22 Member=Component D6 (D) SMAJ24A
Added Member To Class: ClassName=U_4bitMux23 Member=Component D7 (D) SMAJ24A
Added Member To Class: ClassName=U_4bitMux23 Member=Component D8 (D) SMAJ24A
Added Member To Class: ClassName=U_4bitMux24 Member=Component D9 (D) SMAJ24A
Added Member To Class: ClassName=U_4bitMux24 Member=Component D10 (D) SMAJ24A
Added Member To Class: ClassName=U_4bitMux25 Member=Component D11 (D) SMAJ24A
Added Member To Class: ClassName=U_4bitMux25 Member=Component D12 (D) SMAJ24A
Added Member To Class: ClassName=U_4bitMux26 Member=Component D13 (D) SMAJ24A
Added Member To Class: ClassName=U_4bitMux26 Member=Component D14 (D) SMAJ24A
Added Member To Class: ClassName=U_4bitMux27 Member=Component D15 (D) SMAJ24A
Added Member To Class: ClassName=U_4bitMux27 Member=Component D16 (D) SMAJ24A
Added Member To Class: ClassName=U_4bitMux21 Member=Component K3 (K) J104D2C24VDC.15S
Added Member To Class: ClassName=U_4bitMux21 Member=Component K4 (K) J104D2C24VDC.15S
Added Member To Class: ClassName=U_4bitMux22 Member=Component K5 (K) J104D2C24VDC.15S
Added Member To Class: ClassName=U_4bitMux22 Member=Component K6 (K) J104D2C24VDC.15S
Added Member To Class: ClassName=U_4bitMux23 Member=Component K7 (K) J104D2C24VDC.15S
Added Member To Class: ClassName=U_4bitMux23 Member=Component K8 (K) J104D2C24VDC.15S
Added Member To Class: ClassName=U_4bitMux24 Member=Component K9 (K) J104D2C24VDC.15S
Added Member To Class: ClassName=U_4bitMux24 Member=Component K10 (K) J104D2C24VDC.15S
Added Member To Class: ClassName=U_4bitMux25 Member=Component K11 (K) J104D2C24VDC.15S
Added Member To Class: ClassName=U_4bitMux25 Member=Component K12 (K) J104D2C24VDC.15S
Added Member To Class: ClassName=U_4bitMux26 Member=Component K13 (K) J104D2C24VDC.15S
Added Member To Class: ClassName=U_4bitMux26 Member=Component K14 (K) J104D2C24VDC.15S
Added Member To Class: ClassName=U_4bitMux27 Member=Component K15 (K) J104D2C24VDC.15S
Added Member To Class: ClassName=U_4bitMux27 Member=Component K16 (K) J104D2C24VDC.15S
Added Member To Class: ClassName=ALU Member=Component R?1 (R?) 1.3k
Added Member To Class: ClassName=ALU Member=Component R?2 (R?) 1.3k
Added Member To Class: ClassName=ALU Member=Component R?3 (R?) 1.3k
Added Member To Class: ClassName=ALU Member=Component R?4 (R?) 1.3k
Added Member To Class: ClassName=ALU Member=Component R?5 (R?) 1.3k
Added Member To Class: ClassName=ALU Member=Component R?6 (R?) 1.3k
Added Member To Class: ClassName=ALU Member=Component R?7 (R?) 1.3k
Added Member To Class: ClassName=ALU Member=Component R?8 (R?) 1.3k
Added Member To Class: ClassName=ALU Member=Component R?9 (R?) 1.3k
Added Member To Class: ClassName=ALU Member=Component R?10 (R?) 1.3k
Added Member To Class: ClassName=ALU Member=Component R?11 (R?) 1.3k
Added Member To Class: ClassName=ALU Member=Component R?12 (R?) 1.3k
Added Member To Class: ClassName=ALU Member=Component R?13 (R?) 1.3k
Added Member To Class: ClassName=ALU Member=Component R?14 (R?) 1.3k
Added Member To Class: ClassName=ALU Member=Component R?15 (R?) 1.3k
Added Member To Class: ClassName=ALU Member=Component R?16 (R?) 1.3k
Added Member To Class: ClassName=ALU Member=Component R?17 (R?) 1.3k
Added Member To Class: ClassName=ALU Member=Component R?18 (R?) 1.3k
Added Member To Class: ClassName=ALU Member=Component R?19 (R?) 1.3k
Added Member To Class: ClassName=ALU Member=Component R?20 (R?) 1.3k
Added Member To Class: ClassName=ALU Member=Component R?21 (R?) 1.3k
Added Member To Class: ClassName=ALU Member=Component R?22 (R?) 1.3k
Added Member To Class: ClassName=ALU Member=Component R?23 (R?) 1.3k
Added Member To Class: ClassName=ALU Member=Component R?24 (R?) 1.3k
Added Member To Class: ClassName=ALU Member=Component R?25 (R?) 1.3k
Added Member To Class: ClassName=ALU Member=Component R?26 (R?) 1.3k
Added Member To Class: ClassName=ALU Member=Component R?27 (R?) 1.3k
Added Member To Class: ClassName=ALU Member=Component R?28 (R?) 1.3k
Added Member To Class: ClassName=ALU Member=Component R?29 (R?) 1.3k
Added Member To Class: ClassName=ALU Member=Component R?30 (R?) 1.3k
Added Member To Class: ClassName=ALU Member=Component R?31 (R?) 1.3k
Added Member To Class: ClassName=ALU Member=Component R?32 (R?) 1.3k
Added Member To Class: ClassName=ALU Member=Component R?33 (R?) 1.3k
Added Member To Class: ClassName=ALU Member=Component R?34 (R?) 1.3k
Added Member To Class: ClassName=ALU Member=Component R?35 (R?) 1.3k
Added Member To Class: ClassName=ALU Member=Component R?36 (R?) 1.3k
Added Member To Class: ClassName=ALU Member=Component R?37 (R?) 1.3k
Added Member To Class: ClassName=ALU Member=Component R?38 (R?) 1.3k
