Change Component Physical Designator: Old Designator=D1 New Designator=D3
Change Component Physical Designator: Old Designator=D2 New Designator=D4
Change Component Physical Designator: Old Designator=D3 New Designator=D5
Change Component Physical Designator: Old Designator=D4 New Designator=D6
Change Component Physical Designator: Old Designator=D5 New Designator=D7
Change Component Physical Designator: Old Designator=D6 New Designator=D8
Change Component Physical Designator: Old Designator=D7 New Designator=D9
Change Component Physical Designator: Old Designator=D8 New Designator=D10
Change Component Physical Designator: Old Designator=D9 New Designator=D11
Change Component Physical Designator: Old Designator=D10 New Designator=D12
Change Component Physical Designator: Old Designator=D11 New Designator=D13
Change Component Physical Designator: Old Designator=D12 New Designator=D14
Change Component Physical Designator: Old Designator=D13_U_1bitMux21 New Designator=D1
Change Component Physical Designator: Old Designator=D13_U_1bitMux22 New Designator=D2
Change Component Physical Designator: Old Designator=D? New Designator=D?35
Change Component Physical Designator: Old Designator=D? New Designator=D?36
Change Component Physical Designator: Old Designator=D? New Designator=D?37
Change Component Physical Designator: Old Designator=D? New Designator=D?38
Change Component Physical Designator: Old Designator=D? New Designator=D?39
Change Component Physical Designator: Old Designator=D? New Designator=D?40
Change Component Physical Designator: Old Designator=D? New Designator=D?41
Change Component Physical Designator: Old Designator=D? New Designator=D?42
Change Component Physical Designator: Old Designator=D?_U_4bitMux21 New Designator=D?1
Change Component Physical Designator: Old Designator=D?_U_4bitMux21 New Designator=D?2
Change Component Physical Designator: Old Designator=D?_U_4bitMux22 New Designator=D?3
Change Component Physical Designator: Old Designator=D?_U_4bitMux22 New Designator=D?4
Change Component Physical Designator: Old Designator=D?_U_4bitMux23 New Designator=D?5
Change Component Physical Designator: Old Designator=D?_U_4bitMux23 New Designator=D?6
Change Component Physical Designator: Old Designator=D?_U_4bitMux24 New Designator=D?7
Change Component Physical Designator: Old Designator=D?_U_4bitMux24 New Designator=D?8
Change Component Physical Designator: Old Designator=D?_U_4bitMux25 New Designator=D?9
Change Component Physical Designator: Old Designator=D?_U_4bitMux25 New Designator=D?10
Change Component Physical Designator: Old Designator=D?_U_4bitMux26 New Designator=D?11
Change Component Physical Designator: Old Designator=D?_U_4bitMux26 New Designator=D?12
Change Component Physical Designator: Old Designator=D?_U_4bitMux27 New Designator=D?13
Change Component Physical Designator: Old Designator=D?_U_4bitMux27 New Designator=D?14
Change Component Physical Designator: Old Designator=D?_U_FullAdder1 New Designator=D?15
Change Component Physical Designator: Old Designator=D?_U_FullAdder1 New Designator=D?16
Change Component Physical Designator: Old Designator=D?_U_FullAdder1 New Designator=D?17
Change Component Physical Designator: Old Designator=D?_U_FullAdder1 New Designator=D?18
Change Component Physical Designator: Old Designator=D?_U_FullAdder1 New Designator=D?19
Change Component Physical Designator: Old Designator=D?_U_FullAdder2 New Designator=D?20
Change Component Physical Designator: Old Designator=D?_U_FullAdder2 New Designator=D?21
Change Component Physical Designator: Old Designator=D?_U_FullAdder2 New Designator=D?22
Change Component Physical Designator: Old Designator=D?_U_FullAdder2 New Designator=D?23
Change Component Physical Designator: Old Designator=D?_U_FullAdder2 New Designator=D?24
Change Component Physical Designator: Old Designator=D?_U_FullAdder3 New Designator=D?25
Change Component Physical Designator: Old Designator=D?_U_FullAdder3 New Designator=D?26
Change Component Physical Designator: Old Designator=D?_U_FullAdder3 New Designator=D?27
Change Component Physical Designator: Old Designator=D?_U_FullAdder3 New Designator=D?28
Change Component Physical Designator: Old Designator=D?_U_FullAdder3 New Designator=D?29
Change Component Physical Designator: Old Designator=D?_U_FullAdder4 New Designator=D?30
Change Component Physical Designator: Old Designator=D?_U_FullAdder4 New Designator=D?31
Change Component Physical Designator: Old Designator=D?_U_FullAdder4 New Designator=D?32
Change Component Physical Designator: Old Designator=D?_U_FullAdder4 New Designator=D?33
Change Component Physical Designator: Old Designator=D?_U_FullAdder4 New Designator=D?34
Change Component Physical Designator: Old Designator=K1 New Designator=K3
Change Component Physical Designator: Old Designator=K2 New Designator=K4
Change Component Physical Designator: Old Designator=K3 New Designator=K5
Change Component Physical Designator: Old Designator=K4 New Designator=K6
Change Component Physical Designator: Old Designator=K5 New Designator=K7
Change Component Physical Designator: Old Designator=K6 New Designator=K8
Change Component Physical Designator: Old Designator=K7 New Designator=K9
Change Component Physical Designator: Old Designator=K8 New Designator=K10
Change Component Physical Designator: Old Designator=K9_U_1bitMux21 New Designator=K1
Change Component Physical Designator: Old Designator=K9_U_1bitMux22 New Designator=K2
Change Component Physical Designator: Old Designator=K? New Designator=K?27
Change Component Physical Designator: Old Designator=K? New Designator=K?28
Change Component Physical Designator: Old Designator=K? New Designator=K?29
Change Component Physical Designator: Old Designator=K? New Designator=K?30
Change Component Physical Designator: Old Designator=K?_U_4bitMux21 New Designator=K?1
Change Component Physical Designator: Old Designator=K?_U_4bitMux21 New Designator=K?2
Change Component Physical Designator: Old Designator=K?_U_4bitMux22 New Designator=K?3
Change Component Physical Designator: Old Designator=K?_U_4bitMux22 New Designator=K?4
Change Component Physical Designator: Old Designator=K?_U_4bitMux23 New Designator=K?5
Change Component Physical Designator: Old Designator=K?_U_4bitMux23 New Designator=K?6
Change Component Physical Designator: Old Designator=K?_U_4bitMux24 New Designator=K?7
Change Component Physical Designator: Old Designator=K?_U_4bitMux24 New Designator=K?8
Change Component Physical Designator: Old Designator=K?_U_4bitMux25 New Designator=K?9
Change Component Physical Designator: Old Designator=K?_U_4bitMux25 New Designator=K?10
Change Component Physical Designator: Old Designator=K?_U_4bitMux26 New Designator=K?11
Change Component Physical Designator: Old Designator=K?_U_4bitMux26 New Designator=K?12
Change Component Physical Designator: Old Designator=K?_U_4bitMux27 New Designator=K?13
Change Component Physical Designator: Old Designator=K?_U_4bitMux27 New Designator=K?14
Change Component Physical Designator: Old Designator=K?_U_FullAdder1 New Designator=K?15
Change Component Physical Designator: Old Designator=K?_U_FullAdder1 New Designator=K?16
Change Component Physical Designator: Old Designator=K?_U_FullAdder1 New Designator=K?17
Change Component Physical Designator: Old Designator=K?_U_FullAdder2 New Designator=K?18
Change Component Physical Designator: Old Designator=K?_U_FullAdder2 New Designator=K?19
Change Component Physical Designator: Old Designator=K?_U_FullAdder2 New Designator=K?20
Change Component Physical Designator: Old Designator=K?_U_FullAdder3 New Designator=K?21
Change Component Physical Designator: Old Designator=K?_U_FullAdder3 New Designator=K?22
Change Component Physical Designator: Old Designator=K?_U_FullAdder3 New Designator=K?23
Change Component Physical Designator: Old Designator=K?_U_FullAdder4 New Designator=K?24
Change Component Physical Designator: Old Designator=K?_U_FullAdder4 New Designator=K?25
Change Component Physical Designator: Old Designator=K?_U_FullAdder4 New Designator=K?26
