Change Component Physical Designator: Old Designator=D5 New Designator=D45
Change Component Physical Designator: Old Designator=D6 New Designator=D46
Change Component Physical Designator: Old Designator=D7 New Designator=D47
Change Component Physical Designator: Old Designator=D8 New Designator=D48
Change Component Physical Designator: Old Designator=D9 New Designator=D49
Change Component Physical Designator: Old Designator=D10 New Designator=D50
Change Component Physical Designator: Old Designator=D11 New Designator=D51
Change Component Physical Designator: Old Designator=D12 New Designator=D52
Change Component Physical Designator: Old Designator=D New Designator=D41
Change Component Physical Designator: Old Designator=D New Designator=D42
Change Component Physical Designator: Old Designator=D New Designator=D43
Change Component Physical Designator: Old Designator=D New Designator=D44
Change Component Physical Designator: Old Designator=D_U_1bitMux21 New Designator=D1
Change Component Physical Designator: Old Designator=D_U_1bitMux22 New Designator=D2
Change Component Physical Designator: Old Designator=D_U_4bitMux21 New Designator=D7
Change Component Physical Designator: Old Designator=D_U_4bitMux21 New Designator=D8
Change Component Physical Designator: Old Designator=D_U_4bitMux22 New Designator=D9
Change Component Physical Designator: Old Designator=D_U_4bitMux22 New Designator=D10
Change Component Physical Designator: Old Designator=D_U_4bitMux23 New Designator=D11
Change Component Physical Designator: Old Designator=D_U_4bitMux23 New Designator=D12
Change Component Physical Designator: Old Designator=D_U_4bitMux24 New Designator=D13
Change Component Physical Designator: Old Designator=D_U_4bitMux24 New Designator=D14
Change Component Physical Designator: Old Designator=D_U_4bitMux25 New Designator=D15
Change Component Physical Designator: Old Designator=D_U_4bitMux25 New Designator=D16
Change Component Physical Designator: Old Designator=D_U_4bitMux26 New Designator=D17
Change Component Physical Designator: Old Designator=D_U_4bitMux26 New Designator=D18
Change Component Physical Designator: Old Designator=D_U_4bitMux27 New Designator=D19
Change Component Physical Designator: Old Designator=D_U_4bitMux27 New Designator=D20
Change Component Physical Designator: Old Designator=D_U_FullAdder1 New Designator=D21
Change Component Physical Designator: Old Designator=D_U_FullAdder1 New Designator=D22
Change Component Physical Designator: Old Designator=D_U_FullAdder1 New Designator=D23
Change Component Physical Designator: Old Designator=D_U_FullAdder1 New Designator=D24
Change Component Physical Designator: Old Designator=D_U_FullAdder1 New Designator=D25
Change Component Physical Designator: Old Designator=D_U_FullAdder2 New Designator=D26
Change Component Physical Designator: Old Designator=D_U_FullAdder2 New Designator=D27
Change Component Physical Designator: Old Designator=D_U_FullAdder2 New Designator=D28
Change Component Physical Designator: Old Designator=D_U_FullAdder2 New Designator=D29
Change Component Physical Designator: Old Designator=D_U_FullAdder2 New Designator=D30
Change Component Physical Designator: Old Designator=D_U_FullAdder3 New Designator=D31
Change Component Physical Designator: Old Designator=D_U_FullAdder3 New Designator=D32
Change Component Physical Designator: Old Designator=D_U_FullAdder3 New Designator=D33
Change Component Physical Designator: Old Designator=D_U_FullAdder3 New Designator=D34
Change Component Physical Designator: Old Designator=D_U_FullAdder3 New Designator=D35
Change Component Physical Designator: Old Designator=D_U_FullAdder4 New Designator=D36
Change Component Physical Designator: Old Designator=D_U_FullAdder4 New Designator=D37
Change Component Physical Designator: Old Designator=D_U_FullAdder4 New Designator=D38
Change Component Physical Designator: Old Designator=D_U_FullAdder4 New Designator=D39
Change Component Physical Designator: Old Designator=D_U_FullAdder4 New Designator=D40
Change Component Physical Designator: Old Designator=K5 New Designator=K37
Change Component Physical Designator: Old Designator=K6 New Designator=K38
Change Component Physical Designator: Old Designator=K7 New Designator=K39
Change Component Physical Designator: Old Designator=K8 New Designator=K40
Change Component Physical Designator: Old Designator=K New Designator=K33
Change Component Physical Designator: Old Designator=K New Designator=K34
Change Component Physical Designator: Old Designator=K New Designator=K35
Change Component Physical Designator: Old Designator=K New Designator=K36
Change Component Physical Designator: Old Designator=K_U_1bitMux21 New Designator=K1
Change Component Physical Designator: Old Designator=K_U_1bitMux22 New Designator=K2
Change Component Physical Designator: Old Designator=K_U_4bitMux21 New Designator=K7
Change Component Physical Designator: Old Designator=K_U_4bitMux21 New Designator=K8
Change Component Physical Designator: Old Designator=K_U_4bitMux22 New Designator=K9
Change Component Physical Designator: Old Designator=K_U_4bitMux22 New Designator=K10
Change Component Physical Designator: Old Designator=K_U_4bitMux23 New Designator=K11
Change Component Physical Designator: Old Designator=K_U_4bitMux23 New Designator=K12
Change Component Physical Designator: Old Designator=K_U_4bitMux24 New Designator=K13
Change Component Physical Designator: Old Designator=K_U_4bitMux24 New Designator=K14
Change Component Physical Designator: Old Designator=K_U_4bitMux25 New Designator=K15
Change Component Physical Designator: Old Designator=K_U_4bitMux25 New Designator=K16
Change Component Physical Designator: Old Designator=K_U_4bitMux26 New Designator=K17
Change Component Physical Designator: Old Designator=K_U_4bitMux26 New Designator=K18
Change Component Physical Designator: Old Designator=K_U_4bitMux27 New Designator=K19
Change Component Physical Designator: Old Designator=K_U_4bitMux27 New Designator=K20
Change Component Physical Designator: Old Designator=K_U_FullAdder1 New Designator=K21
Change Component Physical Designator: Old Designator=K_U_FullAdder1 New Designator=K22
Change Component Physical Designator: Old Designator=K_U_FullAdder1 New Designator=K23
Change Component Physical Designator: Old Designator=K_U_FullAdder2 New Designator=K24
Change Component Physical Designator: Old Designator=K_U_FullAdder2 New Designator=K25
Change Component Physical Designator: Old Designator=K_U_FullAdder2 New Designator=K26
Change Component Physical Designator: Old Designator=K_U_FullAdder3 New Designator=K27
Change Component Physical Designator: Old Designator=K_U_FullAdder3 New Designator=K28
Change Component Physical Designator: Old Designator=K_U_FullAdder3 New Designator=K29
Change Component Physical Designator: Old Designator=K_U_FullAdder4 New Designator=K30
Change Component Physical Designator: Old Designator=K_U_FullAdder4 New Designator=K31
Change Component Physical Designator: Old Designator=K_U_FullAdder4 New Designator=K32
