Change Component Physical Designator: Old Designator=D3 New Designator=D17
Change Component Physical Designator: Old Designator=D4 New Designator=D18
Change Component Physical Designator: Old Designator=D5 New Designator=D19
Change Component Physical Designator: Old Designator=D6 New Designator=D20
Change Component Physical Designator: Old Designator=D_U_4bitMux21 New Designator=D3
Change Component Physical Designator: Old Designator=D_U_4bitMux21 New Designator=D4
Change Component Physical Designator: Old Designator=D_U_4bitMux22 New Designator=D5
Change Component Physical Designator: Old Designator=D_U_4bitMux22 New Designator=D6
Change Component Physical Designator: Old Designator=D_U_4bitMux23 New Designator=D7
Change Component Physical Designator: Old Designator=D_U_4bitMux23 New Designator=D8
Change Component Physical Designator: Old Designator=D_U_4bitMux24 New Designator=D9
Change Component Physical Designator: Old Designator=D_U_4bitMux24 New Designator=D10
Change Component Physical Designator: Old Designator=D_U_4bitMux25 New Designator=D11
Change Component Physical Designator: Old Designator=D_U_4bitMux25 New Designator=D12
Change Component Physical Designator: Old Designator=D_U_4bitMux26 New Designator=D13
Change Component Physical Designator: Old Designator=D_U_4bitMux26 New Designator=D14
Change Component Physical Designator: Old Designator=D_U_4bitMux27 New Designator=D15
Change Component Physical Designator: Old Designator=D_U_4bitMux27 New Designator=D16
Change Component Physical Designator: Old Designator=K3 New Designator=K17
Change Component Physical Designator: Old Designator=K4 New Designator=K18
Change Component Physical Designator: Old Designator=K5 New Designator=K19
Change Component Physical Designator: Old Designator=K6 New Designator=K20
Change Component Physical Designator: Old Designator=K_U_4bitMux21 New Designator=K3
Change Component Physical Designator: Old Designator=K_U_4bitMux21 New Designator=K4
Change Component Physical Designator: Old Designator=K_U_4bitMux22 New Designator=K5
Change Component Physical Designator: Old Designator=K_U_4bitMux22 New Designator=K6
Change Component Physical Designator: Old Designator=K_U_4bitMux23 New Designator=K7
Change Component Physical Designator: Old Designator=K_U_4bitMux23 New Designator=K8
Change Component Physical Designator: Old Designator=K_U_4bitMux24 New Designator=K9
Change Component Physical Designator: Old Designator=K_U_4bitMux24 New Designator=K10
Change Component Physical Designator: Old Designator=K_U_4bitMux25 New Designator=K11
Change Component Physical Designator: Old Designator=K_U_4bitMux25 New Designator=K12
Change Component Physical Designator: Old Designator=K_U_4bitMux26 New Designator=K13
Change Component Physical Designator: Old Designator=K_U_4bitMux26 New Designator=K14
Change Component Physical Designator: Old Designator=K_U_4bitMux27 New Designator=K15
Change Component Physical Designator: Old Designator=K_U_4bitMux27 New Designator=K16
Change Component Physical Designator: Old Designator=R? New Designator=R?1
Change Component Physical Designator: Old Designator=R? New Designator=R?2
Change Component Physical Designator: Old Designator=R? New Designator=R?3
Change Component Physical Designator: Old Designator=R? New Designator=R?4
Change Component Physical Designator: Old Designator=R? New Designator=R?5
Change Component Physical Designator: Old Designator=R? New Designator=R?6
Change Component Physical Designator: Old Designator=R? New Designator=R?7
Change Component Physical Designator: Old Designator=R? New Designator=R?8
Change Component Physical Designator: Old Designator=R? New Designator=R?9
Change Component Physical Designator: Old Designator=R? New Designator=R?10
Change Component Physical Designator: Old Designator=R? New Designator=R?11
Change Component Physical Designator: Old Designator=R? New Designator=R?12
Change Component Physical Designator: Old Designator=R? New Designator=R?13
Change Component Physical Designator: Old Designator=R? New Designator=R?14
Change Component Physical Designator: Old Designator=R? New Designator=R?15
Change Component Physical Designator: Old Designator=R? New Designator=R?16
Change Component Physical Designator: Old Designator=R? New Designator=R?17
Change Component Physical Designator: Old Designator=R? New Designator=R?18
Change Component Physical Designator: Old Designator=R? New Designator=R?19
Change Component Physical Designator: Old Designator=R? New Designator=R?20
Change Component Physical Designator: Old Designator=R? New Designator=R?21
Change Component Physical Designator: Old Designator=R? New Designator=R?22
Change Component Physical Designator: Old Designator=R? New Designator=R?23
Change Component Physical Designator: Old Designator=R? New Designator=R?24
Change Component Physical Designator: Old Designator=R? New Designator=R?25
Change Component Physical Designator: Old Designator=R? New Designator=R?26
Change Component Physical Designator: Old Designator=R? New Designator=R?27
Change Component Physical Designator: Old Designator=R? New Designator=R?28
Change Component Physical Designator: Old Designator=R? New Designator=R?29
Change Component Physical Designator: Old Designator=R? New Designator=R?30
Change Component Physical Designator: Old Designator=R? New Designator=R?31
Change Component Physical Designator: Old Designator=R? New Designator=R?32
Change Component Physical Designator: Old Designator=R? New Designator=R?33
Change Component Physical Designator: Old Designator=R? New Designator=R?34
Change Component Physical Designator: Old Designator=R? New Designator=R?35
Change Component Physical Designator: Old Designator=R? New Designator=R?36
Change Component Physical Designator: Old Designator=R? New Designator=R?37
Change Component Physical Designator: Old Designator=R? New Designator=R?38
