Change Component Physical Designator: Old Designator=D? New Designator=D?17
Change Component Physical Designator: Old Designator=D? New Designator=D?18
Change Component Physical Designator: Old Designator=D? New Designator=D?19
Change Component Physical Designator: Old Designator=D? New Designator=D?20
Change Component Physical Designator: Old Designator=D? New Designator=D?41
Change Component Physical Designator: Old Designator=D? New Designator=D?42
Change Component Physical Designator: Old Designator=D? New Designator=D?43
Change Component Physical Designator: Old Designator=D? New Designator=D?44
Change Component Physical Designator: Old Designator=D? New Designator=D?45
Change Component Physical Designator: Old Designator=D? New Designator=D?46
Change Component Physical Designator: Old Designator=D? New Designator=D?47
Change Component Physical Designator: Old Designator=D? New Designator=D?48
Change Component Physical Designator: Old Designator=D? New Designator=D?49
Change Component Physical Designator: Old Designator=D? New Designator=D?50
Change Component Physical Designator: Old Designator=D? New Designator=D?51
Change Component Physical Designator: Old Designator=D? New Designator=D?52
Change Component Physical Designator: Old Designator=D? New Designator=D?53
Change Component Physical Designator: Old Designator=D? New Designator=D?54
Change Component Physical Designator: Old Designator=D? New Designator=D?55
Change Component Physical Designator: Old Designator=D? New Designator=D?56
Change Component Physical Designator: Old Designator=D?_U_1bitMux21 New Designator=D?1
Change Component Physical Designator: Old Designator=D?_U_1bitMux22 New Designator=D?2
Change Component Physical Designator: Old Designator=D?_U_4bitMux21 New Designator=D?3
Change Component Physical Designator: Old Designator=D?_U_4bitMux21 New Designator=D?4
Change Component Physical Designator: Old Designator=D?_U_4bitMux22 New Designator=D?5
Change Component Physical Designator: Old Designator=D?_U_4bitMux22 New Designator=D?6
Change Component Physical Designator: Old Designator=D?_U_4bitMux23 New Designator=D?7
Change Component Physical Designator: Old Designator=D?_U_4bitMux23 New Designator=D?8
Change Component Physical Designator: Old Designator=D?_U_4bitMux24 New Designator=D?9
Change Component Physical Designator: Old Designator=D?_U_4bitMux24 New Designator=D?10
Change Component Physical Designator: Old Designator=D?_U_4bitMux25 New Designator=D?11
Change Component Physical Designator: Old Designator=D?_U_4bitMux25 New Designator=D?12
Change Component Physical Designator: Old Designator=D?_U_4bitMux26 New Designator=D?13
Change Component Physical Designator: Old Designator=D?_U_4bitMux26 New Designator=D?14
Change Component Physical Designator: Old Designator=D?_U_4bitMux27 New Designator=D?15
Change Component Physical Designator: Old Designator=D?_U_4bitMux27 New Designator=D?16
Change Component Physical Designator: Old Designator=D?_U_FullAdder1 New Designator=D?21
Change Component Physical Designator: Old Designator=D?_U_FullAdder1 New Designator=D?22
Change Component Physical Designator: Old Designator=D?_U_FullAdder1 New Designator=D?23
Change Component Physical Designator: Old Designator=D?_U_FullAdder1 New Designator=D?24
Change Component Physical Designator: Old Designator=D?_U_FullAdder1 New Designator=D?25
Change Component Physical Designator: Old Designator=D?_U_FullAdder2 New Designator=D?26
Change Component Physical Designator: Old Designator=D?_U_FullAdder2 New Designator=D?27
Change Component Physical Designator: Old Designator=D?_U_FullAdder2 New Designator=D?28
Change Component Physical Designator: Old Designator=D?_U_FullAdder2 New Designator=D?29
Change Component Physical Designator: Old Designator=D?_U_FullAdder2 New Designator=D?30
Change Component Physical Designator: Old Designator=D?_U_FullAdder3 New Designator=D?31
Change Component Physical Designator: Old Designator=D?_U_FullAdder3 New Designator=D?32
Change Component Physical Designator: Old Designator=D?_U_FullAdder3 New Designator=D?33
Change Component Physical Designator: Old Designator=D?_U_FullAdder3 New Designator=D?34
Change Component Physical Designator: Old Designator=D?_U_FullAdder3 New Designator=D?35
Change Component Physical Designator: Old Designator=D?_U_FullAdder4 New Designator=D?36
Change Component Physical Designator: Old Designator=D?_U_FullAdder4 New Designator=D?37
Change Component Physical Designator: Old Designator=D?_U_FullAdder4 New Designator=D?38
Change Component Physical Designator: Old Designator=D?_U_FullAdder4 New Designator=D?39
Change Component Physical Designator: Old Designator=D?_U_FullAdder4 New Designator=D?40
Change Component Physical Designator: Old Designator=DS? New Designator=DS?1
Change Component Physical Designator: Old Designator=DS? New Designator=DS?2
Change Component Physical Designator: Old Designator=DS? New Designator=DS?3
Change Component Physical Designator: Old Designator=DS? New Designator=DS?4
Change Component Physical Designator: Old Designator=DS? New Designator=DS?5
Change Component Physical Designator: Old Designator=DS? New Designator=DS?6
Change Component Physical Designator: Old Designator=DS? New Designator=DS?7
Change Component Physical Designator: Old Designator=DS? New Designator=DS?8
Change Component Physical Designator: Old Designator=DS? New Designator=DS?9
Change Component Physical Designator: Old Designator=DS? New Designator=DS?10
Change Component Physical Designator: Old Designator=DS? New Designator=DS?11
Change Component Physical Designator: Old Designator=DS? New Designator=DS?12
Change Component Physical Designator: Old Designator=DS? New Designator=DS?13
Change Component Physical Designator: Old Designator=DS? New Designator=DS?14
Change Component Physical Designator: Old Designator=DS? New Designator=DS?15
Change Component Physical Designator: Old Designator=DS? New Designator=DS?16
Change Component Physical Designator: Old Designator=DS? New Designator=DS?17
Change Component Physical Designator: Old Designator=DS? New Designator=DS?18
Change Component Physical Designator: Old Designator=DS? New Designator=DS?19
Change Component Physical Designator: Old Designator=DS? New Designator=DS?20
Change Component Physical Designator: Old Designator=DS? New Designator=DS?21
Change Component Physical Designator: Old Designator=DS? New Designator=DS?22
Change Component Physical Designator: Old Designator=DS? New Designator=DS?23
Change Component Physical Designator: Old Designator=DS? New Designator=DS?24
Change Component Physical Designator: Old Designator=DS? New Designator=DS?25
Change Component Physical Designator: Old Designator=DS? New Designator=DS?26
Change Component Physical Designator: Old Designator=DS? New Designator=DS?27
Change Component Physical Designator: Old Designator=DS? New Designator=DS?28
Change Component Physical Designator: Old Designator=DS? New Designator=DS?29
Change Component Physical Designator: Old Designator=DS? New Designator=DS?30
Change Component Physical Designator: Old Designator=K? New Designator=K?17
Change Component Physical Designator: Old Designator=K? New Designator=K?18
Change Component Physical Designator: Old Designator=K? New Designator=K?19
Change Component Physical Designator: Old Designator=K? New Designator=K?20
Change Component Physical Designator: Old Designator=K? New Designator=K?33
Change Component Physical Designator: Old Designator=K? New Designator=K?34
Change Component Physical Designator: Old Designator=K? New Designator=K?35
Change Component Physical Designator: Old Designator=K? New Designator=K?36
Change Component Physical Designator: Old Designator=K? New Designator=K?37
Change Component Physical Designator: Old Designator=K? New Designator=K?38
Change Component Physical Designator: Old Designator=K? New Designator=K?39
Change Component Physical Designator: Old Designator=K? New Designator=K?40
Change Component Physical Designator: Old Designator=K?_U_1bitMux21 New Designator=K?1
Change Component Physical Designator: Old Designator=K?_U_1bitMux22 New Designator=K?2
Change Component Physical Designator: Old Designator=K?_U_4bitMux21 New Designator=K?3
Change Component Physical Designator: Old Designator=K?_U_4bitMux21 New Designator=K?4
Change Component Physical Designator: Old Designator=K?_U_4bitMux22 New Designator=K?5
Change Component Physical Designator: Old Designator=K?_U_4bitMux22 New Designator=K?6
Change Component Physical Designator: Old Designator=K?_U_4bitMux23 New Designator=K?7
Change Component Physical Designator: Old Designator=K?_U_4bitMux23 New Designator=K?8
Change Component Physical Designator: Old Designator=K?_U_4bitMux24 New Designator=K?9
Change Component Physical Designator: Old Designator=K?_U_4bitMux24 New Designator=K?10
Change Component Physical Designator: Old Designator=K?_U_4bitMux25 New Designator=K?11
Change Component Physical Designator: Old Designator=K?_U_4bitMux25 New Designator=K?12
Change Component Physical Designator: Old Designator=K?_U_4bitMux26 New Designator=K?13
Change Component Physical Designator: Old Designator=K?_U_4bitMux26 New Designator=K?14
Change Component Physical Designator: Old Designator=K?_U_4bitMux27 New Designator=K?15
Change Component Physical Designator: Old Designator=K?_U_4bitMux27 New Designator=K?16
Change Component Physical Designator: Old Designator=K?_U_FullAdder1 New Designator=K?21
Change Component Physical Designator: Old Designator=K?_U_FullAdder1 New Designator=K?22
Change Component Physical Designator: Old Designator=K?_U_FullAdder1 New Designator=K?23
Change Component Physical Designator: Old Designator=K?_U_FullAdder2 New Designator=K?24
Change Component Physical Designator: Old Designator=K?_U_FullAdder2 New Designator=K?25
Change Component Physical Designator: Old Designator=K?_U_FullAdder2 New Designator=K?26
Change Component Physical Designator: Old Designator=K?_U_FullAdder3 New Designator=K?27
Change Component Physical Designator: Old Designator=K?_U_FullAdder3 New Designator=K?28
Change Component Physical Designator: Old Designator=K?_U_FullAdder3 New Designator=K?29
Change Component Physical Designator: Old Designator=K?_U_FullAdder4 New Designator=K?30
Change Component Physical Designator: Old Designator=K?_U_FullAdder4 New Designator=K?31
Change Component Physical Designator: Old Designator=K?_U_FullAdder4 New Designator=K?32
Change Component Physical Designator: Old Designator=R? New Designator=R?1
Change Component Physical Designator: Old Designator=R? New Designator=R?2
Change Component Physical Designator: Old Designator=R? New Designator=R?3
Change Component Physical Designator: Old Designator=R? New Designator=R?4
Change Component Physical Designator: Old Designator=R? New Designator=R?5
Change Component Physical Designator: Old Designator=R? New Designator=R?6
Change Component Physical Designator: Old Designator=R? New Designator=R?7
Change Component Physical Designator: Old Designator=R? New Designator=R?8
Change Component Physical Designator: Old Designator=R? New Designator=R?9
Change Component Physical Designator: Old Designator=R? New Designator=R?10
Change Component Physical Designator: Old Designator=R? New Designator=R?11
Change Component Physical Designator: Old Designator=R? New Designator=R?12
Change Component Physical Designator: Old Designator=R? New Designator=R?13
Change Component Physical Designator: Old Designator=R? New Designator=R?14
Change Component Physical Designator: Old Designator=R? New Designator=R?15
Change Component Physical Designator: Old Designator=R? New Designator=R?16
Change Component Physical Designator: Old Designator=R? New Designator=R?17
Change Component Physical Designator: Old Designator=R? New Designator=R?18
Change Component Physical Designator: Old Designator=R? New Designator=R?19
Change Component Physical Designator: Old Designator=R? New Designator=R?20
Change Component Physical Designator: Old Designator=R? New Designator=R?21
Change Component Physical Designator: Old Designator=R? New Designator=R?22
Change Component Physical Designator: Old Designator=R? New Designator=R?23
Change Component Physical Designator: Old Designator=R? New Designator=R?24
Change Component Physical Designator: Old Designator=R? New Designator=R?25
Change Component Physical Designator: Old Designator=R? New Designator=R?26
Change Component Physical Designator: Old Designator=R? New Designator=R?27
Change Component Physical Designator: Old Designator=R? New Designator=R?28
Change Component Physical Designator: Old Designator=R? New Designator=R?29
Change Component Physical Designator: Old Designator=R? New Designator=R?30
