Added Component: Designator=K?_U_FlipFlop1(Relay J104D2C24VDC.15S)
Add component (AddParameter): Name = "Category"; Value = "Signal Relays"; VariantName = "[No Variations]"
Add component (AddParameter): Name = "Coil Current"; Value = "6mA"; VariantName = "[No Variations]"
Add component (AddParameter): Name = "Coil Power"; Value = "150mW"; VariantName = "[No Variations]"
Add component (AddParameter): Name = "Coil Resistance"; Value = "3.84kO"; VariantName = "[No Variations]"
Add component (AddParameter): Name = "Coil Voltage (DC)"; Value = "18V"; VariantName = "[No Variations]"
Add component (AddParameter): Name = "Contact Current Rating"; Value = "2A"; VariantName = "[No Variations]"
Add component (AddParameter): Name = "Contact Plating"; Value = "Gold"; VariantName = "[No Variations]"
Add component (AddParameter): Name = "Contact Resistance"; Value = "50mO"; VariantName = "[No Variations]"
Add component (AddParameter): Name = "Contact Voltage Rating (AC)"; Value = "250V"; VariantName = "[No Variations]"
Add component (AddParameter): Name = "Electrical Life"; Value = "100kcycles"; VariantName = "[No Variations]"
Add component (AddParameter): Name = "Height"; Value = "11.42mm"; VariantName = "[No Variations]"
Add component (AddParameter): Name = "Insulation Resistance"; Value = "100MO"; VariantName = "[No Variations]"
Add component (AddParameter): Name = "Length"; Value = "20.37mm"; VariantName = "[No Variations]"
Add component (AddParameter): Name = "Manufacturer"; Value = "CIT Relay & Switch"; VariantName = "[No Variations]"
Add component (AddParameter): Name = "Manufacturer Part Number"; Value = "J104D2C24VDC.15S"; VariantName = "[No Variations]"
Add component (AddParameter): Name = "Max Current Rating"; Value = "2A"; VariantName = "[No Variations]"
Add component (AddParameter): Name = "Max Operating Temperature"; Value = "85°C"; VariantName = "[No Variations]"
Add component (AddParameter): Name = "Max Voltage Rating (DC)"; Value = "100V"; VariantName = "[No Variations]"
Add component (AddParameter): Name = "Min Operating Temperature"; Value = "-40°C"; VariantName = "[No Variations]"
Add component (AddParameter): Name = "Number of Terminals"; Value = "8"; VariantName = "[No Variations]"
Add component (AddParameter): Name = "Pricing"; Value = "1=1.26, 20=1.082, 40=1.045, 60=1.02383, 100=0.998, 260=0.95115, 500=0.92036, 1000=0.88878, 5000=0.8195 (USD)"; VariantName = "[No Variations]"
Add component (AddParameter): Name = "Release Time"; Value = "4ms"; VariantName = "[No Variations]"
Add component (AddParameter): Name = "Response Time"; Value = "6ms"; VariantName = "[No Variations]"
Add component (AddParameter): Name = "Stock"; Value = "5620"; VariantName = "[No Variations]"
Add component (AddParameter): Name = "Supplier"; Value = "DigiKey"; VariantName = "[No Variations]"
Add component (AddParameter): Name = "Supplier Part Number"; Value = "2449-J104D2C24VDC.15S-ND"; VariantName = "[No Variations]"
Add component (AddParameter): Name = "Throw Configuration"; Value = "DPDT"; VariantName = "[No Variations]"
Added Component: Designator=K?_U_FlipFlop1(Relay J104D2C24VDC.15S)
Add component (AddParameter): Name = "Category"; Value = "Signal Relays"; VariantName = "[No Variations]"
Add component (AddParameter): Name = "Coil Current"; Value = "6mA"; VariantName = "[No Variations]"
Add component (AddParameter): Name = "Coil Power"; Value = "150mW"; VariantName = "[No Variations]"
Add component (AddParameter): Name = "Coil Resistance"; Value = "3.84kO"; VariantName = "[No Variations]"
Add component (AddParameter): Name = "Coil Voltage (DC)"; Value = "18V"; VariantName = "[No Variations]"
Add component (AddParameter): Name = "Contact Current Rating"; Value = "2A"; VariantName = "[No Variations]"
Add component (AddParameter): Name = "Contact Plating"; Value = "Gold"; VariantName = "[No Variations]"
Add component (AddParameter): Name = "Contact Resistance"; Value = "50mO"; VariantName = "[No Variations]"
Add component (AddParameter): Name = "Contact Voltage Rating (AC)"; Value = "250V"; VariantName = "[No Variations]"
Add component (AddParameter): Name = "Electrical Life"; Value = "100kcycles"; VariantName = "[No Variations]"
Add component (AddParameter): Name = "Height"; Value = "11.42mm"; VariantName = "[No Variations]"
Add component (AddParameter): Name = "Insulation Resistance"; Value = "100MO"; VariantName = "[No Variations]"
Add component (AddParameter): Name = "Length"; Value = "20.37mm"; VariantName = "[No Variations]"
Add component (AddParameter): Name = "Manufacturer"; Value = "CIT Relay & Switch"; VariantName = "[No Variations]"
Add component (AddParameter): Name = "Manufacturer Part Number"; Value = "J104D2C24VDC.15S"; VariantName = "[No Variations]"
Add component (AddParameter): Name = "Max Current Rating"; Value = "2A"; VariantName = "[No Variations]"
Add component (AddParameter): Name = "Max Operating Temperature"; Value = "85°C"; VariantName = "[No Variations]"
Add component (AddParameter): Name = "Max Voltage Rating (DC)"; Value = "100V"; VariantName = "[No Variations]"
Add component (AddParameter): Name = "Min Operating Temperature"; Value = "-40°C"; VariantName = "[No Variations]"
Add component (AddParameter): Name = "Number of Terminals"; Value = "8"; VariantName = "[No Variations]"
Add component (AddParameter): Name = "Pricing"; Value = "1=1.26, 20=1.082, 40=1.045, 60=1.02383, 100=0.998, 260=0.95115, 500=0.92036, 1000=0.88878, 5000=0.8195 (USD)"; VariantName = "[No Variations]"
Add component (AddParameter): Name = "Release Time"; Value = "4ms"; VariantName = "[No Variations]"
Add component (AddParameter): Name = "Response Time"; Value = "6ms"; VariantName = "[No Variations]"
Add component (AddParameter): Name = "Stock"; Value = "5620"; VariantName = "[No Variations]"
Add component (AddParameter): Name = "Supplier"; Value = "DigiKey"; VariantName = "[No Variations]"
Add component (AddParameter): Name = "Supplier Part Number"; Value = "2449-J104D2C24VDC.15S-ND"; VariantName = "[No Variations]"
Add component (AddParameter): Name = "Throw Configuration"; Value = "DPDT"; VariantName = "[No Variations]"
Added Component: Designator=K?_U_FlipFlop1(Relay J104D2C24VDC.15S)
Add component (AddParameter): Name = "Category"; Value = "Signal Relays"; VariantName = "[No Variations]"
Add component (AddParameter): Name = "Coil Current"; Value = "6mA"; VariantName = "[No Variations]"
Add component (AddParameter): Name = "Coil Power"; Value = "150mW"; VariantName = "[No Variations]"
Add component (AddParameter): Name = "Coil Resistance"; Value = "3.84kO"; VariantName = "[No Variations]"
Add component (AddParameter): Name = "Coil Voltage (DC)"; Value = "18V"; VariantName = "[No Variations]"
Add component (AddParameter): Name = "Contact Current Rating"; Value = "2A"; VariantName = "[No Variations]"
Add component (AddParameter): Name = "Contact Plating"; Value = "Gold"; VariantName = "[No Variations]"
Add component (AddParameter): Name = "Contact Resistance"; Value = "50mO"; VariantName = "[No Variations]"
Add component (AddParameter): Name = "Contact Voltage Rating (AC)"; Value = "250V"; VariantName = "[No Variations]"
Add component (AddParameter): Name = "Electrical Life"; Value = "100kcycles"; VariantName = "[No Variations]"
Add component (AddParameter): Name = "Height"; Value = "11.42mm"; VariantName = "[No Variations]"
Add component (AddParameter): Name = "Insulation Resistance"; Value = "100MO"; VariantName = "[No Variations]"
Add component (AddParameter): Name = "Length"; Value = "20.37mm"; VariantName = "[No Variations]"
Add component (AddParameter): Name = "Manufacturer"; Value = "CIT Relay & Switch"; VariantName = "[No Variations]"
Add component (AddParameter): Name = "Manufacturer Part Number"; Value = "J104D2C24VDC.15S"; VariantName = "[No Variations]"
Add component (AddParameter): Name = "Max Current Rating"; Value = "2A"; VariantName = "[No Variations]"
Add component (AddParameter): Name = "Max Operating Temperature"; Value = "85°C"; VariantName = "[No Variations]"
Add component (AddParameter): Name = "Max Voltage Rating (DC)"; Value = "100V"; VariantName = "[No Variations]"
Add component (AddParameter): Name = "Min Operating Temperature"; Value = "-40°C"; VariantName = "[No Variations]"
Add component (AddParameter): Name = "Number of Terminals"; Value = "8"; VariantName = "[No Variations]"
Add component (AddParameter): Name = "Pricing"; Value = "1=1.26, 20=1.082, 40=1.045, 60=1.02383, 100=0.998, 260=0.95115, 500=0.92036, 1000=0.88878, 5000=0.8195 (USD)"; VariantName = "[No Variations]"
Add component (AddParameter): Name = "Release Time"; Value = "4ms"; VariantName = "[No Variations]"
Add component (AddParameter): Name = "Response Time"; Value = "6ms"; VariantName = "[No Variations]"
Add component (AddParameter): Name = "Stock"; Value = "5620"; VariantName = "[No Variations]"
Add component (AddParameter): Name = "Supplier"; Value = "DigiKey"; VariantName = "[No Variations]"
Add component (AddParameter): Name = "Supplier Part Number"; Value = "2449-J104D2C24VDC.15S-ND"; VariantName = "[No Variations]"
Add component (AddParameter): Name = "Throw Configuration"; Value = "DPDT"; VariantName = "[No Variations]"
Added Component: Designator=K?_U_FlipFlop1(Relay J104D2C24VDC.15S)
Add component (AddParameter): Name = "Category"; Value = "Signal Relays"; VariantName = "[No Variations]"
Add component (AddParameter): Name = "Coil Current"; Value = "6mA"; VariantName = "[No Variations]"
Add component (AddParameter): Name = "Coil Power"; Value = "150mW"; VariantName = "[No Variations]"
Add component (AddParameter): Name = "Coil Resistance"; Value = "3.84kO"; VariantName = "[No Variations]"
Add component (AddParameter): Name = "Coil Voltage (DC)"; Value = "18V"; VariantName = "[No Variations]"
Add component (AddParameter): Name = "Contact Current Rating"; Value = "2A"; VariantName = "[No Variations]"
Add component (AddParameter): Name = "Contact Plating"; Value = "Gold"; VariantName = "[No Variations]"
Add component (AddParameter): Name = "Contact Resistance"; Value = "50mO"; VariantName = "[No Variations]"
Add component (AddParameter): Name = "Contact Voltage Rating (AC)"; Value = "250V"; VariantName = "[No Variations]"
Add component (AddParameter): Name = "Electrical Life"; Value = "100kcycles"; VariantName = "[No Variations]"
Add component (AddParameter): Name = "Height"; Value = "11.42mm"; VariantName = "[No Variations]"
Add component (AddParameter): Name = "Insulation Resistance"; Value = "100MO"; VariantName = "[No Variations]"
Add component (AddParameter): Name = "Length"; Value = "20.37mm"; VariantName = "[No Variations]"
Add component (AddParameter): Name = "Manufacturer"; Value = "CIT Relay & Switch"; VariantName = "[No Variations]"
Add component (AddParameter): Name = "Manufacturer Part Number"; Value = "J104D2C24VDC.15S"; VariantName = "[No Variations]"
Add component (AddParameter): Name = "Max Current Rating"; Value = "2A"; VariantName = "[No Variations]"
Add component (AddParameter): Name = "Max Operating Temperature"; Value = "85°C"; VariantName = "[No Variations]"
Add component (AddParameter): Name = "Max Voltage Rating (DC)"; Value = "100V"; VariantName = "[No Variations]"
Add component (AddParameter): Name = "Min Operating Temperature"; Value = "-40°C"; VariantName = "[No Variations]"
Add component (AddParameter): Name = "Number of Terminals"; Value = "8"; VariantName = "[No Variations]"
Add component (AddParameter): Name = "Pricing"; Value = "1=1.26, 20=1.082, 40=1.045, 60=1.02383, 100=0.998, 260=0.95115, 500=0.92036, 1000=0.88878, 5000=0.8195 (USD)"; VariantName = "[No Variations]"
Add component (AddParameter): Name = "Release Time"; Value = "4ms"; VariantName = "[No Variations]"
Add component (AddParameter): Name = "Response Time"; Value = "6ms"; VariantName = "[No Variations]"
Add component (AddParameter): Name = "Stock"; Value = "5620"; VariantName = "[No Variations]"
Add component (AddParameter): Name = "Supplier"; Value = "DigiKey"; VariantName = "[No Variations]"
Add component (AddParameter): Name = "Supplier Part Number"; Value = "2449-J104D2C24VDC.15S-ND"; VariantName = "[No Variations]"
Add component (AddParameter): Name = "Throw Configuration"; Value = "DPDT"; VariantName = "[No Variations]"
Added Component: Designator=K?_U_FlipFlop1(Relay J104D2C24VDC.15S)
Add component (AddParameter): Name = "Category"; Value = "Signal Relays"; VariantName = "[No Variations]"
Add component (AddParameter): Name = "Coil Current"; Value = "6mA"; VariantName = "[No Variations]"
Add component (AddParameter): Name = "Coil Power"; Value = "150mW"; VariantName = "[No Variations]"
Add component (AddParameter): Name = "Coil Resistance"; Value = "3.84kO"; VariantName = "[No Variations]"
Add component (AddParameter): Name = "Coil Voltage (DC)"; Value = "18V"; VariantName = "[No Variations]"
Add component (AddParameter): Name = "Contact Current Rating"; Value = "2A"; VariantName = "[No Variations]"
Add component (AddParameter): Name = "Contact Plating"; Value = "Gold"; VariantName = "[No Variations]"
Add component (AddParameter): Name = "Contact Resistance"; Value = "50mO"; VariantName = "[No Variations]"
Add component (AddParameter): Name = "Contact Voltage Rating (AC)"; Value = "250V"; VariantName = "[No Variations]"
Add component (AddParameter): Name = "Electrical Life"; Value = "100kcycles"; VariantName = "[No Variations]"
Add component (AddParameter): Name = "Height"; Value = "11.42mm"; VariantName = "[No Variations]"
Add component (AddParameter): Name = "Insulation Resistance"; Value = "100MO"; VariantName = "[No Variations]"
Add component (AddParameter): Name = "Length"; Value = "20.37mm"; VariantName = "[No Variations]"
Add component (AddParameter): Name = "Manufacturer"; Value = "CIT Relay & Switch"; VariantName = "[No Variations]"
Add component (AddParameter): Name = "Manufacturer Part Number"; Value = "J104D2C24VDC.15S"; VariantName = "[No Variations]"
Add component (AddParameter): Name = "Max Current Rating"; Value = "2A"; VariantName = "[No Variations]"
Add component (AddParameter): Name = "Max Operating Temperature"; Value = "85°C"; VariantName = "[No Variations]"
Add component (AddParameter): Name = "Max Voltage Rating (DC)"; Value = "100V"; VariantName = "[No Variations]"
Add component (AddParameter): Name = "Min Operating Temperature"; Value = "-40°C"; VariantName = "[No Variations]"
Add component (AddParameter): Name = "Number of Terminals"; Value = "8"; VariantName = "[No Variations]"
Add component (AddParameter): Name = "Pricing"; Value = "1=1.26, 20=1.082, 40=1.045, 60=1.02383, 100=0.998, 260=0.95115, 500=0.92036, 1000=0.88878, 5000=0.8195 (USD)"; VariantName = "[No Variations]"
Add component (AddParameter): Name = "Release Time"; Value = "4ms"; VariantName = "[No Variations]"
Add component (AddParameter): Name = "Response Time"; Value = "6ms"; VariantName = "[No Variations]"
Add component (AddParameter): Name = "Stock"; Value = "5620"; VariantName = "[No Variations]"
Add component (AddParameter): Name = "Supplier"; Value = "DigiKey"; VariantName = "[No Variations]"
Add component (AddParameter): Name = "Supplier Part Number"; Value = "2449-J104D2C24VDC.15S-ND"; VariantName = "[No Variations]"
Add component (AddParameter): Name = "Throw Configuration"; Value = "DPDT"; VariantName = "[No Variations]"
Added Component: Designator=K?_U_FlipFlop1(Relay J104D2C24VDC.15S)
Add component (AddParameter): Name = "Category"; Value = "Signal Relays"; VariantName = "[No Variations]"
Add component (AddParameter): Name = "Coil Current"; Value = "6mA"; VariantName = "[No Variations]"
Add component (AddParameter): Name = "Coil Power"; Value = "150mW"; VariantName = "[No Variations]"
Add component (AddParameter): Name = "Coil Resistance"; Value = "3.84kO"; VariantName = "[No Variations]"
Add component (AddParameter): Name = "Coil Voltage (DC)"; Value = "18V"; VariantName = "[No Variations]"
Add component (AddParameter): Name = "Contact Current Rating"; Value = "2A"; VariantName = "[No Variations]"
Add component (AddParameter): Name = "Contact Plating"; Value = "Gold"; VariantName = "[No Variations]"
Add component (AddParameter): Name = "Contact Resistance"; Value = "50mO"; VariantName = "[No Variations]"
Add component (AddParameter): Name = "Contact Voltage Rating (AC)"; Value = "250V"; VariantName = "[No Variations]"
Add component (AddParameter): Name = "Electrical Life"; Value = "100kcycles"; VariantName = "[No Variations]"
Add component (AddParameter): Name = "Height"; Value = "11.42mm"; VariantName = "[No Variations]"
Add component (AddParameter): Name = "Insulation Resistance"; Value = "100MO"; VariantName = "[No Variations]"
Add component (AddParameter): Name = "Length"; Value = "20.37mm"; VariantName = "[No Variations]"
Add component (AddParameter): Name = "Manufacturer"; Value = "CIT Relay & Switch"; VariantName = "[No Variations]"
Add component (AddParameter): Name = "Manufacturer Part Number"; Value = "J104D2C24VDC.15S"; VariantName = "[No Variations]"
Add component (AddParameter): Name = "Max Current Rating"; Value = "2A"; VariantName = "[No Variations]"
Add component (AddParameter): Name = "Max Operating Temperature"; Value = "85°C"; VariantName = "[No Variations]"
Add component (AddParameter): Name = "Max Voltage Rating (DC)"; Value = "100V"; VariantName = "[No Variations]"
Add component (AddParameter): Name = "Min Operating Temperature"; Value = "-40°C"; VariantName = "[No Variations]"
Add component (AddParameter): Name = "Number of Terminals"; Value = "8"; VariantName = "[No Variations]"
Add component (AddParameter): Name = "Pricing"; Value = "1=1.26, 20=1.082, 40=1.045, 60=1.02383, 100=0.998, 260=0.95115, 500=0.92036, 1000=0.88878, 5000=0.8195 (USD)"; VariantName = "[No Variations]"
Add component (AddParameter): Name = "Release Time"; Value = "4ms"; VariantName = "[No Variations]"
Add component (AddParameter): Name = "Response Time"; Value = "6ms"; VariantName = "[No Variations]"
Add component (AddParameter): Name = "Stock"; Value = "5620"; VariantName = "[No Variations]"
Add component (AddParameter): Name = "Supplier"; Value = "DigiKey"; VariantName = "[No Variations]"
Add component (AddParameter): Name = "Supplier Part Number"; Value = "2449-J104D2C24VDC.15S-ND"; VariantName = "[No Variations]"
Add component (AddParameter): Name = "Throw Configuration"; Value = "DPDT"; VariantName = "[No Variations]"
Added Component: Designator=K?_U_FlipFlop1(Relay J104D2C24VDC.15S)
Add component (AddParameter): Name = "Category"; Value = "Signal Relays"; VariantName = "[No Variations]"
Add component (AddParameter): Name = "Coil Current"; Value = "6mA"; VariantName = "[No Variations]"
Add component (AddParameter): Name = "Coil Power"; Value = "150mW"; VariantName = "[No Variations]"
Add component (AddParameter): Name = "Coil Resistance"; Value = "3.84kO"; VariantName = "[No Variations]"
Add component (AddParameter): Name = "Coil Voltage (DC)"; Value = "18V"; VariantName = "[No Variations]"
Add component (AddParameter): Name = "Contact Current Rating"; Value = "2A"; VariantName = "[No Variations]"
Add component (AddParameter): Name = "Contact Plating"; Value = "Gold"; VariantName = "[No Variations]"
Add component (AddParameter): Name = "Contact Resistance"; Value = "50mO"; VariantName = "[No Variations]"
Add component (AddParameter): Name = "Contact Voltage Rating (AC)"; Value = "250V"; VariantName = "[No Variations]"
Add component (AddParameter): Name = "Electrical Life"; Value = "100kcycles"; VariantName = "[No Variations]"
Add component (AddParameter): Name = "Height"; Value = "11.42mm"; VariantName = "[No Variations]"
Add component (AddParameter): Name = "Insulation Resistance"; Value = "100MO"; VariantName = "[No Variations]"
Add component (AddParameter): Name = "Length"; Value = "20.37mm"; VariantName = "[No Variations]"
Add component (AddParameter): Name = "Manufacturer"; Value = "CIT Relay & Switch"; VariantName = "[No Variations]"
Add component (AddParameter): Name = "Manufacturer Part Number"; Value = "J104D2C24VDC.15S"; VariantName = "[No Variations]"
Add component (AddParameter): Name = "Max Current Rating"; Value = "2A"; VariantName = "[No Variations]"
Add component (AddParameter): Name = "Max Operating Temperature"; Value = "85°C"; VariantName = "[No Variations]"
Add component (AddParameter): Name = "Max Voltage Rating (DC)"; Value = "100V"; VariantName = "[No Variations]"
Add component (AddParameter): Name = "Min Operating Temperature"; Value = "-40°C"; VariantName = "[No Variations]"
Add component (AddParameter): Name = "Number of Terminals"; Value = "8"; VariantName = "[No Variations]"
Add component (AddParameter): Name = "Pricing"; Value = "1=1.26, 20=1.082, 40=1.045, 60=1.02383, 100=0.998, 260=0.95115, 500=0.92036, 1000=0.88878, 5000=0.8195 (USD)"; VariantName = "[No Variations]"
Add component (AddParameter): Name = "Release Time"; Value = "4ms"; VariantName = "[No Variations]"
Add component (AddParameter): Name = "Response Time"; Value = "6ms"; VariantName = "[No Variations]"
Add component (AddParameter): Name = "Stock"; Value = "5620"; VariantName = "[No Variations]"
Add component (AddParameter): Name = "Supplier"; Value = "DigiKey"; VariantName = "[No Variations]"
Add component (AddParameter): Name = "Supplier Part Number"; Value = "2449-J104D2C24VDC.15S-ND"; VariantName = "[No Variations]"
Add component (AddParameter): Name = "Throw Configuration"; Value = "DPDT"; VariantName = "[No Variations]"
Added Component: Designator=K?_U_FlipFlop2(Relay J104D2C24VDC.15S)
Add component (AddParameter): Name = "Category"; Value = "Signal Relays"; VariantName = "[No Variations]"
Add component (AddParameter): Name = "Coil Current"; Value = "6mA"; VariantName = "[No Variations]"
Add component (AddParameter): Name = "Coil Power"; Value = "150mW"; VariantName = "[No Variations]"
Add component (AddParameter): Name = "Coil Resistance"; Value = "3.84kO"; VariantName = "[No Variations]"
Add component (AddParameter): Name = "Coil Voltage (DC)"; Value = "18V"; VariantName = "[No Variations]"
Add component (AddParameter): Name = "Contact Current Rating"; Value = "2A"; VariantName = "[No Variations]"
Add component (AddParameter): Name = "Contact Plating"; Value = "Gold"; VariantName = "[No Variations]"
Add component (AddParameter): Name = "Contact Resistance"; Value = "50mO"; VariantName = "[No Variations]"
Add component (AddParameter): Name = "Contact Voltage Rating (AC)"; Value = "250V"; VariantName = "[No Variations]"
Add component (AddParameter): Name = "Electrical Life"; Value = "100kcycles"; VariantName = "[No Variations]"
Add component (AddParameter): Name = "Height"; Value = "11.42mm"; VariantName = "[No Variations]"
Add component (AddParameter): Name = "Insulation Resistance"; Value = "100MO"; VariantName = "[No Variations]"
Add component (AddParameter): Name = "Length"; Value = "20.37mm"; VariantName = "[No Variations]"
Add component (AddParameter): Name = "Manufacturer"; Value = "CIT Relay & Switch"; VariantName = "[No Variations]"
Add component (AddParameter): Name = "Manufacturer Part Number"; Value = "J104D2C24VDC.15S"; VariantName = "[No Variations]"
Add component (AddParameter): Name = "Max Current Rating"; Value = "2A"; VariantName = "[No Variations]"
Add component (AddParameter): Name = "Max Operating Temperature"; Value = "85°C"; VariantName = "[No Variations]"
Add component (AddParameter): Name = "Max Voltage Rating (DC)"; Value = "100V"; VariantName = "[No Variations]"
Add component (AddParameter): Name = "Min Operating Temperature"; Value = "-40°C"; VariantName = "[No Variations]"
Add component (AddParameter): Name = "Number of Terminals"; Value = "8"; VariantName = "[No Variations]"
Add component (AddParameter): Name = "Pricing"; Value = "1=1.26, 20=1.082, 40=1.045, 60=1.02383, 100=0.998, 260=0.95115, 500=0.92036, 1000=0.88878, 5000=0.8195 (USD)"; VariantName = "[No Variations]"
Add component (AddParameter): Name = "Release Time"; Value = "4ms"; VariantName = "[No Variations]"
Add component (AddParameter): Name = "Response Time"; Value = "6ms"; VariantName = "[No Variations]"
Add component (AddParameter): Name = "Stock"; Value = "5620"; VariantName = "[No Variations]"
Add component (AddParameter): Name = "Supplier"; Value = "DigiKey"; VariantName = "[No Variations]"
Add component (AddParameter): Name = "Supplier Part Number"; Value = "2449-J104D2C24VDC.15S-ND"; VariantName = "[No Variations]"
Add component (AddParameter): Name = "Throw Configuration"; Value = "DPDT"; VariantName = "[No Variations]"
Added Component: Designator=K?_U_FlipFlop2(Relay J104D2C24VDC.15S)
Add component (AddParameter): Name = "Category"; Value = "Signal Relays"; VariantName = "[No Variations]"
Add component (AddParameter): Name = "Coil Current"; Value = "6mA"; VariantName = "[No Variations]"
Add component (AddParameter): Name = "Coil Power"; Value = "150mW"; VariantName = "[No Variations]"
Add component (AddParameter): Name = "Coil Resistance"; Value = "3.84kO"; VariantName = "[No Variations]"
Add component (AddParameter): Name = "Coil Voltage (DC)"; Value = "18V"; VariantName = "[No Variations]"
Add component (AddParameter): Name = "Contact Current Rating"; Value = "2A"; VariantName = "[No Variations]"
Add component (AddParameter): Name = "Contact Plating"; Value = "Gold"; VariantName = "[No Variations]"
Add component (AddParameter): Name = "Contact Resistance"; Value = "50mO"; VariantName = "[No Variations]"
Add component (AddParameter): Name = "Contact Voltage Rating (AC)"; Value = "250V"; VariantName = "[No Variations]"
Add component (AddParameter): Name = "Electrical Life"; Value = "100kcycles"; VariantName = "[No Variations]"
Add component (AddParameter): Name = "Height"; Value = "11.42mm"; VariantName = "[No Variations]"
Add component (AddParameter): Name = "Insulation Resistance"; Value = "100MO"; VariantName = "[No Variations]"
Add component (AddParameter): Name = "Length"; Value = "20.37mm"; VariantName = "[No Variations]"
Add component (AddParameter): Name = "Manufacturer"; Value = "CIT Relay & Switch"; VariantName = "[No Variations]"
Add component (AddParameter): Name = "Manufacturer Part Number"; Value = "J104D2C24VDC.15S"; VariantName = "[No Variations]"
Add component (AddParameter): Name = "Max Current Rating"; Value = "2A"; VariantName = "[No Variations]"
Add component (AddParameter): Name = "Max Operating Temperature"; Value = "85°C"; VariantName = "[No Variations]"
Add component (AddParameter): Name = "Max Voltage Rating (DC)"; Value = "100V"; VariantName = "[No Variations]"
Add component (AddParameter): Name = "Min Operating Temperature"; Value = "-40°C"; VariantName = "[No Variations]"
Add component (AddParameter): Name = "Number of Terminals"; Value = "8"; VariantName = "[No Variations]"
Add component (AddParameter): Name = "Pricing"; Value = "1=1.26, 20=1.082, 40=1.045, 60=1.02383, 100=0.998, 260=0.95115, 500=0.92036, 1000=0.88878, 5000=0.8195 (USD)"; VariantName = "[No Variations]"
Add component (AddParameter): Name = "Release Time"; Value = "4ms"; VariantName = "[No Variations]"
Add component (AddParameter): Name = "Response Time"; Value = "6ms"; VariantName = "[No Variations]"
Add component (AddParameter): Name = "Stock"; Value = "5620"; VariantName = "[No Variations]"
Add component (AddParameter): Name = "Supplier"; Value = "DigiKey"; VariantName = "[No Variations]"
Add component (AddParameter): Name = "Supplier Part Number"; Value = "2449-J104D2C24VDC.15S-ND"; VariantName = "[No Variations]"
Add component (AddParameter): Name = "Throw Configuration"; Value = "DPDT"; VariantName = "[No Variations]"
Added Component: Designator=K?_U_FlipFlop2(Relay J104D2C24VDC.15S)
Add component (AddParameter): Name = "Category"; Value = "Signal Relays"; VariantName = "[No Variations]"
Add component (AddParameter): Name = "Coil Current"; Value = "6mA"; VariantName = "[No Variations]"
Add component (AddParameter): Name = "Coil Power"; Value = "150mW"; VariantName = "[No Variations]"
Add component (AddParameter): Name = "Coil Resistance"; Value = "3.84kO"; VariantName = "[No Variations]"
Add component (AddParameter): Name = "Coil Voltage (DC)"; Value = "18V"; VariantName = "[No Variations]"
Add component (AddParameter): Name = "Contact Current Rating"; Value = "2A"; VariantName = "[No Variations]"
Add component (AddParameter): Name = "Contact Plating"; Value = "Gold"; VariantName = "[No Variations]"
Add component (AddParameter): Name = "Contact Resistance"; Value = "50mO"; VariantName = "[No Variations]"
Add component (AddParameter): Name = "Contact Voltage Rating (AC)"; Value = "250V"; VariantName = "[No Variations]"
Add component (AddParameter): Name = "Electrical Life"; Value = "100kcycles"; VariantName = "[No Variations]"
Add component (AddParameter): Name = "Height"; Value = "11.42mm"; VariantName = "[No Variations]"
Add component (AddParameter): Name = "Insulation Resistance"; Value = "100MO"; VariantName = "[No Variations]"
Add component (AddParameter): Name = "Length"; Value = "20.37mm"; VariantName = "[No Variations]"
Add component (AddParameter): Name = "Manufacturer"; Value = "CIT Relay & Switch"; VariantName = "[No Variations]"
Add component (AddParameter): Name = "Manufacturer Part Number"; Value = "J104D2C24VDC.15S"; VariantName = "[No Variations]"
Add component (AddParameter): Name = "Max Current Rating"; Value = "2A"; VariantName = "[No Variations]"
Add component (AddParameter): Name = "Max Operating Temperature"; Value = "85°C"; VariantName = "[No Variations]"
Add component (AddParameter): Name = "Max Voltage Rating (DC)"; Value = "100V"; VariantName = "[No Variations]"
Add component (AddParameter): Name = "Min Operating Temperature"; Value = "-40°C"; VariantName = "[No Variations]"
Add component (AddParameter): Name = "Number of Terminals"; Value = "8"; VariantName = "[No Variations]"
Add component (AddParameter): Name = "Pricing"; Value = "1=1.26, 20=1.082, 40=1.045, 60=1.02383, 100=0.998, 260=0.95115, 500=0.92036, 1000=0.88878, 5000=0.8195 (USD)"; VariantName = "[No Variations]"
Add component (AddParameter): Name = "Release Time"; Value = "4ms"; VariantName = "[No Variations]"
Add component (AddParameter): Name = "Response Time"; Value = "6ms"; VariantName = "[No Variations]"
Add component (AddParameter): Name = "Stock"; Value = "5620"; VariantName = "[No Variations]"
Add component (AddParameter): Name = "Supplier"; Value = "DigiKey"; VariantName = "[No Variations]"
Add component (AddParameter): Name = "Supplier Part Number"; Value = "2449-J104D2C24VDC.15S-ND"; VariantName = "[No Variations]"
Add component (AddParameter): Name = "Throw Configuration"; Value = "DPDT"; VariantName = "[No Variations]"
Added Component: Designator=K?_U_FlipFlop2(Relay J104D2C24VDC.15S)
Add component (AddParameter): Name = "Category"; Value = "Signal Relays"; VariantName = "[No Variations]"
Add component (AddParameter): Name = "Coil Current"; Value = "6mA"; VariantName = "[No Variations]"
Add component (AddParameter): Name = "Coil Power"; Value = "150mW"; VariantName = "[No Variations]"
Add component (AddParameter): Name = "Coil Resistance"; Value = "3.84kO"; VariantName = "[No Variations]"
Add component (AddParameter): Name = "Coil Voltage (DC)"; Value = "18V"; VariantName = "[No Variations]"
Add component (AddParameter): Name = "Contact Current Rating"; Value = "2A"; VariantName = "[No Variations]"
Add component (AddParameter): Name = "Contact Plating"; Value = "Gold"; VariantName = "[No Variations]"
Add component (AddParameter): Name = "Contact Resistance"; Value = "50mO"; VariantName = "[No Variations]"
Add component (AddParameter): Name = "Contact Voltage Rating (AC)"; Value = "250V"; VariantName = "[No Variations]"
Add component (AddParameter): Name = "Electrical Life"; Value = "100kcycles"; VariantName = "[No Variations]"
Add component (AddParameter): Name = "Height"; Value = "11.42mm"; VariantName = "[No Variations]"
Add component (AddParameter): Name = "Insulation Resistance"; Value = "100MO"; VariantName = "[No Variations]"
Add component (AddParameter): Name = "Length"; Value = "20.37mm"; VariantName = "[No Variations]"
Add component (AddParameter): Name = "Manufacturer"; Value = "CIT Relay & Switch"; VariantName = "[No Variations]"
Add component (AddParameter): Name = "Manufacturer Part Number"; Value = "J104D2C24VDC.15S"; VariantName = "[No Variations]"
Add component (AddParameter): Name = "Max Current Rating"; Value = "2A"; VariantName = "[No Variations]"
Add component (AddParameter): Name = "Max Operating Temperature"; Value = "85°C"; VariantName = "[No Variations]"
Add component (AddParameter): Name = "Max Voltage Rating (DC)"; Value = "100V"; VariantName = "[No Variations]"
Add component (AddParameter): Name = "Min Operating Temperature"; Value = "-40°C"; VariantName = "[No Variations]"
Add component (AddParameter): Name = "Number of Terminals"; Value = "8"; VariantName = "[No Variations]"
Add component (AddParameter): Name = "Pricing"; Value = "1=1.26, 20=1.082, 40=1.045, 60=1.02383, 100=0.998, 260=0.95115, 500=0.92036, 1000=0.88878, 5000=0.8195 (USD)"; VariantName = "[No Variations]"
Add component (AddParameter): Name = "Release Time"; Value = "4ms"; VariantName = "[No Variations]"
Add component (AddParameter): Name = "Response Time"; Value = "6ms"; VariantName = "[No Variations]"
Add component (AddParameter): Name = "Stock"; Value = "5620"; VariantName = "[No Variations]"
Add component (AddParameter): Name = "Supplier"; Value = "DigiKey"; VariantName = "[No Variations]"
Add component (AddParameter): Name = "Supplier Part Number"; Value = "2449-J104D2C24VDC.15S-ND"; VariantName = "[No Variations]"
Add component (AddParameter): Name = "Throw Configuration"; Value = "DPDT"; VariantName = "[No Variations]"
Added Component: Designator=K?_U_FlipFlop2(Relay J104D2C24VDC.15S)
Add component (AddParameter): Name = "Category"; Value = "Signal Relays"; VariantName = "[No Variations]"
Add component (AddParameter): Name = "Coil Current"; Value = "6mA"; VariantName = "[No Variations]"
Add component (AddParameter): Name = "Coil Power"; Value = "150mW"; VariantName = "[No Variations]"
Add component (AddParameter): Name = "Coil Resistance"; Value = "3.84kO"; VariantName = "[No Variations]"
Add component (AddParameter): Name = "Coil Voltage (DC)"; Value = "18V"; VariantName = "[No Variations]"
Add component (AddParameter): Name = "Contact Current Rating"; Value = "2A"; VariantName = "[No Variations]"
Add component (AddParameter): Name = "Contact Plating"; Value = "Gold"; VariantName = "[No Variations]"
Add component (AddParameter): Name = "Contact Resistance"; Value = "50mO"; VariantName = "[No Variations]"
Add component (AddParameter): Name = "Contact Voltage Rating (AC)"; Value = "250V"; VariantName = "[No Variations]"
Add component (AddParameter): Name = "Electrical Life"; Value = "100kcycles"; VariantName = "[No Variations]"
Add component (AddParameter): Name = "Height"; Value = "11.42mm"; VariantName = "[No Variations]"
Add component (AddParameter): Name = "Insulation Resistance"; Value = "100MO"; VariantName = "[No Variations]"
Add component (AddParameter): Name = "Length"; Value = "20.37mm"; VariantName = "[No Variations]"
Add component (AddParameter): Name = "Manufacturer"; Value = "CIT Relay & Switch"; VariantName = "[No Variations]"
Add component (AddParameter): Name = "Manufacturer Part Number"; Value = "J104D2C24VDC.15S"; VariantName = "[No Variations]"
Add component (AddParameter): Name = "Max Current Rating"; Value = "2A"; VariantName = "[No Variations]"
Add component (AddParameter): Name = "Max Operating Temperature"; Value = "85°C"; VariantName = "[No Variations]"
Add component (AddParameter): Name = "Max Voltage Rating (DC)"; Value = "100V"; VariantName = "[No Variations]"
Add component (AddParameter): Name = "Min Operating Temperature"; Value = "-40°C"; VariantName = "[No Variations]"
Add component (AddParameter): Name = "Number of Terminals"; Value = "8"; VariantName = "[No Variations]"
Add component (AddParameter): Name = "Pricing"; Value = "1=1.26, 20=1.082, 40=1.045, 60=1.02383, 100=0.998, 260=0.95115, 500=0.92036, 1000=0.88878, 5000=0.8195 (USD)"; VariantName = "[No Variations]"
Add component (AddParameter): Name = "Release Time"; Value = "4ms"; VariantName = "[No Variations]"
Add component (AddParameter): Name = "Response Time"; Value = "6ms"; VariantName = "[No Variations]"
Add component (AddParameter): Name = "Stock"; Value = "5620"; VariantName = "[No Variations]"
Add component (AddParameter): Name = "Supplier"; Value = "DigiKey"; VariantName = "[No Variations]"
Add component (AddParameter): Name = "Supplier Part Number"; Value = "2449-J104D2C24VDC.15S-ND"; VariantName = "[No Variations]"
Add component (AddParameter): Name = "Throw Configuration"; Value = "DPDT"; VariantName = "[No Variations]"
Added Component: Designator=K?_U_FlipFlop2(Relay J104D2C24VDC.15S)
Add component (AddParameter): Name = "Category"; Value = "Signal Relays"; VariantName = "[No Variations]"
Add component (AddParameter): Name = "Coil Current"; Value = "6mA"; VariantName = "[No Variations]"
Add component (AddParameter): Name = "Coil Power"; Value = "150mW"; VariantName = "[No Variations]"
Add component (AddParameter): Name = "Coil Resistance"; Value = "3.84kO"; VariantName = "[No Variations]"
Add component (AddParameter): Name = "Coil Voltage (DC)"; Value = "18V"; VariantName = "[No Variations]"
Add component (AddParameter): Name = "Contact Current Rating"; Value = "2A"; VariantName = "[No Variations]"
Add component (AddParameter): Name = "Contact Plating"; Value = "Gold"; VariantName = "[No Variations]"
Add component (AddParameter): Name = "Contact Resistance"; Value = "50mO"; VariantName = "[No Variations]"
Add component (AddParameter): Name = "Contact Voltage Rating (AC)"; Value = "250V"; VariantName = "[No Variations]"
Add component (AddParameter): Name = "Electrical Life"; Value = "100kcycles"; VariantName = "[No Variations]"
Add component (AddParameter): Name = "Height"; Value = "11.42mm"; VariantName = "[No Variations]"
Add component (AddParameter): Name = "Insulation Resistance"; Value = "100MO"; VariantName = "[No Variations]"
Add component (AddParameter): Name = "Length"; Value = "20.37mm"; VariantName = "[No Variations]"
Add component (AddParameter): Name = "Manufacturer"; Value = "CIT Relay & Switch"; VariantName = "[No Variations]"
Add component (AddParameter): Name = "Manufacturer Part Number"; Value = "J104D2C24VDC.15S"; VariantName = "[No Variations]"
Add component (AddParameter): Name = "Max Current Rating"; Value = "2A"; VariantName = "[No Variations]"
Add component (AddParameter): Name = "Max Operating Temperature"; Value = "85°C"; VariantName = "[No Variations]"
Add component (AddParameter): Name = "Max Voltage Rating (DC)"; Value = "100V"; VariantName = "[No Variations]"
Add component (AddParameter): Name = "Min Operating Temperature"; Value = "-40°C"; VariantName = "[No Variations]"
Add component (AddParameter): Name = "Number of Terminals"; Value = "8"; VariantName = "[No Variations]"
Add component (AddParameter): Name = "Pricing"; Value = "1=1.26, 20=1.082, 40=1.045, 60=1.02383, 100=0.998, 260=0.95115, 500=0.92036, 1000=0.88878, 5000=0.8195 (USD)"; VariantName = "[No Variations]"
Add component (AddParameter): Name = "Release Time"; Value = "4ms"; VariantName = "[No Variations]"
Add component (AddParameter): Name = "Response Time"; Value = "6ms"; VariantName = "[No Variations]"
Add component (AddParameter): Name = "Stock"; Value = "5620"; VariantName = "[No Variations]"
Add component (AddParameter): Name = "Supplier"; Value = "DigiKey"; VariantName = "[No Variations]"
Add component (AddParameter): Name = "Supplier Part Number"; Value = "2449-J104D2C24VDC.15S-ND"; VariantName = "[No Variations]"
Add component (AddParameter): Name = "Throw Configuration"; Value = "DPDT"; VariantName = "[No Variations]"
Added Component: Designator=K?_U_FlipFlop2(Relay J104D2C24VDC.15S)
Add component (AddParameter): Name = "Category"; Value = "Signal Relays"; VariantName = "[No Variations]"
Add component (AddParameter): Name = "Coil Current"; Value = "6mA"; VariantName = "[No Variations]"
Add component (AddParameter): Name = "Coil Power"; Value = "150mW"; VariantName = "[No Variations]"
Add component (AddParameter): Name = "Coil Resistance"; Value = "3.84kO"; VariantName = "[No Variations]"
Add component (AddParameter): Name = "Coil Voltage (DC)"; Value = "18V"; VariantName = "[No Variations]"
Add component (AddParameter): Name = "Contact Current Rating"; Value = "2A"; VariantName = "[No Variations]"
Add component (AddParameter): Name = "Contact Plating"; Value = "Gold"; VariantName = "[No Variations]"
Add component (AddParameter): Name = "Contact Resistance"; Value = "50mO"; VariantName = "[No Variations]"
Add component (AddParameter): Name = "Contact Voltage Rating (AC)"; Value = "250V"; VariantName = "[No Variations]"
Add component (AddParameter): Name = "Electrical Life"; Value = "100kcycles"; VariantName = "[No Variations]"
Add component (AddParameter): Name = "Height"; Value = "11.42mm"; VariantName = "[No Variations]"
Add component (AddParameter): Name = "Insulation Resistance"; Value = "100MO"; VariantName = "[No Variations]"
Add component (AddParameter): Name = "Length"; Value = "20.37mm"; VariantName = "[No Variations]"
Add component (AddParameter): Name = "Manufacturer"; Value = "CIT Relay & Switch"; VariantName = "[No Variations]"
Add component (AddParameter): Name = "Manufacturer Part Number"; Value = "J104D2C24VDC.15S"; VariantName = "[No Variations]"
Add component (AddParameter): Name = "Max Current Rating"; Value = "2A"; VariantName = "[No Variations]"
Add component (AddParameter): Name = "Max Operating Temperature"; Value = "85°C"; VariantName = "[No Variations]"
Add component (AddParameter): Name = "Max Voltage Rating (DC)"; Value = "100V"; VariantName = "[No Variations]"
Add component (AddParameter): Name = "Min Operating Temperature"; Value = "-40°C"; VariantName = "[No Variations]"
Add component (AddParameter): Name = "Number of Terminals"; Value = "8"; VariantName = "[No Variations]"
Add component (AddParameter): Name = "Pricing"; Value = "1=1.26, 20=1.082, 40=1.045, 60=1.02383, 100=0.998, 260=0.95115, 500=0.92036, 1000=0.88878, 5000=0.8195 (USD)"; VariantName = "[No Variations]"
Add component (AddParameter): Name = "Release Time"; Value = "4ms"; VariantName = "[No Variations]"
Add component (AddParameter): Name = "Response Time"; Value = "6ms"; VariantName = "[No Variations]"
Add component (AddParameter): Name = "Stock"; Value = "5620"; VariantName = "[No Variations]"
Add component (AddParameter): Name = "Supplier"; Value = "DigiKey"; VariantName = "[No Variations]"
Add component (AddParameter): Name = "Supplier Part Number"; Value = "2449-J104D2C24VDC.15S-ND"; VariantName = "[No Variations]"
Add component (AddParameter): Name = "Throw Configuration"; Value = "DPDT"; VariantName = "[No Variations]"
Added Component: Designator=K?_U_FlipFlop3(Relay J104D2C24VDC.15S)
Add component (AddParameter): Name = "Category"; Value = "Signal Relays"; VariantName = "[No Variations]"
Add component (AddParameter): Name = "Coil Current"; Value = "6mA"; VariantName = "[No Variations]"
Add component (AddParameter): Name = "Coil Power"; Value = "150mW"; VariantName = "[No Variations]"
Add component (AddParameter): Name = "Coil Resistance"; Value = "3.84kO"; VariantName = "[No Variations]"
Add component (AddParameter): Name = "Coil Voltage (DC)"; Value = "18V"; VariantName = "[No Variations]"
Add component (AddParameter): Name = "Contact Current Rating"; Value = "2A"; VariantName = "[No Variations]"
Add component (AddParameter): Name = "Contact Plating"; Value = "Gold"; VariantName = "[No Variations]"
Add component (AddParameter): Name = "Contact Resistance"; Value = "50mO"; VariantName = "[No Variations]"
Add component (AddParameter): Name = "Contact Voltage Rating (AC)"; Value = "250V"; VariantName = "[No Variations]"
Add component (AddParameter): Name = "Electrical Life"; Value = "100kcycles"; VariantName = "[No Variations]"
Add component (AddParameter): Name = "Height"; Value = "11.42mm"; VariantName = "[No Variations]"
Add component (AddParameter): Name = "Insulation Resistance"; Value = "100MO"; VariantName = "[No Variations]"
Add component (AddParameter): Name = "Length"; Value = "20.37mm"; VariantName = "[No Variations]"
Add component (AddParameter): Name = "Manufacturer"; Value = "CIT Relay & Switch"; VariantName = "[No Variations]"
Add component (AddParameter): Name = "Manufacturer Part Number"; Value = "J104D2C24VDC.15S"; VariantName = "[No Variations]"
Add component (AddParameter): Name = "Max Current Rating"; Value = "2A"; VariantName = "[No Variations]"
Add component (AddParameter): Name = "Max Operating Temperature"; Value = "85°C"; VariantName = "[No Variations]"
Add component (AddParameter): Name = "Max Voltage Rating (DC)"; Value = "100V"; VariantName = "[No Variations]"
Add component (AddParameter): Name = "Min Operating Temperature"; Value = "-40°C"; VariantName = "[No Variations]"
Add component (AddParameter): Name = "Number of Terminals"; Value = "8"; VariantName = "[No Variations]"
Add component (AddParameter): Name = "Pricing"; Value = "1=1.26, 20=1.082, 40=1.045, 60=1.02383, 100=0.998, 260=0.95115, 500=0.92036, 1000=0.88878, 5000=0.8195 (USD)"; VariantName = "[No Variations]"
Add component (AddParameter): Name = "Release Time"; Value = "4ms"; VariantName = "[No Variations]"
Add component (AddParameter): Name = "Response Time"; Value = "6ms"; VariantName = "[No Variations]"
Add component (AddParameter): Name = "Stock"; Value = "5620"; VariantName = "[No Variations]"
Add component (AddParameter): Name = "Supplier"; Value = "DigiKey"; VariantName = "[No Variations]"
Add component (AddParameter): Name = "Supplier Part Number"; Value = "2449-J104D2C24VDC.15S-ND"; VariantName = "[No Variations]"
Add component (AddParameter): Name = "Throw Configuration"; Value = "DPDT"; VariantName = "[No Variations]"
Added Component: Designator=K?_U_FlipFlop3(Relay J104D2C24VDC.15S)
Add component (AddParameter): Name = "Category"; Value = "Signal Relays"; VariantName = "[No Variations]"
Add component (AddParameter): Name = "Coil Current"; Value = "6mA"; VariantName = "[No Variations]"
Add component (AddParameter): Name = "Coil Power"; Value = "150mW"; VariantName = "[No Variations]"
Add component (AddParameter): Name = "Coil Resistance"; Value = "3.84kO"; VariantName = "[No Variations]"
Add component (AddParameter): Name = "Coil Voltage (DC)"; Value = "18V"; VariantName = "[No Variations]"
Add component (AddParameter): Name = "Contact Current Rating"; Value = "2A"; VariantName = "[No Variations]"
Add component (AddParameter): Name = "Contact Plating"; Value = "Gold"; VariantName = "[No Variations]"
Add component (AddParameter): Name = "Contact Resistance"; Value = "50mO"; VariantName = "[No Variations]"
Add component (AddParameter): Name = "Contact Voltage Rating (AC)"; Value = "250V"; VariantName = "[No Variations]"
Add component (AddParameter): Name = "Electrical Life"; Value = "100kcycles"; VariantName = "[No Variations]"
Add component (AddParameter): Name = "Height"; Value = "11.42mm"; VariantName = "[No Variations]"
Add component (AddParameter): Name = "Insulation Resistance"; Value = "100MO"; VariantName = "[No Variations]"
Add component (AddParameter): Name = "Length"; Value = "20.37mm"; VariantName = "[No Variations]"
Add component (AddParameter): Name = "Manufacturer"; Value = "CIT Relay & Switch"; VariantName = "[No Variations]"
Add component (AddParameter): Name = "Manufacturer Part Number"; Value = "J104D2C24VDC.15S"; VariantName = "[No Variations]"
Add component (AddParameter): Name = "Max Current Rating"; Value = "2A"; VariantName = "[No Variations]"
Add component (AddParameter): Name = "Max Operating Temperature"; Value = "85°C"; VariantName = "[No Variations]"
Add component (AddParameter): Name = "Max Voltage Rating (DC)"; Value = "100V"; VariantName = "[No Variations]"
Add component (AddParameter): Name = "Min Operating Temperature"; Value = "-40°C"; VariantName = "[No Variations]"
Add component (AddParameter): Name = "Number of Terminals"; Value = "8"; VariantName = "[No Variations]"
Add component (AddParameter): Name = "Pricing"; Value = "1=1.26, 20=1.082, 40=1.045, 60=1.02383, 100=0.998, 260=0.95115, 500=0.92036, 1000=0.88878, 5000=0.8195 (USD)"; VariantName = "[No Variations]"
Add component (AddParameter): Name = "Release Time"; Value = "4ms"; VariantName = "[No Variations]"
Add component (AddParameter): Name = "Response Time"; Value = "6ms"; VariantName = "[No Variations]"
Add component (AddParameter): Name = "Stock"; Value = "5620"; VariantName = "[No Variations]"
Add component (AddParameter): Name = "Supplier"; Value = "DigiKey"; VariantName = "[No Variations]"
Add component (AddParameter): Name = "Supplier Part Number"; Value = "2449-J104D2C24VDC.15S-ND"; VariantName = "[No Variations]"
Add component (AddParameter): Name = "Throw Configuration"; Value = "DPDT"; VariantName = "[No Variations]"
Added Component: Designator=K?_U_FlipFlop3(Relay J104D2C24VDC.15S)
Add component (AddParameter): Name = "Category"; Value = "Signal Relays"; VariantName = "[No Variations]"
Add component (AddParameter): Name = "Coil Current"; Value = "6mA"; VariantName = "[No Variations]"
Add component (AddParameter): Name = "Coil Power"; Value = "150mW"; VariantName = "[No Variations]"
Add component (AddParameter): Name = "Coil Resistance"; Value = "3.84kO"; VariantName = "[No Variations]"
Add component (AddParameter): Name = "Coil Voltage (DC)"; Value = "18V"; VariantName = "[No Variations]"
Add component (AddParameter): Name = "Contact Current Rating"; Value = "2A"; VariantName = "[No Variations]"
Add component (AddParameter): Name = "Contact Plating"; Value = "Gold"; VariantName = "[No Variations]"
Add component (AddParameter): Name = "Contact Resistance"; Value = "50mO"; VariantName = "[No Variations]"
Add component (AddParameter): Name = "Contact Voltage Rating (AC)"; Value = "250V"; VariantName = "[No Variations]"
Add component (AddParameter): Name = "Electrical Life"; Value = "100kcycles"; VariantName = "[No Variations]"
Add component (AddParameter): Name = "Height"; Value = "11.42mm"; VariantName = "[No Variations]"
Add component (AddParameter): Name = "Insulation Resistance"; Value = "100MO"; VariantName = "[No Variations]"
Add component (AddParameter): Name = "Length"; Value = "20.37mm"; VariantName = "[No Variations]"
Add component (AddParameter): Name = "Manufacturer"; Value = "CIT Relay & Switch"; VariantName = "[No Variations]"
Add component (AddParameter): Name = "Manufacturer Part Number"; Value = "J104D2C24VDC.15S"; VariantName = "[No Variations]"
Add component (AddParameter): Name = "Max Current Rating"; Value = "2A"; VariantName = "[No Variations]"
Add component (AddParameter): Name = "Max Operating Temperature"; Value = "85°C"; VariantName = "[No Variations]"
Add component (AddParameter): Name = "Max Voltage Rating (DC)"; Value = "100V"; VariantName = "[No Variations]"
Add component (AddParameter): Name = "Min Operating Temperature"; Value = "-40°C"; VariantName = "[No Variations]"
Add component (AddParameter): Name = "Number of Terminals"; Value = "8"; VariantName = "[No Variations]"
Add component (AddParameter): Name = "Pricing"; Value = "1=1.26, 20=1.082, 40=1.045, 60=1.02383, 100=0.998, 260=0.95115, 500=0.92036, 1000=0.88878, 5000=0.8195 (USD)"; VariantName = "[No Variations]"
Add component (AddParameter): Name = "Release Time"; Value = "4ms"; VariantName = "[No Variations]"
Add component (AddParameter): Name = "Response Time"; Value = "6ms"; VariantName = "[No Variations]"
Add component (AddParameter): Name = "Stock"; Value = "5620"; VariantName = "[No Variations]"
Add component (AddParameter): Name = "Supplier"; Value = "DigiKey"; VariantName = "[No Variations]"
Add component (AddParameter): Name = "Supplier Part Number"; Value = "2449-J104D2C24VDC.15S-ND"; VariantName = "[No Variations]"
Add component (AddParameter): Name = "Throw Configuration"; Value = "DPDT"; VariantName = "[No Variations]"
Added Component: Designator=K?_U_FlipFlop3(Relay J104D2C24VDC.15S)
Add component (AddParameter): Name = "Category"; Value = "Signal Relays"; VariantName = "[No Variations]"
Add component (AddParameter): Name = "Coil Current"; Value = "6mA"; VariantName = "[No Variations]"
Add component (AddParameter): Name = "Coil Power"; Value = "150mW"; VariantName = "[No Variations]"
Add component (AddParameter): Name = "Coil Resistance"; Value = "3.84kO"; VariantName = "[No Variations]"
Add component (AddParameter): Name = "Coil Voltage (DC)"; Value = "18V"; VariantName = "[No Variations]"
Add component (AddParameter): Name = "Contact Current Rating"; Value = "2A"; VariantName = "[No Variations]"
Add component (AddParameter): Name = "Contact Plating"; Value = "Gold"; VariantName = "[No Variations]"
Add component (AddParameter): Name = "Contact Resistance"; Value = "50mO"; VariantName = "[No Variations]"
Add component (AddParameter): Name = "Contact Voltage Rating (AC)"; Value = "250V"; VariantName = "[No Variations]"
Add component (AddParameter): Name = "Electrical Life"; Value = "100kcycles"; VariantName = "[No Variations]"
Add component (AddParameter): Name = "Height"; Value = "11.42mm"; VariantName = "[No Variations]"
Add component (AddParameter): Name = "Insulation Resistance"; Value = "100MO"; VariantName = "[No Variations]"
Add component (AddParameter): Name = "Length"; Value = "20.37mm"; VariantName = "[No Variations]"
Add component (AddParameter): Name = "Manufacturer"; Value = "CIT Relay & Switch"; VariantName = "[No Variations]"
Add component (AddParameter): Name = "Manufacturer Part Number"; Value = "J104D2C24VDC.15S"; VariantName = "[No Variations]"
Add component (AddParameter): Name = "Max Current Rating"; Value = "2A"; VariantName = "[No Variations]"
Add component (AddParameter): Name = "Max Operating Temperature"; Value = "85°C"; VariantName = "[No Variations]"
Add component (AddParameter): Name = "Max Voltage Rating (DC)"; Value = "100V"; VariantName = "[No Variations]"
Add component (AddParameter): Name = "Min Operating Temperature"; Value = "-40°C"; VariantName = "[No Variations]"
Add component (AddParameter): Name = "Number of Terminals"; Value = "8"; VariantName = "[No Variations]"
Add component (AddParameter): Name = "Pricing"; Value = "1=1.26, 20=1.082, 40=1.045, 60=1.02383, 100=0.998, 260=0.95115, 500=0.92036, 1000=0.88878, 5000=0.8195 (USD)"; VariantName = "[No Variations]"
Add component (AddParameter): Name = "Release Time"; Value = "4ms"; VariantName = "[No Variations]"
Add component (AddParameter): Name = "Response Time"; Value = "6ms"; VariantName = "[No Variations]"
Add component (AddParameter): Name = "Stock"; Value = "5620"; VariantName = "[No Variations]"
Add component (AddParameter): Name = "Supplier"; Value = "DigiKey"; VariantName = "[No Variations]"
Add component (AddParameter): Name = "Supplier Part Number"; Value = "2449-J104D2C24VDC.15S-ND"; VariantName = "[No Variations]"
Add component (AddParameter): Name = "Throw Configuration"; Value = "DPDT"; VariantName = "[No Variations]"
Added Component: Designator=K?_U_FlipFlop3(Relay J104D2C24VDC.15S)
Add component (AddParameter): Name = "Category"; Value = "Signal Relays"; VariantName = "[No Variations]"
Add component (AddParameter): Name = "Coil Current"; Value = "6mA"; VariantName = "[No Variations]"
Add component (AddParameter): Name = "Coil Power"; Value = "150mW"; VariantName = "[No Variations]"
Add component (AddParameter): Name = "Coil Resistance"; Value = "3.84kO"; VariantName = "[No Variations]"
Add component (AddParameter): Name = "Coil Voltage (DC)"; Value = "18V"; VariantName = "[No Variations]"
Add component (AddParameter): Name = "Contact Current Rating"; Value = "2A"; VariantName = "[No Variations]"
Add component (AddParameter): Name = "Contact Plating"; Value = "Gold"; VariantName = "[No Variations]"
Add component (AddParameter): Name = "Contact Resistance"; Value = "50mO"; VariantName = "[No Variations]"
Add component (AddParameter): Name = "Contact Voltage Rating (AC)"; Value = "250V"; VariantName = "[No Variations]"
Add component (AddParameter): Name = "Electrical Life"; Value = "100kcycles"; VariantName = "[No Variations]"
Add component (AddParameter): Name = "Height"; Value = "11.42mm"; VariantName = "[No Variations]"
Add component (AddParameter): Name = "Insulation Resistance"; Value = "100MO"; VariantName = "[No Variations]"
Add component (AddParameter): Name = "Length"; Value = "20.37mm"; VariantName = "[No Variations]"
Add component (AddParameter): Name = "Manufacturer"; Value = "CIT Relay & Switch"; VariantName = "[No Variations]"
Add component (AddParameter): Name = "Manufacturer Part Number"; Value = "J104D2C24VDC.15S"; VariantName = "[No Variations]"
Add component (AddParameter): Name = "Max Current Rating"; Value = "2A"; VariantName = "[No Variations]"
Add component (AddParameter): Name = "Max Operating Temperature"; Value = "85°C"; VariantName = "[No Variations]"
Add component (AddParameter): Name = "Max Voltage Rating (DC)"; Value = "100V"; VariantName = "[No Variations]"
Add component (AddParameter): Name = "Min Operating Temperature"; Value = "-40°C"; VariantName = "[No Variations]"
Add component (AddParameter): Name = "Number of Terminals"; Value = "8"; VariantName = "[No Variations]"
Add component (AddParameter): Name = "Pricing"; Value = "1=1.26, 20=1.082, 40=1.045, 60=1.02383, 100=0.998, 260=0.95115, 500=0.92036, 1000=0.88878, 5000=0.8195 (USD)"; VariantName = "[No Variations]"
Add component (AddParameter): Name = "Release Time"; Value = "4ms"; VariantName = "[No Variations]"
Add component (AddParameter): Name = "Response Time"; Value = "6ms"; VariantName = "[No Variations]"
Add component (AddParameter): Name = "Stock"; Value = "5620"; VariantName = "[No Variations]"
Add component (AddParameter): Name = "Supplier"; Value = "DigiKey"; VariantName = "[No Variations]"
Add component (AddParameter): Name = "Supplier Part Number"; Value = "2449-J104D2C24VDC.15S-ND"; VariantName = "[No Variations]"
Add component (AddParameter): Name = "Throw Configuration"; Value = "DPDT"; VariantName = "[No Variations]"
Added Component: Designator=K?_U_FlipFlop3(Relay J104D2C24VDC.15S)
Add component (AddParameter): Name = "Category"; Value = "Signal Relays"; VariantName = "[No Variations]"
Add component (AddParameter): Name = "Coil Current"; Value = "6mA"; VariantName = "[No Variations]"
Add component (AddParameter): Name = "Coil Power"; Value = "150mW"; VariantName = "[No Variations]"
Add component (AddParameter): Name = "Coil Resistance"; Value = "3.84kO"; VariantName = "[No Variations]"
Add component (AddParameter): Name = "Coil Voltage (DC)"; Value = "18V"; VariantName = "[No Variations]"
Add component (AddParameter): Name = "Contact Current Rating"; Value = "2A"; VariantName = "[No Variations]"
Add component (AddParameter): Name = "Contact Plating"; Value = "Gold"; VariantName = "[No Variations]"
Add component (AddParameter): Name = "Contact Resistance"; Value = "50mO"; VariantName = "[No Variations]"
Add component (AddParameter): Name = "Contact Voltage Rating (AC)"; Value = "250V"; VariantName = "[No Variations]"
Add component (AddParameter): Name = "Electrical Life"; Value = "100kcycles"; VariantName = "[No Variations]"
Add component (AddParameter): Name = "Height"; Value = "11.42mm"; VariantName = "[No Variations]"
Add component (AddParameter): Name = "Insulation Resistance"; Value = "100MO"; VariantName = "[No Variations]"
Add component (AddParameter): Name = "Length"; Value = "20.37mm"; VariantName = "[No Variations]"
Add component (AddParameter): Name = "Manufacturer"; Value = "CIT Relay & Switch"; VariantName = "[No Variations]"
Add component (AddParameter): Name = "Manufacturer Part Number"; Value = "J104D2C24VDC.15S"; VariantName = "[No Variations]"
Add component (AddParameter): Name = "Max Current Rating"; Value = "2A"; VariantName = "[No Variations]"
Add component (AddParameter): Name = "Max Operating Temperature"; Value = "85°C"; VariantName = "[No Variations]"
Add component (AddParameter): Name = "Max Voltage Rating (DC)"; Value = "100V"; VariantName = "[No Variations]"
Add component (AddParameter): Name = "Min Operating Temperature"; Value = "-40°C"; VariantName = "[No Variations]"
Add component (AddParameter): Name = "Number of Terminals"; Value = "8"; VariantName = "[No Variations]"
Add component (AddParameter): Name = "Pricing"; Value = "1=1.26, 20=1.082, 40=1.045, 60=1.02383, 100=0.998, 260=0.95115, 500=0.92036, 1000=0.88878, 5000=0.8195 (USD)"; VariantName = "[No Variations]"
Add component (AddParameter): Name = "Release Time"; Value = "4ms"; VariantName = "[No Variations]"
Add component (AddParameter): Name = "Response Time"; Value = "6ms"; VariantName = "[No Variations]"
Add component (AddParameter): Name = "Stock"; Value = "5620"; VariantName = "[No Variations]"
Add component (AddParameter): Name = "Supplier"; Value = "DigiKey"; VariantName = "[No Variations]"
Add component (AddParameter): Name = "Supplier Part Number"; Value = "2449-J104D2C24VDC.15S-ND"; VariantName = "[No Variations]"
Add component (AddParameter): Name = "Throw Configuration"; Value = "DPDT"; VariantName = "[No Variations]"
Added Component: Designator=K?_U_FlipFlop3(Relay J104D2C24VDC.15S)
Add component (AddParameter): Name = "Category"; Value = "Signal Relays"; VariantName = "[No Variations]"
Add component (AddParameter): Name = "Coil Current"; Value = "6mA"; VariantName = "[No Variations]"
Add component (AddParameter): Name = "Coil Power"; Value = "150mW"; VariantName = "[No Variations]"
Add component (AddParameter): Name = "Coil Resistance"; Value = "3.84kO"; VariantName = "[No Variations]"
Add component (AddParameter): Name = "Coil Voltage (DC)"; Value = "18V"; VariantName = "[No Variations]"
Add component (AddParameter): Name = "Contact Current Rating"; Value = "2A"; VariantName = "[No Variations]"
Add component (AddParameter): Name = "Contact Plating"; Value = "Gold"; VariantName = "[No Variations]"
Add component (AddParameter): Name = "Contact Resistance"; Value = "50mO"; VariantName = "[No Variations]"
Add component (AddParameter): Name = "Contact Voltage Rating (AC)"; Value = "250V"; VariantName = "[No Variations]"
Add component (AddParameter): Name = "Electrical Life"; Value = "100kcycles"; VariantName = "[No Variations]"
Add component (AddParameter): Name = "Height"; Value = "11.42mm"; VariantName = "[No Variations]"
Add component (AddParameter): Name = "Insulation Resistance"; Value = "100MO"; VariantName = "[No Variations]"
Add component (AddParameter): Name = "Length"; Value = "20.37mm"; VariantName = "[No Variations]"
Add component (AddParameter): Name = "Manufacturer"; Value = "CIT Relay & Switch"; VariantName = "[No Variations]"
Add component (AddParameter): Name = "Manufacturer Part Number"; Value = "J104D2C24VDC.15S"; VariantName = "[No Variations]"
Add component (AddParameter): Name = "Max Current Rating"; Value = "2A"; VariantName = "[No Variations]"
Add component (AddParameter): Name = "Max Operating Temperature"; Value = "85°C"; VariantName = "[No Variations]"
Add component (AddParameter): Name = "Max Voltage Rating (DC)"; Value = "100V"; VariantName = "[No Variations]"
Add component (AddParameter): Name = "Min Operating Temperature"; Value = "-40°C"; VariantName = "[No Variations]"
Add component (AddParameter): Name = "Number of Terminals"; Value = "8"; VariantName = "[No Variations]"
Add component (AddParameter): Name = "Pricing"; Value = "1=1.26, 20=1.082, 40=1.045, 60=1.02383, 100=0.998, 260=0.95115, 500=0.92036, 1000=0.88878, 5000=0.8195 (USD)"; VariantName = "[No Variations]"
Add component (AddParameter): Name = "Release Time"; Value = "4ms"; VariantName = "[No Variations]"
Add component (AddParameter): Name = "Response Time"; Value = "6ms"; VariantName = "[No Variations]"
Add component (AddParameter): Name = "Stock"; Value = "5620"; VariantName = "[No Variations]"
Add component (AddParameter): Name = "Supplier"; Value = "DigiKey"; VariantName = "[No Variations]"
Add component (AddParameter): Name = "Supplier Part Number"; Value = "2449-J104D2C24VDC.15S-ND"; VariantName = "[No Variations]"
Add component (AddParameter): Name = "Throw Configuration"; Value = "DPDT"; VariantName = "[No Variations]"
Added Component: Designator=K?_U_FlipFlop4(Relay J104D2C24VDC.15S)
Add component (AddParameter): Name = "Category"; Value = "Signal Relays"; VariantName = "[No Variations]"
Add component (AddParameter): Name = "Coil Current"; Value = "6mA"; VariantName = "[No Variations]"
Add component (AddParameter): Name = "Coil Power"; Value = "150mW"; VariantName = "[No Variations]"
Add component (AddParameter): Name = "Coil Resistance"; Value = "3.84kO"; VariantName = "[No Variations]"
Add component (AddParameter): Name = "Coil Voltage (DC)"; Value = "18V"; VariantName = "[No Variations]"
Add component (AddParameter): Name = "Contact Current Rating"; Value = "2A"; VariantName = "[No Variations]"
Add component (AddParameter): Name = "Contact Plating"; Value = "Gold"; VariantName = "[No Variations]"
Add component (AddParameter): Name = "Contact Resistance"; Value = "50mO"; VariantName = "[No Variations]"
Add component (AddParameter): Name = "Contact Voltage Rating (AC)"; Value = "250V"; VariantName = "[No Variations]"
Add component (AddParameter): Name = "Electrical Life"; Value = "100kcycles"; VariantName = "[No Variations]"
Add component (AddParameter): Name = "Height"; Value = "11.42mm"; VariantName = "[No Variations]"
Add component (AddParameter): Name = "Insulation Resistance"; Value = "100MO"; VariantName = "[No Variations]"
Add component (AddParameter): Name = "Length"; Value = "20.37mm"; VariantName = "[No Variations]"
Add component (AddParameter): Name = "Manufacturer"; Value = "CIT Relay & Switch"; VariantName = "[No Variations]"
Add component (AddParameter): Name = "Manufacturer Part Number"; Value = "J104D2C24VDC.15S"; VariantName = "[No Variations]"
Add component (AddParameter): Name = "Max Current Rating"; Value = "2A"; VariantName = "[No Variations]"
Add component (AddParameter): Name = "Max Operating Temperature"; Value = "85°C"; VariantName = "[No Variations]"
Add component (AddParameter): Name = "Max Voltage Rating (DC)"; Value = "100V"; VariantName = "[No Variations]"
Add component (AddParameter): Name = "Min Operating Temperature"; Value = "-40°C"; VariantName = "[No Variations]"
Add component (AddParameter): Name = "Number of Terminals"; Value = "8"; VariantName = "[No Variations]"
Add component (AddParameter): Name = "Pricing"; Value = "1=1.26, 20=1.082, 40=1.045, 60=1.02383, 100=0.998, 260=0.95115, 500=0.92036, 1000=0.88878, 5000=0.8195 (USD)"; VariantName = "[No Variations]"
Add component (AddParameter): Name = "Release Time"; Value = "4ms"; VariantName = "[No Variations]"
Add component (AddParameter): Name = "Response Time"; Value = "6ms"; VariantName = "[No Variations]"
Add component (AddParameter): Name = "Stock"; Value = "5620"; VariantName = "[No Variations]"
Add component (AddParameter): Name = "Supplier"; Value = "DigiKey"; VariantName = "[No Variations]"
Add component (AddParameter): Name = "Supplier Part Number"; Value = "2449-J104D2C24VDC.15S-ND"; VariantName = "[No Variations]"
Add component (AddParameter): Name = "Throw Configuration"; Value = "DPDT"; VariantName = "[No Variations]"
Added Component: Designator=K?_U_FlipFlop4(Relay J104D2C24VDC.15S)
Add component (AddParameter): Name = "Category"; Value = "Signal Relays"; VariantName = "[No Variations]"
Add component (AddParameter): Name = "Coil Current"; Value = "6mA"; VariantName = "[No Variations]"
Add component (AddParameter): Name = "Coil Power"; Value = "150mW"; VariantName = "[No Variations]"
Add component (AddParameter): Name = "Coil Resistance"; Value = "3.84kO"; VariantName = "[No Variations]"
Add component (AddParameter): Name = "Coil Voltage (DC)"; Value = "18V"; VariantName = "[No Variations]"
Add component (AddParameter): Name = "Contact Current Rating"; Value = "2A"; VariantName = "[No Variations]"
Add component (AddParameter): Name = "Contact Plating"; Value = "Gold"; VariantName = "[No Variations]"
Add component (AddParameter): Name = "Contact Resistance"; Value = "50mO"; VariantName = "[No Variations]"
Add component (AddParameter): Name = "Contact Voltage Rating (AC)"; Value = "250V"; VariantName = "[No Variations]"
Add component (AddParameter): Name = "Electrical Life"; Value = "100kcycles"; VariantName = "[No Variations]"
Add component (AddParameter): Name = "Height"; Value = "11.42mm"; VariantName = "[No Variations]"
Add component (AddParameter): Name = "Insulation Resistance"; Value = "100MO"; VariantName = "[No Variations]"
Add component (AddParameter): Name = "Length"; Value = "20.37mm"; VariantName = "[No Variations]"
Add component (AddParameter): Name = "Manufacturer"; Value = "CIT Relay & Switch"; VariantName = "[No Variations]"
Add component (AddParameter): Name = "Manufacturer Part Number"; Value = "J104D2C24VDC.15S"; VariantName = "[No Variations]"
Add component (AddParameter): Name = "Max Current Rating"; Value = "2A"; VariantName = "[No Variations]"
Add component (AddParameter): Name = "Max Operating Temperature"; Value = "85°C"; VariantName = "[No Variations]"
Add component (AddParameter): Name = "Max Voltage Rating (DC)"; Value = "100V"; VariantName = "[No Variations]"
Add component (AddParameter): Name = "Min Operating Temperature"; Value = "-40°C"; VariantName = "[No Variations]"
Add component (AddParameter): Name = "Number of Terminals"; Value = "8"; VariantName = "[No Variations]"
Add component (AddParameter): Name = "Pricing"; Value = "1=1.26, 20=1.082, 40=1.045, 60=1.02383, 100=0.998, 260=0.95115, 500=0.92036, 1000=0.88878, 5000=0.8195 (USD)"; VariantName = "[No Variations]"
Add component (AddParameter): Name = "Release Time"; Value = "4ms"; VariantName = "[No Variations]"
Add component (AddParameter): Name = "Response Time"; Value = "6ms"; VariantName = "[No Variations]"
Add component (AddParameter): Name = "Stock"; Value = "5620"; VariantName = "[No Variations]"
Add component (AddParameter): Name = "Supplier"; Value = "DigiKey"; VariantName = "[No Variations]"
Add component (AddParameter): Name = "Supplier Part Number"; Value = "2449-J104D2C24VDC.15S-ND"; VariantName = "[No Variations]"
Add component (AddParameter): Name = "Throw Configuration"; Value = "DPDT"; VariantName = "[No Variations]"
Added Component: Designator=K?_U_FlipFlop4(Relay J104D2C24VDC.15S)
Add component (AddParameter): Name = "Category"; Value = "Signal Relays"; VariantName = "[No Variations]"
Add component (AddParameter): Name = "Coil Current"; Value = "6mA"; VariantName = "[No Variations]"
Add component (AddParameter): Name = "Coil Power"; Value = "150mW"; VariantName = "[No Variations]"
Add component (AddParameter): Name = "Coil Resistance"; Value = "3.84kO"; VariantName = "[No Variations]"
Add component (AddParameter): Name = "Coil Voltage (DC)"; Value = "18V"; VariantName = "[No Variations]"
Add component (AddParameter): Name = "Contact Current Rating"; Value = "2A"; VariantName = "[No Variations]"
Add component (AddParameter): Name = "Contact Plating"; Value = "Gold"; VariantName = "[No Variations]"
Add component (AddParameter): Name = "Contact Resistance"; Value = "50mO"; VariantName = "[No Variations]"
Add component (AddParameter): Name = "Contact Voltage Rating (AC)"; Value = "250V"; VariantName = "[No Variations]"
Add component (AddParameter): Name = "Electrical Life"; Value = "100kcycles"; VariantName = "[No Variations]"
Add component (AddParameter): Name = "Height"; Value = "11.42mm"; VariantName = "[No Variations]"
Add component (AddParameter): Name = "Insulation Resistance"; Value = "100MO"; VariantName = "[No Variations]"
Add component (AddParameter): Name = "Length"; Value = "20.37mm"; VariantName = "[No Variations]"
Add component (AddParameter): Name = "Manufacturer"; Value = "CIT Relay & Switch"; VariantName = "[No Variations]"
Add component (AddParameter): Name = "Manufacturer Part Number"; Value = "J104D2C24VDC.15S"; VariantName = "[No Variations]"
Add component (AddParameter): Name = "Max Current Rating"; Value = "2A"; VariantName = "[No Variations]"
Add component (AddParameter): Name = "Max Operating Temperature"; Value = "85°C"; VariantName = "[No Variations]"
Add component (AddParameter): Name = "Max Voltage Rating (DC)"; Value = "100V"; VariantName = "[No Variations]"
Add component (AddParameter): Name = "Min Operating Temperature"; Value = "-40°C"; VariantName = "[No Variations]"
Add component (AddParameter): Name = "Number of Terminals"; Value = "8"; VariantName = "[No Variations]"
Add component (AddParameter): Name = "Pricing"; Value = "1=1.26, 20=1.082, 40=1.045, 60=1.02383, 100=0.998, 260=0.95115, 500=0.92036, 1000=0.88878, 5000=0.8195 (USD)"; VariantName = "[No Variations]"
Add component (AddParameter): Name = "Release Time"; Value = "4ms"; VariantName = "[No Variations]"
Add component (AddParameter): Name = "Response Time"; Value = "6ms"; VariantName = "[No Variations]"
Add component (AddParameter): Name = "Stock"; Value = "5620"; VariantName = "[No Variations]"
Add component (AddParameter): Name = "Supplier"; Value = "DigiKey"; VariantName = "[No Variations]"
Add component (AddParameter): Name = "Supplier Part Number"; Value = "2449-J104D2C24VDC.15S-ND"; VariantName = "[No Variations]"
Add component (AddParameter): Name = "Throw Configuration"; Value = "DPDT"; VariantName = "[No Variations]"
Added Component: Designator=K?_U_FlipFlop4(Relay J104D2C24VDC.15S)
Add component (AddParameter): Name = "Category"; Value = "Signal Relays"; VariantName = "[No Variations]"
Add component (AddParameter): Name = "Coil Current"; Value = "6mA"; VariantName = "[No Variations]"
Add component (AddParameter): Name = "Coil Power"; Value = "150mW"; VariantName = "[No Variations]"
Add component (AddParameter): Name = "Coil Resistance"; Value = "3.84kO"; VariantName = "[No Variations]"
Add component (AddParameter): Name = "Coil Voltage (DC)"; Value = "18V"; VariantName = "[No Variations]"
Add component (AddParameter): Name = "Contact Current Rating"; Value = "2A"; VariantName = "[No Variations]"
Add component (AddParameter): Name = "Contact Plating"; Value = "Gold"; VariantName = "[No Variations]"
Add component (AddParameter): Name = "Contact Resistance"; Value = "50mO"; VariantName = "[No Variations]"
Add component (AddParameter): Name = "Contact Voltage Rating (AC)"; Value = "250V"; VariantName = "[No Variations]"
Add component (AddParameter): Name = "Electrical Life"; Value = "100kcycles"; VariantName = "[No Variations]"
Add component (AddParameter): Name = "Height"; Value = "11.42mm"; VariantName = "[No Variations]"
Add component (AddParameter): Name = "Insulation Resistance"; Value = "100MO"; VariantName = "[No Variations]"
Add component (AddParameter): Name = "Length"; Value = "20.37mm"; VariantName = "[No Variations]"
Add component (AddParameter): Name = "Manufacturer"; Value = "CIT Relay & Switch"; VariantName = "[No Variations]"
Add component (AddParameter): Name = "Manufacturer Part Number"; Value = "J104D2C24VDC.15S"; VariantName = "[No Variations]"
Add component (AddParameter): Name = "Max Current Rating"; Value = "2A"; VariantName = "[No Variations]"
Add component (AddParameter): Name = "Max Operating Temperature"; Value = "85°C"; VariantName = "[No Variations]"
Add component (AddParameter): Name = "Max Voltage Rating (DC)"; Value = "100V"; VariantName = "[No Variations]"
Add component (AddParameter): Name = "Min Operating Temperature"; Value = "-40°C"; VariantName = "[No Variations]"
Add component (AddParameter): Name = "Number of Terminals"; Value = "8"; VariantName = "[No Variations]"
Add component (AddParameter): Name = "Pricing"; Value = "1=1.26, 20=1.082, 40=1.045, 60=1.02383, 100=0.998, 260=0.95115, 500=0.92036, 1000=0.88878, 5000=0.8195 (USD)"; VariantName = "[No Variations]"
Add component (AddParameter): Name = "Release Time"; Value = "4ms"; VariantName = "[No Variations]"
Add component (AddParameter): Name = "Response Time"; Value = "6ms"; VariantName = "[No Variations]"
Add component (AddParameter): Name = "Stock"; Value = "5620"; VariantName = "[No Variations]"
Add component (AddParameter): Name = "Supplier"; Value = "DigiKey"; VariantName = "[No Variations]"
Add component (AddParameter): Name = "Supplier Part Number"; Value = "2449-J104D2C24VDC.15S-ND"; VariantName = "[No Variations]"
Add component (AddParameter): Name = "Throw Configuration"; Value = "DPDT"; VariantName = "[No Variations]"
Added Component: Designator=K?_U_FlipFlop4(Relay J104D2C24VDC.15S)
Add component (AddParameter): Name = "Category"; Value = "Signal Relays"; VariantName = "[No Variations]"
Add component (AddParameter): Name = "Coil Current"; Value = "6mA"; VariantName = "[No Variations]"
Add component (AddParameter): Name = "Coil Power"; Value = "150mW"; VariantName = "[No Variations]"
Add component (AddParameter): Name = "Coil Resistance"; Value = "3.84kO"; VariantName = "[No Variations]"
Add component (AddParameter): Name = "Coil Voltage (DC)"; Value = "18V"; VariantName = "[No Variations]"
Add component (AddParameter): Name = "Contact Current Rating"; Value = "2A"; VariantName = "[No Variations]"
Add component (AddParameter): Name = "Contact Plating"; Value = "Gold"; VariantName = "[No Variations]"
Add component (AddParameter): Name = "Contact Resistance"; Value = "50mO"; VariantName = "[No Variations]"
Add component (AddParameter): Name = "Contact Voltage Rating (AC)"; Value = "250V"; VariantName = "[No Variations]"
Add component (AddParameter): Name = "Electrical Life"; Value = "100kcycles"; VariantName = "[No Variations]"
Add component (AddParameter): Name = "Height"; Value = "11.42mm"; VariantName = "[No Variations]"
Add component (AddParameter): Name = "Insulation Resistance"; Value = "100MO"; VariantName = "[No Variations]"
Add component (AddParameter): Name = "Length"; Value = "20.37mm"; VariantName = "[No Variations]"
Add component (AddParameter): Name = "Manufacturer"; Value = "CIT Relay & Switch"; VariantName = "[No Variations]"
Add component (AddParameter): Name = "Manufacturer Part Number"; Value = "J104D2C24VDC.15S"; VariantName = "[No Variations]"
Add component (AddParameter): Name = "Max Current Rating"; Value = "2A"; VariantName = "[No Variations]"
Add component (AddParameter): Name = "Max Operating Temperature"; Value = "85°C"; VariantName = "[No Variations]"
Add component (AddParameter): Name = "Max Voltage Rating (DC)"; Value = "100V"; VariantName = "[No Variations]"
Add component (AddParameter): Name = "Min Operating Temperature"; Value = "-40°C"; VariantName = "[No Variations]"
Add component (AddParameter): Name = "Number of Terminals"; Value = "8"; VariantName = "[No Variations]"
Add component (AddParameter): Name = "Pricing"; Value = "1=1.26, 20=1.082, 40=1.045, 60=1.02383, 100=0.998, 260=0.95115, 500=0.92036, 1000=0.88878, 5000=0.8195 (USD)"; VariantName = "[No Variations]"
Add component (AddParameter): Name = "Release Time"; Value = "4ms"; VariantName = "[No Variations]"
Add component (AddParameter): Name = "Response Time"; Value = "6ms"; VariantName = "[No Variations]"
Add component (AddParameter): Name = "Stock"; Value = "5620"; VariantName = "[No Variations]"
Add component (AddParameter): Name = "Supplier"; Value = "DigiKey"; VariantName = "[No Variations]"
Add component (AddParameter): Name = "Supplier Part Number"; Value = "2449-J104D2C24VDC.15S-ND"; VariantName = "[No Variations]"
Add component (AddParameter): Name = "Throw Configuration"; Value = "DPDT"; VariantName = "[No Variations]"
Added Component: Designator=K?_U_FlipFlop4(Relay J104D2C24VDC.15S)
Add component (AddParameter): Name = "Category"; Value = "Signal Relays"; VariantName = "[No Variations]"
Add component (AddParameter): Name = "Coil Current"; Value = "6mA"; VariantName = "[No Variations]"
Add component (AddParameter): Name = "Coil Power"; Value = "150mW"; VariantName = "[No Variations]"
Add component (AddParameter): Name = "Coil Resistance"; Value = "3.84kO"; VariantName = "[No Variations]"
Add component (AddParameter): Name = "Coil Voltage (DC)"; Value = "18V"; VariantName = "[No Variations]"
Add component (AddParameter): Name = "Contact Current Rating"; Value = "2A"; VariantName = "[No Variations]"
Add component (AddParameter): Name = "Contact Plating"; Value = "Gold"; VariantName = "[No Variations]"
Add component (AddParameter): Name = "Contact Resistance"; Value = "50mO"; VariantName = "[No Variations]"
Add component (AddParameter): Name = "Contact Voltage Rating (AC)"; Value = "250V"; VariantName = "[No Variations]"
Add component (AddParameter): Name = "Electrical Life"; Value = "100kcycles"; VariantName = "[No Variations]"
Add component (AddParameter): Name = "Height"; Value = "11.42mm"; VariantName = "[No Variations]"
Add component (AddParameter): Name = "Insulation Resistance"; Value = "100MO"; VariantName = "[No Variations]"
Add component (AddParameter): Name = "Length"; Value = "20.37mm"; VariantName = "[No Variations]"
Add component (AddParameter): Name = "Manufacturer"; Value = "CIT Relay & Switch"; VariantName = "[No Variations]"
Add component (AddParameter): Name = "Manufacturer Part Number"; Value = "J104D2C24VDC.15S"; VariantName = "[No Variations]"
Add component (AddParameter): Name = "Max Current Rating"; Value = "2A"; VariantName = "[No Variations]"
Add component (AddParameter): Name = "Max Operating Temperature"; Value = "85°C"; VariantName = "[No Variations]"
Add component (AddParameter): Name = "Max Voltage Rating (DC)"; Value = "100V"; VariantName = "[No Variations]"
Add component (AddParameter): Name = "Min Operating Temperature"; Value = "-40°C"; VariantName = "[No Variations]"
Add component (AddParameter): Name = "Number of Terminals"; Value = "8"; VariantName = "[No Variations]"
Add component (AddParameter): Name = "Pricing"; Value = "1=1.26, 20=1.082, 40=1.045, 60=1.02383, 100=0.998, 260=0.95115, 500=0.92036, 1000=0.88878, 5000=0.8195 (USD)"; VariantName = "[No Variations]"
Add component (AddParameter): Name = "Release Time"; Value = "4ms"; VariantName = "[No Variations]"
Add component (AddParameter): Name = "Response Time"; Value = "6ms"; VariantName = "[No Variations]"
Add component (AddParameter): Name = "Stock"; Value = "5620"; VariantName = "[No Variations]"
Add component (AddParameter): Name = "Supplier"; Value = "DigiKey"; VariantName = "[No Variations]"
Add component (AddParameter): Name = "Supplier Part Number"; Value = "2449-J104D2C24VDC.15S-ND"; VariantName = "[No Variations]"
Add component (AddParameter): Name = "Throw Configuration"; Value = "DPDT"; VariantName = "[No Variations]"
Added Component: Designator=K?_U_FlipFlop4(Relay J104D2C24VDC.15S)
Add component (AddParameter): Name = "Category"; Value = "Signal Relays"; VariantName = "[No Variations]"
Add component (AddParameter): Name = "Coil Current"; Value = "6mA"; VariantName = "[No Variations]"
Add component (AddParameter): Name = "Coil Power"; Value = "150mW"; VariantName = "[No Variations]"
Add component (AddParameter): Name = "Coil Resistance"; Value = "3.84kO"; VariantName = "[No Variations]"
Add component (AddParameter): Name = "Coil Voltage (DC)"; Value = "18V"; VariantName = "[No Variations]"
Add component (AddParameter): Name = "Contact Current Rating"; Value = "2A"; VariantName = "[No Variations]"
Add component (AddParameter): Name = "Contact Plating"; Value = "Gold"; VariantName = "[No Variations]"
Add component (AddParameter): Name = "Contact Resistance"; Value = "50mO"; VariantName = "[No Variations]"
Add component (AddParameter): Name = "Contact Voltage Rating (AC)"; Value = "250V"; VariantName = "[No Variations]"
Add component (AddParameter): Name = "Electrical Life"; Value = "100kcycles"; VariantName = "[No Variations]"
Add component (AddParameter): Name = "Height"; Value = "11.42mm"; VariantName = "[No Variations]"
Add component (AddParameter): Name = "Insulation Resistance"; Value = "100MO"; VariantName = "[No Variations]"
Add component (AddParameter): Name = "Length"; Value = "20.37mm"; VariantName = "[No Variations]"
Add component (AddParameter): Name = "Manufacturer"; Value = "CIT Relay & Switch"; VariantName = "[No Variations]"
Add component (AddParameter): Name = "Manufacturer Part Number"; Value = "J104D2C24VDC.15S"; VariantName = "[No Variations]"
Add component (AddParameter): Name = "Max Current Rating"; Value = "2A"; VariantName = "[No Variations]"
Add component (AddParameter): Name = "Max Operating Temperature"; Value = "85°C"; VariantName = "[No Variations]"
Add component (AddParameter): Name = "Max Voltage Rating (DC)"; Value = "100V"; VariantName = "[No Variations]"
Add component (AddParameter): Name = "Min Operating Temperature"; Value = "-40°C"; VariantName = "[No Variations]"
Add component (AddParameter): Name = "Number of Terminals"; Value = "8"; VariantName = "[No Variations]"
Add component (AddParameter): Name = "Pricing"; Value = "1=1.26, 20=1.082, 40=1.045, 60=1.02383, 100=0.998, 260=0.95115, 500=0.92036, 1000=0.88878, 5000=0.8195 (USD)"; VariantName = "[No Variations]"
Add component (AddParameter): Name = "Release Time"; Value = "4ms"; VariantName = "[No Variations]"
Add component (AddParameter): Name = "Response Time"; Value = "6ms"; VariantName = "[No Variations]"
Add component (AddParameter): Name = "Stock"; Value = "5620"; VariantName = "[No Variations]"
Add component (AddParameter): Name = "Supplier"; Value = "DigiKey"; VariantName = "[No Variations]"
Add component (AddParameter): Name = "Supplier Part Number"; Value = "2449-J104D2C24VDC.15S-ND"; VariantName = "[No Variations]"
Add component (AddParameter): Name = "Throw Configuration"; Value = "DPDT"; VariantName = "[No Variations]"
Added Pin To Net: NetName=+24V Pin=K?_U_FlipFlop1-4
Added Pin To Net: NetName=+24V Pin=K?_U_FlipFlop1-4
Added Pin To Net: NetName=+24V Pin=K?_U_FlipFlop1-5
Added Pin To Net: NetName=+24V Pin=K?_U_FlipFlop2-4
Added Pin To Net: NetName=+24V Pin=K?_U_FlipFlop2-4
Added Pin To Net: NetName=+24V Pin=K?_U_FlipFlop2-5
Added Pin To Net: NetName=+24V Pin=K?_U_FlipFlop3-4
Added Pin To Net: NetName=+24V Pin=K?_U_FlipFlop3-4
Added Pin To Net: NetName=+24V Pin=K?_U_FlipFlop3-5
Added Pin To Net: NetName=+24V Pin=K?_U_FlipFlop4-4
Added Pin To Net: NetName=+24V Pin=K?_U_FlipFlop4-4
Added Pin To Net: NetName=+24V Pin=K?_U_FlipFlop4-5
Added Net: Name=+24V
Added Pin To Net: NetName=CLK_U_FlipFlop1 Pin=K?_U_FlipFlop1-1
Added Pin To Net: NetName=CLK_U_FlipFlop1 Pin=K?_U_FlipFlop1-4
Added Pin To Net: NetName=CLK_U_FlipFlop1 Pin=K?_U_FlipFlop1-6
Added Net: Name=CLK_U_FlipFlop1
Added Pin To Net: NetName=CLK_U_FlipFlop2 Pin=K?_U_FlipFlop2-1
Added Pin To Net: NetName=CLK_U_FlipFlop2 Pin=K?_U_FlipFlop2-4
Added Pin To Net: NetName=CLK_U_FlipFlop2 Pin=K?_U_FlipFlop2-6
Added Net: Name=CLK_U_FlipFlop2
Added Pin To Net: NetName=CLK_U_FlipFlop3 Pin=K?_U_FlipFlop3-1
Added Pin To Net: NetName=CLK_U_FlipFlop3 Pin=K?_U_FlipFlop3-4
Added Pin To Net: NetName=CLK_U_FlipFlop3 Pin=K?_U_FlipFlop3-6
Added Net: Name=CLK_U_FlipFlop3
Added Pin To Net: NetName=CLK_U_FlipFlop4 Pin=K?_U_FlipFlop4-1
Added Pin To Net: NetName=CLK_U_FlipFlop4 Pin=K?_U_FlipFlop4-4
Added Pin To Net: NetName=CLK_U_FlipFlop4 Pin=K?_U_FlipFlop4-6
Added Net: Name=CLK_U_FlipFlop4
Added Pin To Net: NetName=D_U_FlipFlop1 Pin=K?_U_FlipFlop1-2
Added Pin To Net: NetName=D_U_FlipFlop1 Pin=K?_U_FlipFlop1-3
Added Pin To Net: NetName=D_U_FlipFlop1 Pin=K?_U_FlipFlop1-6
Added Net: Name=D_U_FlipFlop1
Added Pin To Net: NetName=D_U_FlipFlop2 Pin=K?_U_FlipFlop2-2
Added Pin To Net: NetName=D_U_FlipFlop2 Pin=K?_U_FlipFlop2-3
Added Pin To Net: NetName=D_U_FlipFlop2 Pin=K?_U_FlipFlop2-6
Added Net: Name=D_U_FlipFlop2
Added Pin To Net: NetName=D_U_FlipFlop3 Pin=K?_U_FlipFlop3-2
Added Pin To Net: NetName=D_U_FlipFlop3 Pin=K?_U_FlipFlop3-3
Added Pin To Net: NetName=D_U_FlipFlop3 Pin=K?_U_FlipFlop3-6
Added Net: Name=D_U_FlipFlop3
Added Pin To Net: NetName=D_U_FlipFlop4 Pin=K?_U_FlipFlop4-2
Added Pin To Net: NetName=D_U_FlipFlop4 Pin=K?_U_FlipFlop4-3
Added Pin To Net: NetName=D_U_FlipFlop4 Pin=K?_U_FlipFlop4-6
Added Net: Name=D_U_FlipFlop4
Added Pin To Net: NetName=GND Pin=K?_U_FlipFlop1-3
Added Pin To Net: NetName=GND Pin=K?_U_FlipFlop1-3
Added Pin To Net: NetName=GND Pin=K?_U_FlipFlop1-4
Added Pin To Net: NetName=GND Pin=K?_U_FlipFlop1-4
Added Pin To Net: NetName=GND Pin=K?_U_FlipFlop1-5
Added Pin To Net: NetName=GND Pin=K?_U_FlipFlop1-8
Added Pin To Net: NetName=GND Pin=K?_U_FlipFlop1-8
Added Pin To Net: NetName=GND Pin=K?_U_FlipFlop1-8
Added Pin To Net: NetName=GND Pin=K?_U_FlipFlop1-8
Added Pin To Net: NetName=GND Pin=K?_U_FlipFlop1-8
Added Pin To Net: NetName=GND Pin=K?_U_FlipFlop1-8
Added Pin To Net: NetName=GND Pin=K?_U_FlipFlop2-3
Added Pin To Net: NetName=GND Pin=K?_U_FlipFlop2-3
Added Pin To Net: NetName=GND Pin=K?_U_FlipFlop2-4
Added Pin To Net: NetName=GND Pin=K?_U_FlipFlop2-4
Added Pin To Net: NetName=GND Pin=K?_U_FlipFlop2-5
Added Pin To Net: NetName=GND Pin=K?_U_FlipFlop2-8
Added Pin To Net: NetName=GND Pin=K?_U_FlipFlop2-8
Added Pin To Net: NetName=GND Pin=K?_U_FlipFlop2-8
Added Pin To Net: NetName=GND Pin=K?_U_FlipFlop2-8
Added Pin To Net: NetName=GND Pin=K?_U_FlipFlop2-8
Added Pin To Net: NetName=GND Pin=K?_U_FlipFlop2-8
Added Pin To Net: NetName=GND Pin=K?_U_FlipFlop3-3
Added Pin To Net: NetName=GND Pin=K?_U_FlipFlop3-3
Added Pin To Net: NetName=GND Pin=K?_U_FlipFlop3-4
Added Pin To Net: NetName=GND Pin=K?_U_FlipFlop3-4
Added Pin To Net: NetName=GND Pin=K?_U_FlipFlop3-5
Added Pin To Net: NetName=GND Pin=K?_U_FlipFlop3-8
Added Pin To Net: NetName=GND Pin=K?_U_FlipFlop3-8
Added Pin To Net: NetName=GND Pin=K?_U_FlipFlop3-8
Added Pin To Net: NetName=GND Pin=K?_U_FlipFlop3-8
Added Pin To Net: NetName=GND Pin=K?_U_FlipFlop3-8
Added Pin To Net: NetName=GND Pin=K?_U_FlipFlop3-8
Added Pin To Net: NetName=GND Pin=K?_U_FlipFlop4-3
Added Pin To Net: NetName=GND Pin=K?_U_FlipFlop4-3
Added Pin To Net: NetName=GND Pin=K?_U_FlipFlop4-4
Added Pin To Net: NetName=GND Pin=K?_U_FlipFlop4-4
Added Pin To Net: NetName=GND Pin=K?_U_FlipFlop4-5
Added Pin To Net: NetName=GND Pin=K?_U_FlipFlop4-8
Added Pin To Net: NetName=GND Pin=K?_U_FlipFlop4-8
Added Pin To Net: NetName=GND Pin=K?_U_FlipFlop4-8
Added Pin To Net: NetName=GND Pin=K?_U_FlipFlop4-8
Added Pin To Net: NetName=GND Pin=K?_U_FlipFlop4-8
Added Pin To Net: NetName=GND Pin=K?_U_FlipFlop4-8
Added Net: Name=GND
Added Pin To Net: NetName=L1_AndTop_U_FlipFlop1 Pin=K?_U_FlipFlop1-2
Added Pin To Net: NetName=L1_AndTop_U_FlipFlop1 Pin=K?_U_FlipFlop1-3
Added Net: Name=L1_AndTop_U_FlipFlop1
Added Pin To Net: NetName=L1_AndTop_U_FlipFlop2 Pin=K?_U_FlipFlop2-2
Added Pin To Net: NetName=L1_AndTop_U_FlipFlop2 Pin=K?_U_FlipFlop2-3
Added Net: Name=L1_AndTop_U_FlipFlop2
Added Pin To Net: NetName=L1_AndTop_U_FlipFlop3 Pin=K?_U_FlipFlop3-2
Added Pin To Net: NetName=L1_AndTop_U_FlipFlop3 Pin=K?_U_FlipFlop3-3
Added Net: Name=L1_AndTop_U_FlipFlop3
Added Pin To Net: NetName=L1_AndTop_U_FlipFlop4 Pin=K?_U_FlipFlop4-2
Added Pin To Net: NetName=L1_AndTop_U_FlipFlop4 Pin=K?_U_FlipFlop4-3
Added Net: Name=L1_AndTop_U_FlipFlop4
Added Pin To Net: NetName=L1_OrBot_U_FlipFlop1 Pin=K?_U_FlipFlop1-4
Added Pin To Net: NetName=L1_OrBot_U_FlipFlop1 Pin=K?_U_FlipFlop1-7
Added Net: Name=L1_OrBot_U_FlipFlop1
Added Pin To Net: NetName=L1_OrBot_U_FlipFlop2 Pin=K?_U_FlipFlop2-4
Added Pin To Net: NetName=L1_OrBot_U_FlipFlop2 Pin=K?_U_FlipFlop2-7
Added Net: Name=L1_OrBot_U_FlipFlop2
Added Pin To Net: NetName=L1_OrBot_U_FlipFlop3 Pin=K?_U_FlipFlop3-4
Added Pin To Net: NetName=L1_OrBot_U_FlipFlop3 Pin=K?_U_FlipFlop3-7
Added Net: Name=L1_OrBot_U_FlipFlop3
Added Pin To Net: NetName=L1_OrBot_U_FlipFlop4 Pin=K?_U_FlipFlop4-4
Added Pin To Net: NetName=L1_OrBot_U_FlipFlop4 Pin=K?_U_FlipFlop4-7
Added Net: Name=L1_OrBot_U_FlipFlop4
Added Pin To Net: NetName=L1_SRBack_U_FlipFlop1 Pin=K?_U_FlipFlop1-1
Added Pin To Net: NetName=L1_SRBack_U_FlipFlop1 Pin=K?_U_FlipFlop1-1
Added Pin To Net: NetName=L1_SRBack_U_FlipFlop1 Pin=K?_U_FlipFlop1-2
Added Net: Name=L1_SRBack_U_FlipFlop1
Added Pin To Net: NetName=L1_SRBack_U_FlipFlop2 Pin=K?_U_FlipFlop2-1
Added Pin To Net: NetName=L1_SRBack_U_FlipFlop2 Pin=K?_U_FlipFlop2-1
Added Pin To Net: NetName=L1_SRBack_U_FlipFlop2 Pin=K?_U_FlipFlop2-2
Added Net: Name=L1_SRBack_U_FlipFlop2
Added Pin To Net: NetName=L1_SRBack_U_FlipFlop3 Pin=K?_U_FlipFlop3-1
Added Pin To Net: NetName=L1_SRBack_U_FlipFlop3 Pin=K?_U_FlipFlop3-1
Added Pin To Net: NetName=L1_SRBack_U_FlipFlop3 Pin=K?_U_FlipFlop3-2
Added Net: Name=L1_SRBack_U_FlipFlop3
Added Pin To Net: NetName=L1_SRBack_U_FlipFlop4 Pin=K?_U_FlipFlop4-1
Added Pin To Net: NetName=L1_SRBack_U_FlipFlop4 Pin=K?_U_FlipFlop4-1
Added Pin To Net: NetName=L1_SRBack_U_FlipFlop4 Pin=K?_U_FlipFlop4-2
Added Net: Name=L1_SRBack_U_FlipFlop4
Added Pin To Net: NetName=L1_SROR_U_FlipFlop1 Pin=K?_U_FlipFlop1-1
Added Pin To Net: NetName=L1_SROR_U_FlipFlop1 Pin=K?_U_FlipFlop1-2
Added Net: Name=L1_SROR_U_FlipFlop1
Added Pin To Net: NetName=L1_SROR_U_FlipFlop2 Pin=K?_U_FlipFlop2-1
Added Pin To Net: NetName=L1_SROR_U_FlipFlop2 Pin=K?_U_FlipFlop2-2
Added Net: Name=L1_SROR_U_FlipFlop2
Added Pin To Net: NetName=L1_SROR_U_FlipFlop3 Pin=K?_U_FlipFlop3-1
Added Pin To Net: NetName=L1_SROR_U_FlipFlop3 Pin=K?_U_FlipFlop3-2
Added Net: Name=L1_SROR_U_FlipFlop3
Added Pin To Net: NetName=L1_SROR_U_FlipFlop4 Pin=K?_U_FlipFlop4-1
Added Pin To Net: NetName=L1_SROR_U_FlipFlop4 Pin=K?_U_FlipFlop4-2
Added Net: Name=L1_SROR_U_FlipFlop4
Added Pin To Net: NetName=L2_AndBot_U_FlipFlop1 Pin=K?_U_FlipFlop1-1
Added Pin To Net: NetName=L2_AndBot_U_FlipFlop1 Pin=K?_U_FlipFlop1-7
Added Net: Name=L2_AndBot_U_FlipFlop1
Added Pin To Net: NetName=L2_AndBot_U_FlipFlop2 Pin=K?_U_FlipFlop2-1
Added Pin To Net: NetName=L2_AndBot_U_FlipFlop2 Pin=K?_U_FlipFlop2-7
Added Net: Name=L2_AndBot_U_FlipFlop2
Added Pin To Net: NetName=L2_AndBot_U_FlipFlop3 Pin=K?_U_FlipFlop3-1
Added Pin To Net: NetName=L2_AndBot_U_FlipFlop3 Pin=K?_U_FlipFlop3-7
Added Net: Name=L2_AndBot_U_FlipFlop3
Added Pin To Net: NetName=L2_AndBot_U_FlipFlop4 Pin=K?_U_FlipFlop4-1
Added Pin To Net: NetName=L2_AndBot_U_FlipFlop4 Pin=K?_U_FlipFlop4-7
Added Net: Name=L2_AndBot_U_FlipFlop4
Added Pin To Net: NetName=L2_AndTop_U_FlipFlop1 Pin=K?_U_FlipFlop1-2
Added Pin To Net: NetName=L2_AndTop_U_FlipFlop1 Pin=K?_U_FlipFlop1-3
Added Net: Name=L2_AndTop_U_FlipFlop1
Added Pin To Net: NetName=L2_AndTop_U_FlipFlop2 Pin=K?_U_FlipFlop2-2
Added Pin To Net: NetName=L2_AndTop_U_FlipFlop2 Pin=K?_U_FlipFlop2-3
Added Net: Name=L2_AndTop_U_FlipFlop2
Added Pin To Net: NetName=L2_AndTop_U_FlipFlop3 Pin=K?_U_FlipFlop3-2
Added Pin To Net: NetName=L2_AndTop_U_FlipFlop3 Pin=K?_U_FlipFlop3-3
Added Net: Name=L2_AndTop_U_FlipFlop3
Added Pin To Net: NetName=L2_AndTop_U_FlipFlop4 Pin=K?_U_FlipFlop4-2
Added Pin To Net: NetName=L2_AndTop_U_FlipFlop4 Pin=K?_U_FlipFlop4-3
Added Net: Name=L2_AndTop_U_FlipFlop4
Added Pin To Net: NetName=L2_SRBack_U_FlipFlop1 Pin=K?_U_FlipFlop1-1
Added Pin To Net: NetName=L2_SRBack_U_FlipFlop1 Pin=K?_U_FlipFlop1-2
Added Pin To Net: NetName=L2_SRBack_U_FlipFlop1 Pin=K?_U_FlipFlop1-3
Added Net: Name=L2_SRBack_U_FlipFlop1
Added Pin To Net: NetName=L2_SRBack_U_FlipFlop2 Pin=K?_U_FlipFlop2-1
Added Pin To Net: NetName=L2_SRBack_U_FlipFlop2 Pin=K?_U_FlipFlop2-2
Added Pin To Net: NetName=L2_SRBack_U_FlipFlop2 Pin=K?_U_FlipFlop2-3
Added Net: Name=L2_SRBack_U_FlipFlop2
Added Pin To Net: NetName=L2_SRBack_U_FlipFlop3 Pin=K?_U_FlipFlop3-1
Added Pin To Net: NetName=L2_SRBack_U_FlipFlop3 Pin=K?_U_FlipFlop3-2
Added Pin To Net: NetName=L2_SRBack_U_FlipFlop3 Pin=K?_U_FlipFlop3-3
Added Net: Name=L2_SRBack_U_FlipFlop3
Added Pin To Net: NetName=L2_SRBack_U_FlipFlop4 Pin=K?_U_FlipFlop4-1
Added Pin To Net: NetName=L2_SRBack_U_FlipFlop4 Pin=K?_U_FlipFlop4-2
Added Pin To Net: NetName=L2_SRBack_U_FlipFlop4 Pin=K?_U_FlipFlop4-3
Added Net: Name=L2_SRBack_U_FlipFlop4
Added Pin To Net: NetName=L2_SROR_U_FlipFlop1 Pin=K?_U_FlipFlop1-2
Added Pin To Net: NetName=L2_SROR_U_FlipFlop1 Pin=K?_U_FlipFlop1-3
Added Net: Name=L2_SROR_U_FlipFlop1
Added Pin To Net: NetName=L2_SROR_U_FlipFlop2 Pin=K?_U_FlipFlop2-2
Added Pin To Net: NetName=L2_SROR_U_FlipFlop2 Pin=K?_U_FlipFlop2-3
Added Net: Name=L2_SROR_U_FlipFlop2
Added Pin To Net: NetName=L2_SROR_U_FlipFlop3 Pin=K?_U_FlipFlop3-2
Added Pin To Net: NetName=L2_SROR_U_FlipFlop3 Pin=K?_U_FlipFlop3-3
Added Net: Name=L2_SROR_U_FlipFlop3
Added Pin To Net: NetName=L2_SROR_U_FlipFlop4 Pin=K?_U_FlipFlop4-2
Added Pin To Net: NetName=L2_SROR_U_FlipFlop4 Pin=K?_U_FlipFlop4-3
Added Net: Name=L2_SROR_U_FlipFlop4
Added Pin To Net: NetName=NetK?_U_FlipFlop1_1 Pin=K?_U_FlipFlop1-1
Added Net: Name=NetK?_U_FlipFlop1_1
Added Pin To Net: NetName=NetK?_U_FlipFlop1_4 Pin=K?_U_FlipFlop1-4
Added Net: Name=NetK?_U_FlipFlop1_4
Added Pin To Net: NetName=NetK?_U_FlipFlop2_1 Pin=K?_U_FlipFlop2-1
Added Net: Name=NetK?_U_FlipFlop2_1
Added Pin To Net: NetName=NetK?_U_FlipFlop2_4 Pin=K?_U_FlipFlop2-4
Added Net: Name=NetK?_U_FlipFlop2_4
Added Pin To Net: NetName=NetK?_U_FlipFlop3_1 Pin=K?_U_FlipFlop3-1
Added Net: Name=NetK?_U_FlipFlop3_1
Added Pin To Net: NetName=NetK?_U_FlipFlop3_4 Pin=K?_U_FlipFlop3-4
Added Net: Name=NetK?_U_FlipFlop3_4
Added Pin To Net: NetName=NetK?_U_FlipFlop4_1 Pin=K?_U_FlipFlop4-1
Added Net: Name=NetK?_U_FlipFlop4_1
Added Pin To Net: NetName=NetK?_U_FlipFlop4_4 Pin=K?_U_FlipFlop4-4
Added Net: Name=NetK?_U_FlipFlop4_4
Added Class: Name=U_FlipFlop1
Added Class: Name=U_FlipFlop2
Added Class: Name=U_FlipFlop3
Added Class: Name=U_FlipFlop4
Added Class: Name=FlipFlop
Added Rule: Name=Schematic Supply Nets
Added Rule: Name=Schematic Supply Nets_1
