Add component: Footprint Not Found DI SMAJ24A
Add component: Footprint Not Found DI SMAJ24A
Add component: Footprint Not Found DI SMAJ24A
Add component: Footprint Not Found DI SMAJ24A
Add component: Footprint Not Found DI SMAJ24A
Add component: Footprint Not Found DI SMAJ24A
Add component: Footprint Not Found DI SMAJ24A
Add component: Footprint Not Found DI SMAJ24A
Add component: Footprint Not Found DI SMAJ24A
Add component: Footprint Not Found DI SMAJ24A
Add component: Footprint Not Found DI SMAJ24A
Add component: Footprint Not Found DI SMAJ24A
Add component: Footprint Not Found DI SMAJ24A
Add component: Footprint Not Found DI SMAJ24A
Add component: Footprint Not Found DI SMAJ24A
Add component: Footprint Not Found DI SMAJ24A
Add component: Footprint Not Found Con 2.54mm 10x2pos
Add component: Footprint Not Found Con 2.54mm 10x2pos
Add component: Footprint Not Found Con 2.54mm 10x2pos
Add component: Footprint Not Found Con 2.54mm 10x2pos
Add component: Footprint Not Found Con 2.54mm 10x2pos
Add component: Footprint Not Found Con 2.54mm 10x2pos
Add component: Footprint Not Found Con 2.54mm 10x2pos
Add component: Footprint Not Found Con 2.54mm 10x2pos
Add component: Footprint Not Found Con 2.54mm 10x2pos
Add component: Footprint Not Found Con 2.54mm 10x2pos
Add component: Footprint Not Found Con 2.54mm 10x2pos
Add component: Footprint Not Found Relay J104D2C24VDC.15S
Add component: Footprint Not Found Relay J104D2C24VDC.15S
Add component: Footprint Not Found Relay J104D2C24VDC.15S
Add component: Footprint Not Found Relay J104D2C24VDC.15S
Add component: Footprint Not Found Relay J104D2C24VDC.15S
Add component: Footprint Not Found Relay J104D2C24VDC.15S
Add component: Footprint Not Found Relay J104D2C24VDC.15S
Add component: Footprint Not Found Relay J104D2C24VDC.15S
Add component: Footprint Not Found Relay J104D2C24VDC.15S
Add component: Footprint Not Found Relay J104D2C24VDC.15S
Add component: Footprint Not Found Relay J104D2C24VDC.15S
Add component: Footprint Not Found Relay J104D2C24VDC.15S
Add component: Footprint Not Found Relay J104D2C24VDC.15S
Add component: Footprint Not Found Relay J104D2C24VDC.15S
Add component: Footprint Not Found Relay J104D2C24VDC.15S
Add component: Footprint Not Found Relay J104D2C24VDC.15S
Add Pin To Net: Unknown Pin: Pin D_U_4bitMux21-1
Add Pin To Net: Unknown Pin: Pin D_U_4bitMux21-1
Add Pin To Net: Unknown Pin: Pin D_U_4bitMux21-2
Add Pin To Net: Unknown Pin: Pin D_U_4bitMux21-2
Add Pin To Net: Unknown Pin: Pin D_U_4bitMux22-1
Add Pin To Net: Unknown Pin: Pin D_U_4bitMux22-1
Add Pin To Net: Unknown Pin: Pin D_U_4bitMux22-2
Add Pin To Net: Unknown Pin: Pin D_U_4bitMux22-2
Add Pin To Net: Unknown Pin: Pin D_U_4bitMux23-1
Add Pin To Net: Unknown Pin: Pin D_U_4bitMux23-1
Add Pin To Net: Unknown Pin: Pin D_U_4bitMux23-2
Add Pin To Net: Unknown Pin: Pin D_U_4bitMux23-2
Add Pin To Net: Unknown Pin: Pin D_U_4bitMux24-1
Add Pin To Net: Unknown Pin: Pin D_U_4bitMux24-1
Add Pin To Net: Unknown Pin: Pin D_U_4bitMux24-2
Add Pin To Net: Unknown Pin: Pin D_U_4bitMux24-2
Add Pin To Net: Unknown Pin: Pin D_U_4bitMux25-1
Add Pin To Net: Unknown Pin: Pin D_U_4bitMux25-1
Add Pin To Net: Unknown Pin: Pin D_U_4bitMux25-2
Add Pin To Net: Unknown Pin: Pin D_U_4bitMux25-2
Add Pin To Net: Unknown Pin: Pin D_U_4bitMux26-1
Add Pin To Net: Unknown Pin: Pin D_U_4bitMux26-1
Add Pin To Net: Unknown Pin: Pin D_U_4bitMux26-2
Add Pin To Net: Unknown Pin: Pin D_U_4bitMux26-2
Add Pin To Net: Unknown Pin: Pin D_U_4bitMux27-1
Add Pin To Net: Unknown Pin: Pin D_U_4bitMux27-1
Add Pin To Net: Unknown Pin: Pin D_U_4bitMux27-2
Add Pin To Net: Unknown Pin: Pin D_U_4bitMux27-2
Add Pin To Net: Unknown Pin: Pin D_U_4bitMux28-1
Add Pin To Net: Unknown Pin: Pin D_U_4bitMux28-1
Add Pin To Net: Unknown Pin: Pin D_U_4bitMux28-2
Add Pin To Net: Unknown Pin: Pin D_U_4bitMux28-2
Add Pin To Net: Unknown Pin: Pin J?-1
Add Pin To Net: Unknown Pin: Pin J?-1
Add Pin To Net: Unknown Pin: Pin J?-1
Add Pin To Net: Unknown Pin: Pin J?-1
Add Pin To Net: Unknown Pin: Pin J?-1
Add Pin To Net: Unknown Pin: Pin J?-1
Add Pin To Net: Unknown Pin: Pin J?-1
Add Pin To Net: Unknown Pin: Pin J?-1
Add Pin To Net: Unknown Pin: Pin J?-1
Add Pin To Net: Unknown Pin: Pin J?-1
Add Pin To Net: Unknown Pin: Pin J?-1
Add Pin To Net: Unknown Pin: Pin J?-2
Add Pin To Net: Unknown Pin: Pin J?-2
Add Pin To Net: Unknown Pin: Pin J?-2
Add Pin To Net: Unknown Pin: Pin J?-2
Add Pin To Net: Unknown Pin: Pin J?-2
Add Pin To Net: Unknown Pin: Pin J?-2
Add Pin To Net: Unknown Pin: Pin J?-2
Add Pin To Net: Unknown Pin: Pin J?-2
Add Pin To Net: Unknown Pin: Pin J?-2
Add Pin To Net: Unknown Pin: Pin J?-2
Add Pin To Net: Unknown Pin: Pin J?-2
Add Pin To Net: Unknown Pin: Pin J?-3
Add Pin To Net: Unknown Pin: Pin J?-3
Add Pin To Net: Unknown Pin: Pin J?-3
Add Pin To Net: Unknown Pin: Pin J?-3
Add Pin To Net: Unknown Pin: Pin J?-3
Add Pin To Net: Unknown Pin: Pin J?-3
Add Pin To Net: Unknown Pin: Pin J?-3
Add Pin To Net: Unknown Pin: Pin J?-3
Add Pin To Net: Unknown Pin: Pin J?-3
Add Pin To Net: Unknown Pin: Pin J?-3
Add Pin To Net: Unknown Pin: Pin J?-3
Add Pin To Net: Unknown Pin: Pin J?-4
Add Pin To Net: Unknown Pin: Pin J?-4
Add Pin To Net: Unknown Pin: Pin J?-4
Add Pin To Net: Unknown Pin: Pin J?-4
Add Pin To Net: Unknown Pin: Pin J?-4
Add Pin To Net: Unknown Pin: Pin J?-4
Add Pin To Net: Unknown Pin: Pin J?-4
Add Pin To Net: Unknown Pin: Pin J?-4
Add Pin To Net: Unknown Pin: Pin J?-4
Add Pin To Net: Unknown Pin: Pin J?-4
Add Pin To Net: Unknown Pin: Pin J?-4
Add Pin To Net: Unknown Pin: Pin J?-5
Add Pin To Net: Unknown Pin: Pin J?-5
Add Pin To Net: Unknown Pin: Pin J?-5
Add Pin To Net: Unknown Pin: Pin J?-5
Add Pin To Net: Unknown Pin: Pin J?-5
Add Pin To Net: Unknown Pin: Pin J?-5
Add Pin To Net: Unknown Pin: Pin J?-5
Add Pin To Net: Unknown Pin: Pin J?-5
Add Pin To Net: Unknown Pin: Pin J?-5
Add Pin To Net: Unknown Pin: Pin J?-5
Add Pin To Net: Unknown Pin: Pin J?-5
Add Pin To Net: Unknown Pin: Pin J?-6
Add Pin To Net: Unknown Pin: Pin J?-6
Add Pin To Net: Unknown Pin: Pin J?-6
Add Pin To Net: Unknown Pin: Pin J?-6
Add Pin To Net: Unknown Pin: Pin J?-6
Add Pin To Net: Unknown Pin: Pin J?-6
Add Pin To Net: Unknown Pin: Pin J?-6
Add Pin To Net: Unknown Pin: Pin J?-6
Add Pin To Net: Unknown Pin: Pin J?-6
Add Pin To Net: Unknown Pin: Pin J?-6
Add Pin To Net: Unknown Pin: Pin J?-6
Add Pin To Net: Unknown Pin: Pin J?-7
Add Pin To Net: Unknown Pin: Pin J?-7
Add Pin To Net: Unknown Pin: Pin J?-7
Add Pin To Net: Unknown Pin: Pin J?-7
Add Pin To Net: Unknown Pin: Pin J?-7
Add Pin To Net: Unknown Pin: Pin J?-7
Add Pin To Net: Unknown Pin: Pin J?-7
Add Pin To Net: Unknown Pin: Pin J?-7
Add Pin To Net: Unknown Pin: Pin J?-7
Add Pin To Net: Unknown Pin: Pin J?-7
Add Pin To Net: Unknown Pin: Pin J?-7
Add Pin To Net: Unknown Pin: Pin J?-8
Add Pin To Net: Unknown Pin: Pin J?-8
Add Pin To Net: Unknown Pin: Pin J?-8
Add Pin To Net: Unknown Pin: Pin J?-8
Add Pin To Net: Unknown Pin: Pin J?-8
Add Pin To Net: Unknown Pin: Pin J?-8
Add Pin To Net: Unknown Pin: Pin J?-8
Add Pin To Net: Unknown Pin: Pin J?-8
Add Pin To Net: Unknown Pin: Pin J?-8
Add Pin To Net: Unknown Pin: Pin J?-8
Add Pin To Net: Unknown Pin: Pin J?-8
Add Pin To Net: Unknown Pin: Pin J?-9
Add Pin To Net: Unknown Pin: Pin J?-9
Add Pin To Net: Unknown Pin: Pin J?-9
Add Pin To Net: Unknown Pin: Pin J?-9
Add Pin To Net: Unknown Pin: Pin J?-9
Add Pin To Net: Unknown Pin: Pin J?-9
Add Pin To Net: Unknown Pin: Pin J?-9
Add Pin To Net: Unknown Pin: Pin J?-9
Add Pin To Net: Unknown Pin: Pin J?-9
Add Pin To Net: Unknown Pin: Pin J?-9
Add Pin To Net: Unknown Pin: Pin J?-9
Add Pin To Net: Unknown Pin: Pin J?-10
Add Pin To Net: Unknown Pin: Pin J?-10
Add Pin To Net: Unknown Pin: Pin J?-10
Add Pin To Net: Unknown Pin: Pin J?-10
Add Pin To Net: Unknown Pin: Pin J?-10
Add Pin To Net: Unknown Pin: Pin J?-10
Add Pin To Net: Unknown Pin: Pin J?-10
Add Pin To Net: Unknown Pin: Pin J?-10
Add Pin To Net: Unknown Pin: Pin J?-10
Add Pin To Net: Unknown Pin: Pin J?-10
Add Pin To Net: Unknown Pin: Pin J?-10
Add Pin To Net: Unknown Pin: Pin J?-11
Add Pin To Net: Unknown Pin: Pin J?-11
Add Pin To Net: Unknown Pin: Pin J?-11
Add Pin To Net: Unknown Pin: Pin J?-11
Add Pin To Net: Unknown Pin: Pin J?-11
Add Pin To Net: Unknown Pin: Pin J?-11
Add Pin To Net: Unknown Pin: Pin J?-11
Add Pin To Net: Unknown Pin: Pin J?-11
Add Pin To Net: Unknown Pin: Pin J?-11
Add Pin To Net: Unknown Pin: Pin J?-11
Add Pin To Net: Unknown Pin: Pin J?-11
Add Pin To Net: Unknown Pin: Pin J?-12
Add Pin To Net: Unknown Pin: Pin J?-12
Add Pin To Net: Unknown Pin: Pin J?-12
Add Pin To Net: Unknown Pin: Pin J?-12
Add Pin To Net: Unknown Pin: Pin J?-12
Add Pin To Net: Unknown Pin: Pin J?-12
Add Pin To Net: Unknown Pin: Pin J?-12
Add Pin To Net: Unknown Pin: Pin J?-12
Add Pin To Net: Unknown Pin: Pin J?-12
Add Pin To Net: Unknown Pin: Pin J?-12
Add Pin To Net: Unknown Pin: Pin J?-12
Add Pin To Net: Unknown Pin: Pin J?-13
Add Pin To Net: Unknown Pin: Pin J?-13
Add Pin To Net: Unknown Pin: Pin J?-13
Add Pin To Net: Unknown Pin: Pin J?-13
Add Pin To Net: Unknown Pin: Pin J?-13
Add Pin To Net: Unknown Pin: Pin J?-13
Add Pin To Net: Unknown Pin: Pin J?-13
Add Pin To Net: Unknown Pin: Pin J?-13
Add Pin To Net: Unknown Pin: Pin J?-13
Add Pin To Net: Unknown Pin: Pin J?-13
Add Pin To Net: Unknown Pin: Pin J?-13
Add Pin To Net: Unknown Pin: Pin J?-14
Add Pin To Net: Unknown Pin: Pin J?-14
Add Pin To Net: Unknown Pin: Pin J?-15
Add Pin To Net: Unknown Pin: Pin J?-15
Add Pin To Net: Unknown Pin: Pin J?-15
Add Pin To Net: Unknown Pin: Pin J?-15
Add Pin To Net: Unknown Pin: Pin J?-15
Add Pin To Net: Unknown Pin: Pin J?-15
Add Pin To Net: Unknown Pin: Pin J?-15
Add Pin To Net: Unknown Pin: Pin J?-15
Add Pin To Net: Unknown Pin: Pin J?-15
Add Pin To Net: Unknown Pin: Pin J?-15
Add Pin To Net: Unknown Pin: Pin J?-15
Add Pin To Net: Unknown Pin: Pin J?-16
Add Pin To Net: Unknown Pin: Pin J?-16
Add Pin To Net: Unknown Pin: Pin J?-17
Add Pin To Net: Unknown Pin: Pin J?-17
Add Pin To Net: Unknown Pin: Pin J?-17
Add Pin To Net: Unknown Pin: Pin J?-17
Add Pin To Net: Unknown Pin: Pin J?-17
Add Pin To Net: Unknown Pin: Pin J?-17
Add Pin To Net: Unknown Pin: Pin J?-17
Add Pin To Net: Unknown Pin: Pin J?-17
Add Pin To Net: Unknown Pin: Pin J?-17
Add Pin To Net: Unknown Pin: Pin J?-17
Add Pin To Net: Unknown Pin: Pin J?-17
Add Pin To Net: Unknown Pin: Pin J?-18
Add Pin To Net: Unknown Pin: Pin J?-18
Add Pin To Net: Unknown Pin: Pin J?-18
Add Pin To Net: Unknown Pin: Pin J?-18
Add Pin To Net: Unknown Pin: Pin J?-18
Add Pin To Net: Unknown Pin: Pin J?-18
Add Pin To Net: Unknown Pin: Pin J?-18
Add Pin To Net: Unknown Pin: Pin J?-18
Add Pin To Net: Unknown Pin: Pin J?-18
Add Pin To Net: Unknown Pin: Pin J?-18
Add Pin To Net: Unknown Pin: Pin J?-18
Add Pin To Net: Unknown Pin: Pin J?-19
Add Pin To Net: Unknown Pin: Pin J?-19
Add Pin To Net: Unknown Pin: Pin J?-19
Add Pin To Net: Unknown Pin: Pin J?-19
Add Pin To Net: Unknown Pin: Pin J?-19
Add Pin To Net: Unknown Pin: Pin J?-19
Add Pin To Net: Unknown Pin: Pin J?-19
Add Pin To Net: Unknown Pin: Pin J?-19
Add Pin To Net: Unknown Pin: Pin J?-19
Add Pin To Net: Unknown Pin: Pin J?-19
Add Pin To Net: Unknown Pin: Pin J?-19
Add Pin To Net: Unknown Pin: Pin J?-20
Add Pin To Net: Unknown Pin: Pin J?-20
Add Pin To Net: Unknown Pin: Pin J?-20
Add Pin To Net: Unknown Pin: Pin J?-20
Add Pin To Net: Unknown Pin: Pin J?-20
Add Pin To Net: Unknown Pin: Pin J?-20
Add Pin To Net: Unknown Pin: Pin J?-20
Add Pin To Net: Unknown Pin: Pin J?-20
Add Pin To Net: Unknown Pin: Pin J?-20
Add Pin To Net: Unknown Pin: Pin J?-20
Add Pin To Net: Unknown Pin: Pin J?-20
Add Pin To Net: Unknown Pin: Pin K_U_4bitMux21-1
Add Pin To Net: Unknown Pin: Pin K_U_4bitMux21-1
Add Pin To Net: Unknown Pin: Pin K_U_4bitMux21-2
Add Pin To Net: Unknown Pin: Pin K_U_4bitMux21-2
Add Pin To Net: Unknown Pin: Pin K_U_4bitMux21-3
Add Pin To Net: Unknown Pin: Pin K_U_4bitMux21-3
Add Pin To Net: Unknown Pin: Pin K_U_4bitMux21-4
Add Pin To Net: Unknown Pin: Pin K_U_4bitMux21-4
Add Pin To Net: Unknown Pin: Pin K_U_4bitMux21-5
Add Pin To Net: Unknown Pin: Pin K_U_4bitMux21-5
Add Pin To Net: Unknown Pin: Pin K_U_4bitMux21-6
Add Pin To Net: Unknown Pin: Pin K_U_4bitMux21-6
Add Pin To Net: Unknown Pin: Pin K_U_4bitMux21-7
Add Pin To Net: Unknown Pin: Pin K_U_4bitMux21-7
Add Pin To Net: Unknown Pin: Pin K_U_4bitMux21-8
Add Pin To Net: Unknown Pin: Pin K_U_4bitMux21-8
Add Pin To Net: Unknown Pin: Pin K_U_4bitMux22-1
Add Pin To Net: Unknown Pin: Pin K_U_4bitMux22-1
Add Pin To Net: Unknown Pin: Pin K_U_4bitMux22-2
Add Pin To Net: Unknown Pin: Pin K_U_4bitMux22-2
Add Pin To Net: Unknown Pin: Pin K_U_4bitMux22-3
Add Pin To Net: Unknown Pin: Pin K_U_4bitMux22-3
Add Pin To Net: Unknown Pin: Pin K_U_4bitMux22-4
Add Pin To Net: Unknown Pin: Pin K_U_4bitMux22-4
Add Pin To Net: Unknown Pin: Pin K_U_4bitMux22-5
Add Pin To Net: Unknown Pin: Pin K_U_4bitMux22-5
Add Pin To Net: Unknown Pin: Pin K_U_4bitMux22-6
Add Pin To Net: Unknown Pin: Pin K_U_4bitMux22-6
Add Pin To Net: Unknown Pin: Pin K_U_4bitMux22-7
Add Pin To Net: Unknown Pin: Pin K_U_4bitMux22-7
Add Pin To Net: Unknown Pin: Pin K_U_4bitMux22-8
Add Pin To Net: Unknown Pin: Pin K_U_4bitMux22-8
Add Pin To Net: Unknown Pin: Pin K_U_4bitMux23-1
Add Pin To Net: Unknown Pin: Pin K_U_4bitMux23-1
Add Pin To Net: Unknown Pin: Pin K_U_4bitMux23-2
Add Pin To Net: Unknown Pin: Pin K_U_4bitMux23-2
Add Pin To Net: Unknown Pin: Pin K_U_4bitMux23-3
Add Pin To Net: Unknown Pin: Pin K_U_4bitMux23-3
Add Pin To Net: Unknown Pin: Pin K_U_4bitMux23-4
Add Pin To Net: Unknown Pin: Pin K_U_4bitMux23-4
Add Pin To Net: Unknown Pin: Pin K_U_4bitMux23-5
Add Pin To Net: Unknown Pin: Pin K_U_4bitMux23-5
Add Pin To Net: Unknown Pin: Pin K_U_4bitMux23-6
Add Pin To Net: Unknown Pin: Pin K_U_4bitMux23-6
Add Pin To Net: Unknown Pin: Pin K_U_4bitMux23-7
Add Pin To Net: Unknown Pin: Pin K_U_4bitMux23-7
Add Pin To Net: Unknown Pin: Pin K_U_4bitMux23-8
Add Pin To Net: Unknown Pin: Pin K_U_4bitMux23-8
Add Pin To Net: Unknown Pin: Pin K_U_4bitMux24-1
Add Pin To Net: Unknown Pin: Pin K_U_4bitMux24-1
Add Pin To Net: Unknown Pin: Pin K_U_4bitMux24-2
Add Pin To Net: Unknown Pin: Pin K_U_4bitMux24-2
Add Pin To Net: Unknown Pin: Pin K_U_4bitMux24-3
Add Pin To Net: Unknown Pin: Pin K_U_4bitMux24-3
Add Pin To Net: Unknown Pin: Pin K_U_4bitMux24-4
Add Pin To Net: Unknown Pin: Pin K_U_4bitMux24-4
Add Pin To Net: Unknown Pin: Pin K_U_4bitMux24-5
Add Pin To Net: Unknown Pin: Pin K_U_4bitMux24-5
Add Pin To Net: Unknown Pin: Pin K_U_4bitMux24-6
Add Pin To Net: Unknown Pin: Pin K_U_4bitMux24-6
Add Pin To Net: Unknown Pin: Pin K_U_4bitMux24-7
Add Pin To Net: Unknown Pin: Pin K_U_4bitMux24-7
Add Pin To Net: Unknown Pin: Pin K_U_4bitMux24-8
Add Pin To Net: Unknown Pin: Pin K_U_4bitMux24-8
Add Pin To Net: Unknown Pin: Pin K_U_4bitMux25-1
Add Pin To Net: Unknown Pin: Pin K_U_4bitMux25-1
Add Pin To Net: Unknown Pin: Pin K_U_4bitMux25-2
Add Pin To Net: Unknown Pin: Pin K_U_4bitMux25-2
Add Pin To Net: Unknown Pin: Pin K_U_4bitMux25-3
Add Pin To Net: Unknown Pin: Pin K_U_4bitMux25-3
Add Pin To Net: Unknown Pin: Pin K_U_4bitMux25-4
Add Pin To Net: Unknown Pin: Pin K_U_4bitMux25-4
Add Pin To Net: Unknown Pin: Pin K_U_4bitMux25-5
Add Pin To Net: Unknown Pin: Pin K_U_4bitMux25-5
Add Pin To Net: Unknown Pin: Pin K_U_4bitMux25-6
Add Pin To Net: Unknown Pin: Pin K_U_4bitMux25-6
Add Pin To Net: Unknown Pin: Pin K_U_4bitMux25-7
Add Pin To Net: Unknown Pin: Pin K_U_4bitMux25-7
Add Pin To Net: Unknown Pin: Pin K_U_4bitMux25-8
Add Pin To Net: Unknown Pin: Pin K_U_4bitMux25-8
Add Pin To Net: Unknown Pin: Pin K_U_4bitMux26-1
Add Pin To Net: Unknown Pin: Pin K_U_4bitMux26-1
Add Pin To Net: Unknown Pin: Pin K_U_4bitMux26-2
Add Pin To Net: Unknown Pin: Pin K_U_4bitMux26-2
Add Pin To Net: Unknown Pin: Pin K_U_4bitMux26-3
Add Pin To Net: Unknown Pin: Pin K_U_4bitMux26-3
Add Pin To Net: Unknown Pin: Pin K_U_4bitMux26-4
Add Pin To Net: Unknown Pin: Pin K_U_4bitMux26-4
Add Pin To Net: Unknown Pin: Pin K_U_4bitMux26-5
Add Pin To Net: Unknown Pin: Pin K_U_4bitMux26-5
Add Pin To Net: Unknown Pin: Pin K_U_4bitMux26-6
Add Pin To Net: Unknown Pin: Pin K_U_4bitMux26-6
Add Pin To Net: Unknown Pin: Pin K_U_4bitMux26-7
Add Pin To Net: Unknown Pin: Pin K_U_4bitMux26-7
Add Pin To Net: Unknown Pin: Pin K_U_4bitMux26-8
Add Pin To Net: Unknown Pin: Pin K_U_4bitMux26-8
Add Pin To Net: Unknown Pin: Pin K_U_4bitMux27-1
Add Pin To Net: Unknown Pin: Pin K_U_4bitMux27-1
Add Pin To Net: Unknown Pin: Pin K_U_4bitMux27-2
Add Pin To Net: Unknown Pin: Pin K_U_4bitMux27-3
Add Pin To Net: Unknown Pin: Pin K_U_4bitMux27-3
Add Pin To Net: Unknown Pin: Pin K_U_4bitMux27-4
Add Pin To Net: Unknown Pin: Pin K_U_4bitMux27-4
Add Pin To Net: Unknown Pin: Pin K_U_4bitMux27-5
Add Pin To Net: Unknown Pin: Pin K_U_4bitMux27-5
Add Pin To Net: Unknown Pin: Pin K_U_4bitMux27-6
Add Pin To Net: Unknown Pin: Pin K_U_4bitMux27-6
Add Pin To Net: Unknown Pin: Pin K_U_4bitMux27-7
Add Pin To Net: Unknown Pin: Pin K_U_4bitMux27-8
Add Pin To Net: Unknown Pin: Pin K_U_4bitMux27-8
Add Pin To Net: Unknown Pin: Pin K_U_4bitMux28-1
Add Pin To Net: Unknown Pin: Pin K_U_4bitMux28-1
Add Pin To Net: Unknown Pin: Pin K_U_4bitMux28-2
Add Pin To Net: Unknown Pin: Pin K_U_4bitMux28-2
Add Pin To Net: Unknown Pin: Pin K_U_4bitMux28-3
Add Pin To Net: Unknown Pin: Pin K_U_4bitMux28-3
Add Pin To Net: Unknown Pin: Pin K_U_4bitMux28-4
Add Pin To Net: Unknown Pin: Pin K_U_4bitMux28-4
Add Pin To Net: Unknown Pin: Pin K_U_4bitMux28-5
Add Pin To Net: Unknown Pin: Pin K_U_4bitMux28-5
Add Pin To Net: Unknown Pin: Pin K_U_4bitMux28-6
Add Pin To Net: Unknown Pin: Pin K_U_4bitMux28-6
Add Pin To Net: Unknown Pin: Pin K_U_4bitMux28-7
Add Pin To Net: Unknown Pin: Pin K_U_4bitMux28-7
Add Pin To Net: Unknown Pin: Pin K_U_4bitMux28-8
Add Pin To Net: Unknown Pin: Pin K_U_4bitMux28-8
Add Net: Net with name "NetK_U_4bitMux27_2" already exists
Add Net: Net with name "NetK_U_4bitMux27_7" already exists
Add Class Member: Failed to add class member : Component D_U_4bitMux21 (D) SMAJ24A
Add Class Member: Failed to add class member : Component D_U_4bitMux21 (D) SMAJ24A
Add Class Member: Failed to add class member : Component D_U_4bitMux22 (D) SMAJ24A
Add Class Member: Failed to add class member : Component D_U_4bitMux22 (D) SMAJ24A
Add Class Member: Failed to add class member : Component D_U_4bitMux23 (D) SMAJ24A
Add Class Member: Failed to add class member : Component D_U_4bitMux23 (D) SMAJ24A
Add Class Member: Failed to add class member : Component D_U_4bitMux24 (D) SMAJ24A
Add Class Member: Failed to add class member : Component D_U_4bitMux24 (D) SMAJ24A
Add Class Member: Failed to add class member : Component D_U_4bitMux25 (D) SMAJ24A
Add Class Member: Failed to add class member : Component D_U_4bitMux25 (D) SMAJ24A
Add Class Member: Failed to add class member : Component D_U_4bitMux26 (D) SMAJ24A
Add Class Member: Failed to add class member : Component D_U_4bitMux26 (D) SMAJ24A
Add Class Member: Failed to add class member : Component D_U_4bitMux27 (D) SMAJ24A
Add Class Member: Failed to add class member : Component D_U_4bitMux27 (D) SMAJ24A
Add Class Member: Failed to add class member : Component D_U_4bitMux28 (D) SMAJ24A
Add Class Member: Failed to add class member : Component D_U_4bitMux28 (D) SMAJ24A
Add Class Member: Failed to add class member : Component J? Con 2.54mm 10x2pos
Add Class Member: Failed to add class member : Component J? Con 2.54mm 10x2pos
Add Class Member: Failed to add class member : Component J? Con 2.54mm 10x2pos
Add Class Member: Failed to add class member : Component J? Con 2.54mm 10x2pos
Add Class Member: Failed to add class member : Component J? Con 2.54mm 10x2pos
Add Class Member: Failed to add class member : Component J? Con 2.54mm 10x2pos
Add Class Member: Failed to add class member : Component J? Con 2.54mm 10x2pos
Add Class Member: Failed to add class member : Component J? Con 2.54mm 10x2pos
Add Class Member: Failed to add class member : Component J? Con 2.54mm 10x2pos
Add Class Member: Failed to add class member : Component J? Con 2.54mm 10x2pos
Add Class Member: Failed to add class member : Component J? Con 2.54mm 10x2pos
Add Class Member: Failed to add class member : Component K_U_4bitMux21 (K) J104D2C24VDC.15S
Add Class Member: Failed to add class member : Component K_U_4bitMux21 (K) J104D2C24VDC.15S
Add Class Member: Failed to add class member : Component K_U_4bitMux22 (K) J104D2C24VDC.15S
Add Class Member: Failed to add class member : Component K_U_4bitMux22 (K) J104D2C24VDC.15S
Add Class Member: Failed to add class member : Component K_U_4bitMux23 (K) J104D2C24VDC.15S
Add Class Member: Failed to add class member : Component K_U_4bitMux23 (K) J104D2C24VDC.15S
Add Class Member: Failed to add class member : Component K_U_4bitMux24 (K) J104D2C24VDC.15S
Add Class Member: Failed to add class member : Component K_U_4bitMux24 (K) J104D2C24VDC.15S
Add Class Member: Failed to add class member : Component K_U_4bitMux25 (K) J104D2C24VDC.15S
Add Class Member: Failed to add class member : Component K_U_4bitMux25 (K) J104D2C24VDC.15S
Add Class Member: Failed to add class member : Component K_U_4bitMux26 (K) J104D2C24VDC.15S
Add Class Member: Failed to add class member : Component K_U_4bitMux26 (K) J104D2C24VDC.15S
Add Class Member: Failed to add class member : Component K_U_4bitMux27 (K) J104D2C24VDC.15S
Add Class Member: Failed to add class member : Component K_U_4bitMux27 (K) J104D2C24VDC.15S
Add Class Member: Failed to add class member : Component K_U_4bitMux28 (K) J104D2C24VDC.15S
Add Class Member: Failed to add class member : Component K_U_4bitMux28 (K) J104D2C24VDC.15S
